Log file open, 04/30/19 02:52:42
LogWindows: Failed to load 'aqProf.dll' (GetLastError=126)
LogWindows: File 'aqProf.dll' does not exist
LogWindows: Failed to load 'VtuneApi.dll' (GetLastError=126)
LogWindows: File 'VtuneApi.dll' does not exist
LogWindows: Failed to load 'VtuneApi32e.dll' (GetLastError=126)
LogWindows: File 'VtuneApi32e.dll' does not exist
LogConsoleResponse: Display: Failed to find resolution value strings in scalability ini. Falling back to default.
LogInit: Display: Running engine for game: BomberMan
LogInit: Display: Project file not found: ../../../BomberMan/BomberMan.uproject
LogInit: Display: 	Attempting to find via project info helper.
LogUProjectInfo: Found projects:
LogPakFile: Registered encryption key '00000000000000000000000000000000': 0 pak files mounted, 0 remain pending
LogPakFile: Display: Found Pak file ../../../BomberMan/Content/Paks/BomberMan-WindowsNoEditor.pak attempting to mount.
LogPakFile: Display: Mounting pak file ../../../BomberMan/Content/Paks/BomberMan-WindowsNoEditor.pak.
LogPlatformFile: Not using cached read wrapper
LogTaskGraph: Started task graph with 5 named threads and 23 total threads with 3 sets of task threads.
LogStats: Stats thread started at 0.262577
LogD3D11RHI: Loaded GFSDK_Aftermath_Lib.x64.dll
LogICUInternationalization: ICU TimeZone Detection - Raw Offset: +1:00, Platform Override: ''
LogPluginManager: Mounting plugin Paper2D
LogPluginManager: Mounting plugin AISupport
LogPluginManager: Mounting plugin LightPropagationVolume
LogPluginManager: Mounting plugin AnimationSharing
LogPluginManager: Mounting plugin SignificanceManager
LogPluginManager: Mounting plugin AssetManagerEditor
LogPluginManager: Mounting plugin CryptoKeys
LogPluginManager: Mounting plugin FacialAnimation
LogPluginManager: Mounting plugin DatasmithContent
LogPluginManager: Mounting plugin VariantManagerContent
LogPluginManager: Mounting plugin AlembicImporter
LogPluginManager: Mounting plugin GeometryCache
LogPluginManager: Mounting plugin AppleImageUtils
LogPluginManager: Mounting plugin AppleVision
LogPluginManager: Mounting plugin BackChannel
LogPluginManager: Mounting plugin CharacterAI
LogPluginManager: Mounting plugin HTML5Networking
LogPluginManager: Mounting plugin AvfMedia
LogPluginManager: Mounting plugin ImgMedia
LogPluginManager: Mounting plugin LinearTimecode
LogPluginManager: Mounting plugin MediaCompositing
LogPluginManager: Mounting plugin WmfMedia
LogPluginManager: Mounting plugin TcpMessaging
LogPluginManager: Mounting plugin UdpMessaging
LogPluginManager: Mounting plugin ActorSequence
LogPluginManager: Mounting plugin NetcodeUnitTest
LogPluginManager: Mounting plugin NUTUnrealEngine4
LogPluginManager: Mounting plugin OnlineSubsystemNull
LogPluginManager: Mounting plugin OnlineSubsystem
LogPluginManager: Mounting plugin OnlineSubsystemUtils
LogPluginManager: Mounting plugin LauncherChunkInstaller
LogPluginManager: Mounting plugin AndroidPermission
LogPluginManager: Mounting plugin ArchVisCharacter
LogPluginManager: Mounting plugin AudioCapture
LogPluginManager: Mounting plugin CableComponent
LogPluginManager: Mounting plugin CustomMeshComponent
LogPluginManager: Mounting plugin EditableMesh
LogPluginManager: Mounting plugin ExampleDeviceProfileSelector
LogPluginManager: Mounting plugin LocationServicesBPLibrary
LogPluginManager: Mounting plugin MobilePatchingUtils
LogPluginManager: Mounting plugin OculusVR
LogPluginManager: Mounting plugin ProceduralMeshComponent
LogPluginManager: Mounting plugin PhysXVehicles
LogPluginManager: Mounting plugin RuntimePhysXCooking
LogPluginManager: Mounting plugin SteamVR
LogPluginManager: Mounting plugin WebMMoviePlayer
LogPluginManager: Mounting plugin WebMMedia
LogPluginManager: Mounting plugin WindowsMoviePlayer
LogInit: Using libcurl 7.55.1-DEV
LogInit:  - built for x86_64-pc-win32
LogInit:  - supports SSL with OpenSSL/1.1.1
LogInit:  - supports HTTP deflate (compression) using libz 1.2.8
LogInit:  - other features:
LogInit:      CURL_VERSION_SSL
LogInit:      CURL_VERSION_LIBZ
LogInit:      CURL_VERSION_IPV6
LogInit:      CURL_VERSION_ASYNCHDNS
LogInit:      CURL_VERSION_LARGEFILE
LogInit:      CURL_VERSION_IDN
LogInit:  CurlRequestOptions (configurable via config and command line):
LogInit:  - bVerifyPeer = true  - Libcurl will verify peer certificate
LogInit:  - bUseHttpProxy = false  - Libcurl will NOT use HTTP proxy
LogInit:  - bDontReuseConnections = false  - Libcurl will reuse connections
LogInit:  - MaxHostConnections = 16  - Libcurl will limit the number of connections to a host
LogInit:  - LocalHostAddr = Default
LogInit:  - BufferSize = 65536
LogInit: WinSock: version 1.1 (2.2), MaxSocks=32767, MaxUdp=65467
LogInit: Build: ++UE4+Release-4.22-CL-6063286
LogInit: Engine Version: 4.22.1-6063286+++UE4+Release-4.22
LogInit: Compatible Engine Version: 4.22.0-5660361+++UE4+Release-4.22
LogInit: Net CL: 5660361
LogInit: OS: Windows 10 (Release 1809) (), CPU: Intel(R) Core(TM) i7-4720HQ CPU @ 2.60GHz, GPU: Intel(R) HD Graphics 4600
LogInit: Compiled (64-bit): Apr 24 2019 04:55:34
LogInit: Compiled with Visual C++: 19.16.27025.01
LogInit: Build Configuration: Development
LogInit: Branch Name: ++UE4+Release-4.22
LogInit: Command Line: 
LogInit: Base Directory: D:/Bomberman/BomberMan/Release/WindowsNoEditor/Engine/Binaries/Win64/
LogInit: Installed Engine Build: 0
LogDevObjectVersion: Number of dev versions registered: 23
LogDevObjectVersion:   Dev-Blueprints (B0D832E4-1F89-4F0D-ACCF-7EB736FD4AA2): 10
LogDevObjectVersion:   Dev-Build (E1C64328-A22C-4D53-A36C-8E866417BD8C): 0
LogDevObjectVersion:   Dev-Core (375EC13C-06E4-48FB-B500-84F0262A717E): 3
LogDevObjectVersion:   Dev-Editor (E4B068ED-F494-42E9-A231-DA0B2E46BB41): 30
LogDevObjectVersion:   Dev-Framework (CFFC743F-43B0-4480-9391-14DF171D2073): 35
LogDevObjectVersion:   Dev-Mobile (B02B49B5-BB20-44E9-A304-32B752E40360): 2
LogDevObjectVersion:   Dev-Networking (A4E4105C-59A1-49B5-A7C5-40C4547EDFEE): 0
LogDevObjectVersion:   Dev-Online (39C831C9-5AE6-47DC-9A44-9C173E1C8E7C): 0
LogDevObjectVersion:   Dev-Physics (78F01B33-EBEA-4F98-B9B4-84EACCB95AA2): 0
LogDevObjectVersion:   Dev-Platform (6631380F-2D4D-43E0-8009-CF276956A95A): 0
LogDevObjectVersion:   Dev-Rendering (12F88B9F-8875-4AFC-A67C-D90C383ABD29): 28
LogDevObjectVersion:   Dev-Sequencer (7B5AE74C-D270-4C10-A958-57980B212A5A): 11
LogDevObjectVersion:   Dev-VR (D7296918-1DD6-4BDD-9DE2-64A83CC13884): 2
LogDevObjectVersion:   Dev-LoadTimes (C2A15278-BFE7-4AFE-6C17-90FF531DF755): 1
LogDevObjectVersion:   Private-Geometry (6EACA3D4-40EC-4CC1-B786-8BED09428FC5): 3
LogDevObjectVersion:   Dev-AnimPhys (29E575DD-E0A3-4627-9D10-D276232CDCEA): 17
LogDevObjectVersion:   Dev-Anim (AF43A65D-7FD3-4947-9873-3E8ED9C1BB05): 2
LogDevObjectVersion:   Dev-ReflectionCapture (6B266CEC-1EC7-4B8F-A30B-E4D90942FC07): 1
LogDevObjectVersion:   Dev-Automation (0DF73D61-A23F-47EA-B727-89E90C41499A): 1
LogDevObjectVersion:   FortniteMain (601D1886-AC64-4F84-AA16-D3DE0DEAC7D6): 25
LogDevObjectVersion:   Dev-Enterprise (9DFFBCD6-494F-0158-E221-12823C92A888): 6
LogDevObjectVersion:   Dev-Niagara (F2AED0AC-9AFE-416F-8664-AA7FFA26D6FC): 1
LogDevObjectVersion:   Dev-Destruction (174F1F0B-B4C6-45A5-B13F-2EE8D0FB917D): 2
LogInit: Presizing for max 2097152 objects, including 1 objects not considered by GC, pre-allocating 0 bytes for permanent pool.
LogStreaming: Display: Async Loading initialized: Event Driven Loader: true, Async Loading Thread: false, Async Post Load: true
LogInit: Object subsystem initialized
LogConfig: Setting CVar [[con.DebugEarlyDefault:1]]
LogConfig: Setting CVar [[r.setres:1280x720]]
[2019.04.30-00.52.43:031][  0]LogConfig: Setting CVar [[con.DebugEarlyDefault:1]]
[2019.04.30-00.52.43:031][  0]LogConfig: Setting CVar [[r.setres:1280x720]]
[2019.04.30-00.52.43:031][  0]LogConfig: Applying CVar settings from Section [/Script/Engine.RendererSettings] File [../../../BomberMan/Saved/Config/WindowsNoEditor/Engine.ini]
[2019.04.30-00.52.43:031][  0]LogConfig: Setting CVar [[r.GPUCrashDebugging:0]]
[2019.04.30-00.52.43:031][  0]LogConfig: Setting CVar [[r.DefaultFeature.AutoExposure.ExtendDefaultLuminanceRange:1]]
[2019.04.30-00.52.43:031][  0]LogConfig: Applying CVar settings from Section [/Script/Engine.RendererOverrideSettings] File [../../../BomberMan/Saved/Config/WindowsNoEditor/Engine.ini]
[2019.04.30-00.52.43:031][  0]LogConfig: Applying CVar settings from Section [/Script/Engine.StreamingSettings] File [../../../BomberMan/Saved/Config/WindowsNoEditor/Engine.ini]
[2019.04.30-00.52.43:031][  0]LogConfig: Setting CVar [[s.MinBulkDataSizeForAsyncLoading:131072]]
[2019.04.30-00.52.43:031][  0]LogConfig: Setting CVar [[s.AsyncLoadingThreadEnabled:0]]
[2019.04.30-00.52.43:031][  0]LogConfig: Setting CVar [[s.EventDrivenLoaderEnabled:1]]
[2019.04.30-00.52.43:031][  0]LogConfig: Setting CVar [[s.WarnIfTimeLimitExceeded:0]]
[2019.04.30-00.52.43:031][  0]LogConfig: Setting CVar [[s.TimeLimitExceededMultiplier:1.5]]
[2019.04.30-00.52.43:031][  0]LogConfig: Setting CVar [[s.TimeLimitExceededMinTime:0.005]]
[2019.04.30-00.52.43:031][  0]LogConfig: Setting CVar [[s.UseBackgroundLevelStreaming:1]]
[2019.04.30-00.52.43:031][  0]LogConfig: Setting CVar [[s.PriorityAsyncLoadingExtraTime:15.0]]
[2019.04.30-00.52.43:031][  0]LogConfig: Setting CVar [[s.LevelStreamingActorsUpdateTimeLimit:5.0]]
[2019.04.30-00.52.43:031][  0]LogConfig: Setting CVar [[s.PriorityLevelStreamingActorsUpdateExtraTime:5.0]]
[2019.04.30-00.52.43:031][  0]LogConfig: Setting CVar [[s.LevelStreamingComponentsRegistrationGranularity:10]]
[2019.04.30-00.52.43:031][  0]LogConfig: Setting CVar [[s.UnregisterComponentsTimeLimit:1.0]]
[2019.04.30-00.52.43:031][  0]LogConfig: Setting CVar [[s.LevelStreamingComponentsUnregistrationGranularity:5]]
[2019.04.30-00.52.43:031][  0]LogConfig: Applying CVar settings from Section [/Script/Engine.GarbageCollectionSettings] File [../../../BomberMan/Saved/Config/WindowsNoEditor/Engine.ini]
[2019.04.30-00.52.43:031][  0]LogConfig: Setting CVar [[gc.MaxObjectsNotConsideredByGC:1]]
[2019.04.30-00.52.43:031][  0]LogConfig: Setting CVar [[gc.SizeOfPermanentObjectPool:0]]
[2019.04.30-00.52.43:031][  0]LogConfig: Setting CVar [[gc.FlushStreamingOnGC:0]]
[2019.04.30-00.52.43:031][  0]LogConfig: Setting CVar [[gc.NumRetriesBeforeForcingGC:10]]
[2019.04.30-00.52.43:031][  0]LogConfig: Setting CVar [[gc.AllowParallelGC:1]]
[2019.04.30-00.52.43:031][  0]LogConfig: Setting CVar [[gc.TimeBetweenPurgingPendingKillObjects:61.1]]
[2019.04.30-00.52.43:031][  0]LogConfig: Setting CVar [[gc.MaxObjectsInEditor:16777216]]
[2019.04.30-00.52.43:031][  0]LogConfig: Setting CVar [[gc.IncrementalBeginDestroyEnabled:1]]
[2019.04.30-00.52.43:031][  0]LogConfig: Setting CVar [[gc.CreateGCClusters:1]]
[2019.04.30-00.52.43:031][  0]LogConfig: Setting CVar [[gc.MinGCClusterSize:5]]
[2019.04.30-00.52.43:031][  0]LogConfig: Setting CVar [[gc.ActorClusteringEnabled:0]]
[2019.04.30-00.52.43:031][  0]LogConfig: Setting CVar [[gc.BlueprintClusteringEnabled:0]]
[2019.04.30-00.52.43:031][  0]LogConfig: Setting CVar [[gc.UseDisregardForGCOnDedicatedServers:0]]
[2019.04.30-00.52.43:031][  0]LogConfig: Applying CVar settings from Section [/Script/Engine.NetworkSettings] File [../../../BomberMan/Saved/Config/WindowsNoEditor/Engine.ini]
[2019.04.30-00.52.43:041][  0]LogConfig: Applying CVar settings from Section [ViewDistanceQuality@3] File [../../../BomberMan/Saved/Config/WindowsNoEditor/Scalability.ini]
[2019.04.30-00.52.43:041][  0]LogConfig: Setting CVar [[r.SkeletalMeshLODBias:0]]
[2019.04.30-00.52.43:041][  0]LogConfig: Setting CVar [[r.ViewDistanceScale:1.0]]
[2019.04.30-00.52.43:041][  0]LogConfig: Applying CVar settings from Section [AntiAliasingQuality@3] File [../../../BomberMan/Saved/Config/WindowsNoEditor/Scalability.ini]
[2019.04.30-00.52.43:041][  0]LogConfig: Setting CVar [[r.PostProcessAAQuality:4]]
[2019.04.30-00.52.43:041][  0]LogConfig: Applying CVar settings from Section [ShadowQuality@3] File [../../../BomberMan/Saved/Config/WindowsNoEditor/Scalability.ini]
[2019.04.30-00.52.43:041][  0]LogConfig: Setting CVar [[r.LightFunctionQuality:1]]
[2019.04.30-00.52.43:041][  0]LogConfig: Setting CVar [[r.ShadowQuality:5]]
[2019.04.30-00.52.43:041][  0]LogConfig: Setting CVar [[r.Shadow.CSM.MaxCascades:10]]
[2019.04.30-00.52.43:041][  0]LogConfig: Setting CVar [[r.Shadow.MaxResolution:2048]]
[2019.04.30-00.52.43:041][  0]LogConfig: Setting CVar [[r.Shadow.MaxCSMResolution:2048]]
[2019.04.30-00.52.43:041][  0]LogConfig: Setting CVar [[r.Shadow.RadiusThreshold:0.01]]
[2019.04.30-00.52.43:041][  0]LogConfig: Setting CVar [[r.Shadow.DistanceScale:1.0]]
[2019.04.30-00.52.43:041][  0]LogConfig: Setting CVar [[r.Shadow.CSM.TransitionScale:1.0]]
[2019.04.30-00.52.43:041][  0]LogConfig: Setting CVar [[r.Shadow.PreShadowResolutionFactor:1.0]]
[2019.04.30-00.52.43:041][  0]LogConfig: Setting CVar [[r.DistanceFieldShadowing:1]]
[2019.04.30-00.52.43:041][  0]LogConfig: Setting CVar [[r.DistanceFieldAO:1]]
[2019.04.30-00.52.43:041][  0]LogConfig: Setting CVar [[r.AOQuality:2]]
[2019.04.30-00.52.43:041][  0]LogConfig: Setting CVar [[r.VolumetricFog:1]]
[2019.04.30-00.52.43:041][  0]LogConfig: Setting CVar [[r.VolumetricFog.GridPixelSize:8]]
[2019.04.30-00.52.43:041][  0]LogConfig: Setting CVar [[r.VolumetricFog.GridSizeZ:128]]
[2019.04.30-00.52.43:041][  0]LogConfig: Setting CVar [[r.VolumetricFog.HistoryMissSupersampleCount:4]]
[2019.04.30-00.52.43:041][  0]LogConfig: Setting CVar [[r.LightMaxDrawDistanceScale:1]]
[2019.04.30-00.52.43:041][  0]LogConfig: Setting CVar [[r.CapsuleShadows:1]]
[2019.04.30-00.52.43:041][  0]LogConfig: Applying CVar settings from Section [PostProcessQuality@3] File [../../../BomberMan/Saved/Config/WindowsNoEditor/Scalability.ini]
[2019.04.30-00.52.43:041][  0]LogConfig: Setting CVar [[r.MotionBlurQuality:4]]
[2019.04.30-00.52.43:041][  0]LogConfig: Setting CVar [[r.AmbientOcclusionMipLevelFactor:0.4]]
[2019.04.30-00.52.43:041][  0]LogConfig: Setting CVar [[r.AmbientOcclusionMaxQuality:100]]
[2019.04.30-00.52.43:041][  0]LogConfig: Setting CVar [[r.AmbientOcclusionLevels:-1]]
[2019.04.30-00.52.43:041][  0]LogConfig: Setting CVar [[r.AmbientOcclusionRadiusScale:1.0]]
[2019.04.30-00.52.43:041][  0]LogConfig: Setting CVar [[r.DepthOfFieldQuality:2]]
[2019.04.30-00.52.43:041][  0]LogConfig: Setting CVar [[r.RenderTargetPoolMin:400]]
[2019.04.30-00.52.43:042][  0]LogConfig: Setting CVar [[r.LensFlareQuality:2]]
[2019.04.30-00.52.43:042][  0]LogConfig: Setting CVar [[r.SceneColorFringeQuality:1]]
[2019.04.30-00.52.43:042][  0]LogConfig: Setting CVar [[r.EyeAdaptationQuality:2]]
[2019.04.30-00.52.43:042][  0]LogConfig: Setting CVar [[r.BloomQuality:5]]
[2019.04.30-00.52.43:042][  0]LogConfig: Setting CVar [[r.FastBlurThreshold:100]]
[2019.04.30-00.52.43:042][  0]LogConfig: Setting CVar [[r.Upscale.Quality:3]]
[2019.04.30-00.52.43:042][  0]LogConfig: Setting CVar [[r.Tonemapper.GrainQuantization:1]]
[2019.04.30-00.52.43:042][  0]LogConfig: Setting CVar [[r.LightShaftQuality:1]]
[2019.04.30-00.52.43:042][  0]LogConfig: Setting CVar [[r.Filter.SizeScale:1]]
[2019.04.30-00.52.43:042][  0]LogConfig: Setting CVar [[r.Tonemapper.Quality:5]]
[2019.04.30-00.52.43:042][  0]LogConfig: Setting CVar [[r.DOF.Gather.AccumulatorQuality:1        ; higher gathering accumulator quality]]
[2019.04.30-00.52.43:042][  0]LogConfig: Setting CVar [[r.DOF.Gather.PostfilterMethod:1          ; Median3x3 postfilering method]]
[2019.04.30-00.52.43:042][  0]LogConfig: Setting CVar [[r.DOF.Gather.EnableBokehSettings:0       ; no bokeh simulation when gathering]]
[2019.04.30-00.52.43:042][  0]LogConfig: Setting CVar [[r.DOF.Gather.RingCount:4                 ; medium number of samples when gathering]]
[2019.04.30-00.52.43:042][  0]LogConfig: Setting CVar [[r.DOF.Scatter.ForegroundCompositing:1    ; additive foreground scattering]]
[2019.04.30-00.52.43:042][  0]LogConfig: Setting CVar [[r.DOF.Scatter.BackgroundCompositing:2    ; additive background scattering]]
[2019.04.30-00.52.43:042][  0]LogConfig: Setting CVar [[r.DOF.Scatter.EnableBokehSettings:1      ; bokeh simulation when scattering]]
[2019.04.30-00.52.43:042][  0]LogConfig: Setting CVar [[r.DOF.Scatter.MaxSpriteRatio:0.1         ; only a maximum of 10% of scattered bokeh]]
[2019.04.30-00.52.43:042][  0]LogConfig: Setting CVar [[r.DOF.Recombine.Quality:1                ; cheap slight out of focus]]
[2019.04.30-00.52.43:042][  0]LogConfig: Setting CVar [[r.DOF.Recombine.EnableBokehSettings:0    ; no bokeh simulation on slight out of focus]]
[2019.04.30-00.52.43:042][  0]LogConfig: Setting CVar [[r.DOF.TemporalAAQuality:1                ; more stable temporal accumulation]]
[2019.04.30-00.52.43:042][  0]LogConfig: Setting CVar [[r.DOF.Kernel.MaxForegroundRadius:0.025]]
[2019.04.30-00.52.43:042][  0]LogConfig: Setting CVar [[r.DOF.Kernel.MaxBackgroundRadius:0.025]]
[2019.04.30-00.52.43:042][  0]LogConfig: Applying CVar settings from Section [TextureQuality@3] File [../../../BomberMan/Saved/Config/WindowsNoEditor/Scalability.ini]
[2019.04.30-00.52.43:042][  0]LogConfig: Setting CVar [[r.Streaming.MipBias:0]]
[2019.04.30-00.52.43:042][  0]LogConfig: Setting CVar [[r.Streaming.AmortizeCPUToGPUCopy:0]]
[2019.04.30-00.52.43:042][  0]LogConfig: Setting CVar [[r.Streaming.MaxNumTexturesToStreamPerFrame:0]]
[2019.04.30-00.52.43:042][  0]LogConfig: Setting CVar [[r.Streaming.Boost:1]]
[2019.04.30-00.52.43:042][  0]LogConfig: Setting CVar [[r.MaxAnisotropy:8]]
[2019.04.30-00.52.43:042][  0]LogConfig: Setting CVar [[r.Streaming.LimitPoolSizeToVRAM:0]]
[2019.04.30-00.52.43:042][  0]LogConfig: Setting CVar [[r.Streaming.PoolSize:1000]]
[2019.04.30-00.52.43:042][  0]LogConfig: Setting CVar [[r.Streaming.MaxEffectiveScreenSize:0]]
[2019.04.30-00.52.43:042][  0]LogConfig: Applying CVar settings from Section [EffectsQuality@3] File [../../../BomberMan/Saved/Config/WindowsNoEditor/Scalability.ini]
[2019.04.30-00.52.43:042][  0]LogConfig: Setting CVar [[r.TranslucencyLightingVolumeDim:64]]
[2019.04.30-00.52.43:042][  0]LogConfig: Setting CVar [[r.RefractionQuality:2]]
[2019.04.30-00.52.43:042][  0]LogConfig: Setting CVar [[r.SSR.Quality:3]]
[2019.04.30-00.52.43:042][  0]LogConfig: Setting CVar [[r.SceneColorFormat:4]]
[2019.04.30-00.52.43:042][  0]LogConfig: Setting CVar [[r.DetailMode:2]]
[2019.04.30-00.52.43:042][  0]LogConfig: Setting CVar [[r.TranslucencyVolumeBlur:1]]
[2019.04.30-00.52.43:042][  0]LogConfig: Setting CVar [[r.MaterialQualityLevel:1 ; High quality]]
[2019.04.30-00.52.43:042][  0]LogConfig: Setting CVar [[r.SSS.Scale:1]]
[2019.04.30-00.52.43:042][  0]LogConfig: Setting CVar [[r.SSS.SampleSet:2]]
[2019.04.30-00.52.43:042][  0]LogConfig: Setting CVar [[r.SSS.Quality:1]]
[2019.04.30-00.52.43:042][  0]LogConfig: Setting CVar [[r.SSS.HalfRes:1]]
[2019.04.30-00.52.43:042][  0]LogConfig: Setting CVar [[r.EmitterSpawnRateScale:1.0]]
[2019.04.30-00.52.43:042][  0]LogConfig: Setting CVar [[r.ParticleLightQuality:2]]
[2019.04.30-00.52.43:042][  0]LogConfig: Applying CVar settings from Section [FoliageQuality@3] File [../../../BomberMan/Saved/Config/WindowsNoEditor/Scalability.ini]
[2019.04.30-00.52.43:042][  0]LogConfig: Setting CVar [[foliage.DensityScale:1.0]]
[2019.04.30-00.52.43:042][  0]LogConfig: Setting CVar [[grass.DensityScale:1.0]]
[2019.04.30-00.52.43:042][  0]LogInit: Selected Device Profile: [WindowsNoEditor]
[2019.04.30-00.52.43:042][  0]LogInit: Applying CVar settings loaded from the selected device profile: [WindowsNoEditor]
[2019.04.30-00.52.43:047][  0]LogHAL: Display: Platform has ~ 8 GB [8473591808 / 8589934592 / 8], which maps to Default [LargestMinGB=32, LargerMinGB=12, DefaultMinGB=8, SmallerMinGB=6, SmallestMinGB=0)
[2019.04.30-00.52.43:047][  0]LogInit: Going up to parent DeviceProfile [Windows]
[2019.04.30-00.52.43:047][  0]LogConfig: Setting CVar [[r.Vulkan.UseRealUBs:0		; Required until we fix HLR fall-out]]
[2019.04.30-00.52.43:047][  0]LogInit: Going up to parent DeviceProfile []
[2019.04.30-00.52.43:047][  0]LogConfig: Applying CVar settings from Section [ViewDistanceQuality@3] File [../../../BomberMan/Saved/Config/WindowsNoEditor/Scalability.ini]
[2019.04.30-00.52.43:047][  0]LogConfig: Setting CVar [[r.SkeletalMeshLODBias:0]]
[2019.04.30-00.52.43:047][  0]LogConfig: Setting CVar [[r.ViewDistanceScale:1.0]]
[2019.04.30-00.52.43:047][  0]LogConfig: Applying CVar settings from Section [AntiAliasingQuality@3] File [../../../BomberMan/Saved/Config/WindowsNoEditor/Scalability.ini]
[2019.04.30-00.52.43:047][  0]LogConfig: Setting CVar [[r.PostProcessAAQuality:4]]
[2019.04.30-00.52.43:047][  0]LogConfig: Applying CVar settings from Section [ShadowQuality@3] File [../../../BomberMan/Saved/Config/WindowsNoEditor/Scalability.ini]
[2019.04.30-00.52.43:047][  0]LogConfig: Setting CVar [[r.LightFunctionQuality:1]]
[2019.04.30-00.52.43:047][  0]LogConfig: Setting CVar [[r.ShadowQuality:5]]
[2019.04.30-00.52.43:047][  0]LogConfig: Setting CVar [[r.Shadow.CSM.MaxCascades:10]]
[2019.04.30-00.52.43:047][  0]LogConfig: Setting CVar [[r.Shadow.MaxResolution:2048]]
[2019.04.30-00.52.43:047][  0]LogConfig: Setting CVar [[r.Shadow.MaxCSMResolution:2048]]
[2019.04.30-00.52.43:047][  0]LogConfig: Setting CVar [[r.Shadow.RadiusThreshold:0.01]]
[2019.04.30-00.52.43:047][  0]LogConfig: Setting CVar [[r.Shadow.DistanceScale:1.0]]
[2019.04.30-00.52.43:047][  0]LogConfig: Setting CVar [[r.Shadow.CSM.TransitionScale:1.0]]
[2019.04.30-00.52.43:047][  0]LogConfig: Setting CVar [[r.Shadow.PreShadowResolutionFactor:1.0]]
[2019.04.30-00.52.43:047][  0]LogConfig: Setting CVar [[r.DistanceFieldShadowing:1]]
[2019.04.30-00.52.43:047][  0]LogConfig: Setting CVar [[r.DistanceFieldAO:1]]
[2019.04.30-00.52.43:047][  0]LogConfig: Setting CVar [[r.AOQuality:2]]
[2019.04.30-00.52.43:047][  0]LogConfig: Setting CVar [[r.VolumetricFog:1]]
[2019.04.30-00.52.43:047][  0]LogConfig: Setting CVar [[r.VolumetricFog.GridPixelSize:8]]
[2019.04.30-00.52.43:047][  0]LogConfig: Setting CVar [[r.VolumetricFog.GridSizeZ:128]]
[2019.04.30-00.52.43:047][  0]LogConfig: Setting CVar [[r.VolumetricFog.HistoryMissSupersampleCount:4]]
[2019.04.30-00.52.43:047][  0]LogConfig: Setting CVar [[r.LightMaxDrawDistanceScale:1]]
[2019.04.30-00.52.43:047][  0]LogConfig: Setting CVar [[r.CapsuleShadows:1]]
[2019.04.30-00.52.43:047][  0]LogConfig: Applying CVar settings from Section [PostProcessQuality@3] File [../../../BomberMan/Saved/Config/WindowsNoEditor/Scalability.ini]
[2019.04.30-00.52.43:047][  0]LogConfig: Setting CVar [[r.MotionBlurQuality:4]]
[2019.04.30-00.52.43:047][  0]LogConfig: Setting CVar [[r.AmbientOcclusionMipLevelFactor:0.4]]
[2019.04.30-00.52.43:047][  0]LogConfig: Setting CVar [[r.AmbientOcclusionMaxQuality:100]]
[2019.04.30-00.52.43:047][  0]LogConfig: Setting CVar [[r.AmbientOcclusionLevels:-1]]
[2019.04.30-00.52.43:047][  0]LogConfig: Setting CVar [[r.AmbientOcclusionRadiusScale:1.0]]
[2019.04.30-00.52.43:047][  0]LogConfig: Setting CVar [[r.DepthOfFieldQuality:2]]
[2019.04.30-00.52.43:047][  0]LogConfig: Setting CVar [[r.RenderTargetPoolMin:400]]
[2019.04.30-00.52.43:047][  0]LogConfig: Setting CVar [[r.LensFlareQuality:2]]
[2019.04.30-00.52.43:047][  0]LogConfig: Setting CVar [[r.SceneColorFringeQuality:1]]
[2019.04.30-00.52.43:047][  0]LogConfig: Setting CVar [[r.EyeAdaptationQuality:2]]
[2019.04.30-00.52.43:047][  0]LogConfig: Setting CVar [[r.BloomQuality:5]]
[2019.04.30-00.52.43:047][  0]LogConfig: Setting CVar [[r.FastBlurThreshold:100]]
[2019.04.30-00.52.43:047][  0]LogConfig: Setting CVar [[r.Upscale.Quality:3]]
[2019.04.30-00.52.43:047][  0]LogConfig: Setting CVar [[r.Tonemapper.GrainQuantization:1]]
[2019.04.30-00.52.43:047][  0]LogConfig: Setting CVar [[r.LightShaftQuality:1]]
[2019.04.30-00.52.43:047][  0]LogConfig: Setting CVar [[r.Filter.SizeScale:1]]
[2019.04.30-00.52.43:047][  0]LogConfig: Setting CVar [[r.Tonemapper.Quality:5]]
[2019.04.30-00.52.43:047][  0]LogConfig: Setting CVar [[r.DOF.Gather.AccumulatorQuality:1        ; higher gathering accumulator quality]]
[2019.04.30-00.52.43:047][  0]LogConfig: Setting CVar [[r.DOF.Gather.PostfilterMethod:1          ; Median3x3 postfilering method]]
[2019.04.30-00.52.43:047][  0]LogConfig: Setting CVar [[r.DOF.Gather.EnableBokehSettings:0       ; no bokeh simulation when gathering]]
[2019.04.30-00.52.43:048][  0]LogConfig: Setting CVar [[r.DOF.Gather.RingCount:4                 ; medium number of samples when gathering]]
[2019.04.30-00.52.43:048][  0]LogConfig: Setting CVar [[r.DOF.Scatter.ForegroundCompositing:1    ; additive foreground scattering]]
[2019.04.30-00.52.43:048][  0]LogConfig: Setting CVar [[r.DOF.Scatter.BackgroundCompositing:2    ; additive background scattering]]
[2019.04.30-00.52.43:048][  0]LogConfig: Setting CVar [[r.DOF.Scatter.EnableBokehSettings:1      ; bokeh simulation when scattering]]
[2019.04.30-00.52.43:048][  0]LogConfig: Setting CVar [[r.DOF.Scatter.MaxSpriteRatio:0.1         ; only a maximum of 10% of scattered bokeh]]
[2019.04.30-00.52.43:048][  0]LogConfig: Setting CVar [[r.DOF.Recombine.Quality:1                ; cheap slight out of focus]]
[2019.04.30-00.52.43:048][  0]LogConfig: Setting CVar [[r.DOF.Recombine.EnableBokehSettings:0    ; no bokeh simulation on slight out of focus]]
[2019.04.30-00.52.43:048][  0]LogConfig: Setting CVar [[r.DOF.TemporalAAQuality:1                ; more stable temporal accumulation]]
[2019.04.30-00.52.43:048][  0]LogConfig: Setting CVar [[r.DOF.Kernel.MaxForegroundRadius:0.025]]
[2019.04.30-00.52.43:048][  0]LogConfig: Setting CVar [[r.DOF.Kernel.MaxBackgroundRadius:0.025]]
[2019.04.30-00.52.43:048][  0]LogConfig: Applying CVar settings from Section [TextureQuality@3] File [../../../BomberMan/Saved/Config/WindowsNoEditor/Scalability.ini]
[2019.04.30-00.52.43:048][  0]LogConfig: Setting CVar [[r.Streaming.MipBias:0]]
[2019.04.30-00.52.43:048][  0]LogConfig: Setting CVar [[r.Streaming.AmortizeCPUToGPUCopy:0]]
[2019.04.30-00.52.43:048][  0]LogConfig: Setting CVar [[r.Streaming.MaxNumTexturesToStreamPerFrame:0]]
[2019.04.30-00.52.43:048][  0]LogConfig: Setting CVar [[r.Streaming.Boost:1]]
[2019.04.30-00.52.43:048][  0]LogConfig: Setting CVar [[r.MaxAnisotropy:8]]
[2019.04.30-00.52.43:048][  0]LogConfig: Setting CVar [[r.Streaming.LimitPoolSizeToVRAM:0]]
[2019.04.30-00.52.43:048][  0]LogConfig: Setting CVar [[r.Streaming.PoolSize:1000]]
[2019.04.30-00.52.43:048][  0]LogConfig: Setting CVar [[r.Streaming.MaxEffectiveScreenSize:0]]
[2019.04.30-00.52.43:048][  0]LogConfig: Applying CVar settings from Section [EffectsQuality@3] File [../../../BomberMan/Saved/Config/WindowsNoEditor/Scalability.ini]
[2019.04.30-00.52.43:048][  0]LogConfig: Setting CVar [[r.TranslucencyLightingVolumeDim:64]]
[2019.04.30-00.52.43:048][  0]LogConfig: Setting CVar [[r.RefractionQuality:2]]
[2019.04.30-00.52.43:048][  0]LogConfig: Setting CVar [[r.SSR.Quality:3]]
[2019.04.30-00.52.43:048][  0]LogConfig: Setting CVar [[r.SceneColorFormat:4]]
[2019.04.30-00.52.43:048][  0]LogConfig: Setting CVar [[r.DetailMode:2]]
[2019.04.30-00.52.43:048][  0]LogConfig: Setting CVar [[r.TranslucencyVolumeBlur:1]]
[2019.04.30-00.52.43:048][  0]LogConfig: Setting CVar [[r.MaterialQualityLevel:1 ; High quality]]
[2019.04.30-00.52.43:048][  0]LogConfig: Setting CVar [[r.SSS.Scale:1]]
[2019.04.30-00.52.43:048][  0]LogConfig: Setting CVar [[r.SSS.SampleSet:2]]
[2019.04.30-00.52.43:048][  0]LogConfig: Setting CVar [[r.SSS.Quality:1]]
[2019.04.30-00.52.43:048][  0]LogConfig: Setting CVar [[r.SSS.HalfRes:1]]
[2019.04.30-00.52.43:048][  0]LogConfig: Setting CVar [[r.EmitterSpawnRateScale:1.0]]
[2019.04.30-00.52.43:048][  0]LogConfig: Setting CVar [[r.ParticleLightQuality:2]]
[2019.04.30-00.52.43:048][  0]LogConfig: Applying CVar settings from Section [FoliageQuality@3] File [../../../BomberMan/Saved/Config/WindowsNoEditor/Scalability.ini]
[2019.04.30-00.52.43:048][  0]LogConfig: Setting CVar [[foliage.DensityScale:1.0]]
[2019.04.30-00.52.43:048][  0]LogConfig: Setting CVar [[grass.DensityScale:1.0]]
[2019.04.30-00.52.43:048][  0]LogConfig: Applying CVar settings from Section [Startup] File [../../../Engine/Config/ConsoleVariables.ini]
[2019.04.30-00.52.43:048][  0]LogConfig: Setting CVar [[net.UseAdaptiveNetUpdateFrequency:0]]
[2019.04.30-00.52.43:048][  0]LogConfig: Setting CVar [[p.chaos.AllowCreatePhysxBodies:1]]
[2019.04.30-00.52.43:048][  0]LogConfig: Applying CVar settings from Section [ConsoleVariables] File [../../../BomberMan/Saved/Config/WindowsNoEditor/Engine.ini]
[2019.04.30-00.52.43:048][  0]LogInit: Computer: DOMINHHIEU
[2019.04.30-00.52.43:048][  0]LogInit: User: dominhhieu
[2019.04.30-00.52.43:048][  0]LogInit: CPU Page size=4096, Cores=4
[2019.04.30-00.52.43:048][  0]LogInit: High frequency timer resolution =10.000000 MHz
[2019.04.30-00.52.43:049][  0]LogMemory: Memory total: Physical=7.9GB (8GB approx)
[2019.04.30-00.52.43:049][  0]LogMemory: Platform Memory Stats for WindowsNoEditor
[2019.04.30-00.52.43:049][  0]LogMemory: Process Physical Memory: 53.45 MB used, 53.46 MB peak
[2019.04.30-00.52.43:049][  0]LogMemory: Process Virtual Memory: 66.27 MB used, 66.27 MB peak
[2019.04.30-00.52.43:049][  0]LogMemory: Physical Memory: 4535.66 MB used,  3545.39 MB free, 8081.05 MB total
[2019.04.30-00.52.43:049][  0]LogMemory: Virtual Memory: 4445.58 MB used,  134213280.00 MB free, 134217728.00 MB total
[2019.04.30-00.52.43:231][  0]LogInit: Using OS detected language (en-US).
[2019.04.30-00.52.43:231][  0]LogInit: Using OS detected locale (en-US).
[2019.04.30-00.52.43:231][  0]LogTextLocalizationManager: No specific localization for 'en-US' exists, so the 'en' localization will be used.
[2019.04.30-00.52.43:268][  0]LogSlate: New Slate User Created.  User Index 0, Is Virtual User: 0
[2019.04.30-00.52.43:268][  0]LogSlate: Slate User Registered.  User Index 0, Is Virtual User: 0
[2019.04.30-00.52.43:293][  0]LogHMD: Failed to initialize OpenVR with code 110
[2019.04.30-00.52.43:294][  0]LogD3D11RHI: D3D11 adapters:
[2019.04.30-00.52.43:376][  0]LogD3D11RHI:    0. 'NVIDIA GeForce GTX 950M' (Feature Level 11_0)
[2019.04.30-00.52.43:376][  0]LogD3D11RHI:       4055/0/4040 MB DedicatedVideo/DedicatedSystem/SharedSystem, Outputs:2, VendorId:0x10de
[2019.04.30-00.52.43:383][  0]LogD3D11RHI:    1. 'Intel(R) HD Graphics 4600' (Feature Level 11_0)
[2019.04.30-00.52.43:383][  0]LogD3D11RHI:       112/0/2048 MB DedicatedVideo/DedicatedSystem/SharedSystem, Outputs:0, VendorId:0x8086
[2019.04.30-00.52.43:385][  0]LogD3D11RHI:    2. 'Microsoft Basic Render Driver' (Feature Level 11_0)
[2019.04.30-00.52.43:385][  0]LogD3D11RHI:       0/0/4040 MB DedicatedVideo/DedicatedSystem/SharedSystem, Outputs:0, VendorId:0x1414
[2019.04.30-00.52.43:385][  0]LogD3D11RHI: Chosen D3D11 Adapter: 0
[2019.04.30-00.52.43:400][  0]LogD3D11RHI: Creating new Direct3DDevice
[2019.04.30-00.52.43:400][  0]LogD3D11RHI:     GPU DeviceId: 0x139a (for the marketing name, search the web for "GPU Device Id")
[2019.04.30-00.52.43:400][  0]LogWindows: EnumDisplayDevices:
[2019.04.30-00.52.43:400][  0]LogWindows:    0. 'Intel(R) HD Graphics 4600' (P:1 D:1)
[2019.04.30-00.52.43:401][  0]LogWindows:    1. 'Intel(R) HD Graphics 4600' (P:0 D:1)
[2019.04.30-00.52.43:401][  0]LogWindows:    2. 'Intel(R) HD Graphics 4600' (P:0 D:0)
[2019.04.30-00.52.43:401][  0]LogWindows: DebugString: PrimaryIsNotTheChoosenAdapter PrimaryIsNotTheChoosenAdapter PrimaryIsNotTheChoosenAdapter FoundDriverCount:0 
[2019.04.30-00.52.43:402][  0]LogD3D11RHI:     Adapter Name: NVIDIA GeForce GTX 950M
[2019.04.30-00.52.43:402][  0]LogD3D11RHI:   Driver Version: Unknown (internal:Unknown, unified:Unknown)
[2019.04.30-00.52.43:402][  0]LogD3D11RHI:      Driver Date: Unknown
[2019.04.30-00.52.43:402][  0]LogRHI: Texture pool is 2839 MB (70% of 4055 MB)
[2019.04.30-00.52.43:454][  0]LogD3D11RHI: Async texture creation enabled
[2019.04.30-00.52.43:475][  0]LogRendererCore: FGlobalReadBuffer::InitRHI
[2019.04.30-00.52.43:475][  0]LogRendererCore: FGlobalReadBuffer::InitRHI
[2019.04.30-00.52.43:475][  0]LogRendererCore: FGlobalReadBuffer::InitRHI
[2019.04.30-00.52.43:482][  0]LogD3D11RHI: GPU Timing Frequency: 1000.000000 (Debug: 2 1)
[2019.04.30-00.52.43:484][  0]LogShaderLibrary: Display: Failed to load Shared Shader Library: Global and no native library supported.
[2019.04.30-00.52.43:484][  0]LogShaderLibrary: Display: Failed to load Shared Shader Library: Global_SC and no native library supported.
[2019.04.30-00.52.43:484][  0]LogShaderLibrary: Display: Failed to load Shared Shader Library: Paper2D and no native library supported.
[2019.04.30-00.52.43:484][  0]LogShaderLibrary: Display: Failed to load Shared Shader Library: Paper2D_SC and no native library supported.
[2019.04.30-00.52.43:484][  0]LogShaderLibrary: Display: Failed to load Shared Shader Library: Paper2D and no native library supported.
[2019.04.30-00.52.43:484][  0]LogShaderLibrary: Display: Failed to load Shared Shader Library: Paper2D_SC and no native library supported.
[2019.04.30-00.52.43:484][  0]LogShaderLibrary: Display: Failed to load Shared Shader Library: AnimationSharing and no native library supported.
[2019.04.30-00.52.43:484][  0]LogShaderLibrary: Display: Failed to load Shared Shader Library: AnimationSharing_SC and no native library supported.
[2019.04.30-00.52.43:484][  0]LogShaderLibrary: Display: Failed to load Shared Shader Library: AnimationSharing and no native library supported.
[2019.04.30-00.52.43:484][  0]LogShaderLibrary: Display: Failed to load Shared Shader Library: AnimationSharing_SC and no native library supported.
[2019.04.30-00.52.43:484][  0]LogShaderLibrary: Display: Failed to load Shared Shader Library: CryptoKeys and no native library supported.
[2019.04.30-00.52.43:484][  0]LogShaderLibrary: Display: Failed to load Shared Shader Library: CryptoKeys_SC and no native library supported.
[2019.04.30-00.52.43:484][  0]LogShaderLibrary: Display: Failed to load Shared Shader Library: CryptoKeys and no native library supported.
[2019.04.30-00.52.43:484][  0]LogShaderLibrary: Display: Failed to load Shared Shader Library: CryptoKeys_SC and no native library supported.
[2019.04.30-00.52.43:484][  0]LogShaderLibrary: Display: Failed to load Shared Shader Library: DatasmithContent and no native library supported.
[2019.04.30-00.52.43:484][  0]LogShaderLibrary: Display: Failed to load Shared Shader Library: DatasmithContent_SC and no native library supported.
[2019.04.30-00.52.43:484][  0]LogShaderLibrary: Display: Failed to load Shared Shader Library: DatasmithContent and no native library supported.
[2019.04.30-00.52.43:484][  0]LogShaderLibrary: Display: Failed to load Shared Shader Library: DatasmithContent_SC and no native library supported.
[2019.04.30-00.52.43:485][  0]LogShaderLibrary: Display: Failed to load Shared Shader Library: MediaCompositing and no native library supported.
[2019.04.30-00.52.43:485][  0]LogShaderLibrary: Display: Failed to load Shared Shader Library: MediaCompositing_SC and no native library supported.
[2019.04.30-00.52.43:485][  0]LogShaderLibrary: Display: Failed to load Shared Shader Library: MediaCompositing and no native library supported.
[2019.04.30-00.52.43:485][  0]LogShaderLibrary: Display: Failed to load Shared Shader Library: MediaCompositing_SC and no native library supported.
[2019.04.30-00.52.43:485][  0]LogShaderLibrary: Display: Failed to load Shared Shader Library: OculusVR and no native library supported.
[2019.04.30-00.52.43:485][  0]LogShaderLibrary: Display: Failed to load Shared Shader Library: OculusVR_SC and no native library supported.
[2019.04.30-00.52.43:485][  0]LogShaderLibrary: Display: Failed to load Shared Shader Library: OculusVR and no native library supported.
[2019.04.30-00.52.43:485][  0]LogShaderLibrary: Display: Failed to load Shared Shader Library: OculusVR_SC and no native library supported.
[2019.04.30-00.52.43:485][  0]LogShaderLibrary: Display: Failed to load Shared Shader Library: SteamVR and no native library supported.
[2019.04.30-00.52.43:485][  0]LogShaderLibrary: Display: Failed to load Shared Shader Library: SteamVR_SC and no native library supported.
[2019.04.30-00.52.43:485][  0]LogShaderLibrary: Display: Failed to load Shared Shader Library: SteamVR and no native library supported.
[2019.04.30-00.52.43:485][  0]LogShaderLibrary: Display: Failed to load Shared Shader Library: SteamVR_SC and no native library supported.
[2019.04.30-00.52.43:503][  0]LogMaterial: Verifying Global Shaders for PCD3D_SM5
[2019.04.30-00.52.43:527][  0]LogSlate: Using FreeType 2.6.0
[2019.04.30-00.52.43:527][  0]LogSlate: SlateFontServices - WITH_FREETYPE: 1, WITH_HARFBUZZ: 1
[2019.04.30-00.52.43:585][  0]LogShaderLibrary: Display: Failed to load Shared Shader Library: BomberMan and no native library supported.
[2019.04.30-00.52.43:585][  0]LogShaderLibrary: Display: Failed to load Shared Shader Library: BomberMan_SC and no native library supported.
[2019.04.30-00.52.43:585][  0]LogRHI: Display: Opened pipeline cache after state change and enqueued 0 of 0 tasks for precompile.
[2019.04.30-00.52.43:585][  0]LogShaderLibrary: Display: Failed to load Shared Shader Library: BomberMan and no native library supported.
[2019.04.30-00.52.43:585][  0]LogShaderLibrary: Display: Failed to load Shared Shader Library: BomberMan_SC and no native library supported.
[2019.04.30-00.52.43:585][  0]LogRHI: Display: Opened pipeline cache after state change and enqueued 0 of 0 tasks for precompile.
[2019.04.30-00.52.43:585][  0]LogRHI: Display: Failed to open default shader pipeline cache for BomberMan using shader platform 0.
[2019.04.30-00.52.43:586][  0]LogInit: Using OS detected language (en-US).
[2019.04.30-00.52.43:586][  0]LogInit: Using OS detected locale (en-US).
[2019.04.30-00.52.43:586][  0]LogTextLocalizationManager: No localization for 'en-US' exists, so 'en' will be used for the language.
[2019.04.30-00.52.43:586][  0]LogTextLocalizationManager: No localization for 'en-US' exists, so 'en' will be used for the locale.
[2019.04.30-00.52.43:586][  0]LogSlate: FontCache flush requested. Reason: Culture for localization was changed
[2019.04.30-00.52.43:586][  0]LogSlate: FontCache flush requested. Reason: Culture for localization was changed
[2019.04.30-00.52.43:588][  0]LogTextLocalizationManager: Compacting localization data took   0.76ms
[2019.04.30-00.52.43:592][  0]LogAssetRegistry: FAssetRegistry took 0.0035 seconds to start up
[2019.04.30-00.52.43:721][  0]LogStreaming: Display: Flushing async loaders.
[2019.04.30-00.52.43:721][  0]LogPackageLocalizationCache: Processed 9 localized package path(s) for 1 prioritized culture(s) in 0.000090 seconds
[2019.04.30-00.52.43:721][  0]LogPakFile: New pak file ../../../BomberMan/Content/Paks/BomberMan-WindowsNoEditor.pak added to pak precacher.
[2019.04.30-00.52.43:725][  0]LogInit: Selected Device Profile: [WindowsNoEditor]
[2019.04.30-00.52.43:737][  0]LogNetVersion: BomberMan 1.0.0, NetCL: 5660361, EngineNetVer: 10, GameNetVer: 0 (Checksum: 1450052139)
[2019.04.30-00.52.43:925][  0]LogMoviePlayer: Initializing movie player
[2019.04.30-00.52.43:926][  0]LogAndroidPermission: UAndroidPermissionCallbackProxy::GetInstance
[2019.04.30-00.52.43:926][  0]LogOcInput: OculusInput pre-init called
[2019.04.30-00.52.43:932][  0]LogUObjectArray: 37890 objects as part of root set at end of initial load.
[2019.04.30-00.52.43:932][  0]LogUObjectArray: 2 objects are not in the root set, but can never be destroyed because they are in the DisregardForGC set.
[2019.04.30-00.52.43:932][  0]LogUObjectAllocator: 5787536 out of 0 bytes used by permanent object pool.
[2019.04.30-00.52.43:932][  0]LogUObjectArray: CloseDisregardForGC: 37890/37890 objects in disregard for GC pool
[2019.04.30-00.52.44:009][  0]LogEngine: Initializing Engine...
[2019.04.30-00.52.44:009][  0]LogHMD: Failed to initialize OpenVR with code 110
[2019.04.30-00.52.44:021][  0]LogStats: UGameplayTagsManager::InitializeManager -  0.000 s
[2019.04.30-00.52.44:126][  0]LogInit: Initializing FReadOnlyCVARCache
[2019.04.30-00.52.44:185][  0]LogAudioDebug: Display: Lib vorbis DLL was dynamically loaded.
[2019.04.30-00.52.44:191][  0]LogInit: XAudio2 using 'Speakers (Conexant SmartAudio HD)' : 2 channels at 48 kHz using 32 bits per sample (channel mask 0x3)
[2019.04.30-00.52.44:222][  0]LogInit: FAudioDevice initialized.
[2019.04.30-00.52.44:234][  0]LogNetVersion: Set ProjectVersion to 1.0.0.0. Version Checksum will be recalculated on next use.
[2019.04.30-00.52.44:234][  0]LogInit: Texture streaming: Enabled
[2019.04.30-00.52.44:241][  0]LogSlate: Updating window title bar state: overlay mode, drag disabled, window buttons hidden, title bar hidden
[2019.04.30-00.52.44:241][  0]LogInit: Display: Game Engine Initialized.
[2019.04.30-00.52.44:242][  0]LogInit: Display: Starting Game.
[2019.04.30-00.52.44:242][  0]LogNet: Browse: /Game/Maps/Map1?Name=Player
[2019.04.30-00.52.44:245][  0]LogLoad: LoadMap: /Game/Maps/Map1?Name=Player
[2019.04.30-00.52.44:257][  0]LogUObjectHash: Compacting FUObjectHashTables data took   2.06ms
[2019.04.30-00.52.44:309][  0]LogModelComponent: Model /Game/Maps/Map1.Map1:PersistentLevel.ModelComponent_0 has elements that reference missing vertices. MaxVertex=7, NumVertices=0
[2019.04.30-00.52.44:309][  0]LogModelComponent: Model /Game/Maps/Map1.Map1:PersistentLevel.ModelComponent_0 has elements that reference missing vertices. MaxVertex=65, NumVertices=0
[2019.04.30-00.52.44:309][  0]LogModelComponent: Model /Game/Maps/Map1.Map1:PersistentLevel.ModelComponent_0 has elements that reference missing vertices. MaxVertex=133, NumVertices=0
[2019.04.30-00.52.44:309][  0]LogModelComponent: Model /Game/Maps/Map1.Map1:PersistentLevel.ModelComponent_0 has elements that reference missing vertices. MaxVertex=133, NumVertices=0
[2019.04.30-00.52.44:309][  0]LogModelComponent: Model /Game/Maps/Map1.Map1:PersistentLevel.ModelComponent_0 has elements that reference missing vertices. MaxVertex=133, NumVertices=0
[2019.04.30-00.52.44:309][  0]LogModelComponent: Model /Game/Maps/Map1.Map1:PersistentLevel.ModelComponent_0 has elements that reference missing vertices. MaxVertex=133, NumVertices=0
[2019.04.30-00.52.44:309][  0]LogModelComponent: Model /Game/Maps/Map1.Map1:PersistentLevel.ModelComponent_0 has elements that reference missing vertices. MaxVertex=133, NumVertices=0
[2019.04.30-00.52.44:309][  0]LogModelComponent: Model /Game/Maps/Map1.Map1:PersistentLevel.ModelComponent_0 has elements that reference missing vertices. MaxVertex=137, NumVertices=0
[2019.04.30-00.52.44:309][  0]LogModelComponent: Model /Game/Maps/Map1.Map1:PersistentLevel.ModelComponent_1 has elements that reference missing vertices. MaxVertex=14, NumVertices=0
[2019.04.30-00.52.44:310][  0]LogModelComponent: Model /Game/Maps/Map1.Map1:PersistentLevel.ModelComponent_1 has elements that reference missing vertices. MaxVertex=101, NumVertices=0
[2019.04.30-00.52.44:310][  0]LogModelComponent: Model /Game/Maps/Map1.Map1:PersistentLevel.ModelComponent_1 has elements that reference missing vertices. MaxVertex=101, NumVertices=0
[2019.04.30-00.52.44:310][  0]LogModelComponent: Model /Game/Maps/Map1.Map1:PersistentLevel.ModelComponent_1 has elements that reference missing vertices. MaxVertex=101, NumVertices=0
[2019.04.30-00.52.44:310][  0]LogModelComponent: Model /Game/Maps/Map1.Map1:PersistentLevel.ModelComponent_1 has elements that reference missing vertices. MaxVertex=142, NumVertices=0
[2019.04.30-00.52.44:310][  0]LogModelComponent: Model /Game/Maps/Map1.Map1:PersistentLevel.ModelComponent_1 has elements that reference missing vertices. MaxVertex=147, NumVertices=0
[2019.04.30-00.52.44:310][  0]LogModelComponent: Model /Game/Maps/Map1.Map1:PersistentLevel.ModelComponent_2 has elements that reference missing vertices. MaxVertex=18, NumVertices=0
[2019.04.30-00.52.44:310][  0]LogModelComponent: Model /Game/Maps/Map1.Map1:PersistentLevel.ModelComponent_2 has elements that reference missing vertices. MaxVertex=33, NumVertices=0
[2019.04.30-00.52.44:310][  0]LogModelComponent: Model /Game/Maps/Map1.Map1:PersistentLevel.ModelComponent_2 has elements that reference missing vertices. MaxVertex=37, NumVertices=0
[2019.04.30-00.52.44:310][  0]LogModelComponent: Model /Game/Maps/Map1.Map1:PersistentLevel.ModelComponent_2 has elements that reference missing vertices. MaxVertex=53, NumVertices=0
[2019.04.30-00.52.44:310][  0]LogModelComponent: Model /Game/Maps/Map1.Map1:PersistentLevel.ModelComponent_2 has elements that reference missing vertices. MaxVertex=129, NumVertices=0
[2019.04.30-00.52.44:310][  0]LogModelComponent: Model /Game/Maps/Map1.Map1:PersistentLevel.ModelComponent_2 has elements that reference missing vertices. MaxVertex=129, NumVertices=0
[2019.04.30-00.52.44:310][  0]LogModelComponent: Model /Game/Maps/Map1.Map1:PersistentLevel.ModelComponent_2 has elements that reference missing vertices. MaxVertex=129, NumVertices=0
[2019.04.30-00.52.44:310][  0]LogModelComponent: Model /Game/Maps/Map1.Map1:PersistentLevel.ModelComponent_2 has elements that reference missing vertices. MaxVertex=129, NumVertices=0
[2019.04.30-00.52.44:310][  0]LogModelComponent: Model /Game/Maps/Map1.Map1:PersistentLevel.ModelComponent_2 has elements that reference missing vertices. MaxVertex=129, NumVertices=0
[2019.04.30-00.52.44:310][  0]LogModelComponent: Model /Game/Maps/Map1.Map1:PersistentLevel.ModelComponent_2 has elements that reference missing vertices. MaxVertex=129, NumVertices=0
[2019.04.30-00.52.44:310][  0]LogModelComponent: Model /Game/Maps/Map1.Map1:PersistentLevel.ModelComponent_2 has elements that reference missing vertices. MaxVertex=129, NumVertices=0
[2019.04.30-00.52.44:310][  0]LogModelComponent: Model /Game/Maps/Map1.Map1:PersistentLevel.ModelComponent_2 has elements that reference missing vertices. MaxVertex=129, NumVertices=0
[2019.04.30-00.52.44:310][  0]LogModelComponent: Model /Game/Maps/Map1.Map1:PersistentLevel.ModelComponent_3 has elements that reference missing vertices. MaxVertex=25, NumVertices=0
[2019.04.30-00.52.44:310][  0]LogModelComponent: Model /Game/Maps/Map1.Map1:PersistentLevel.ModelComponent_3 has elements that reference missing vertices. MaxVertex=29, NumVertices=0
[2019.04.30-00.52.44:310][  0]LogModelComponent: Model /Game/Maps/Map1.Map1:PersistentLevel.ModelComponent_3 has elements that reference missing vertices. MaxVertex=97, NumVertices=0
[2019.04.30-00.52.44:310][  0]LogModelComponent: Model /Game/Maps/Map1.Map1:PersistentLevel.ModelComponent_3 has elements that reference missing vertices. MaxVertex=97, NumVertices=0
[2019.04.30-00.52.44:310][  0]LogModelComponent: Model /Game/Maps/Map1.Map1:PersistentLevel.ModelComponent_3 has elements that reference missing vertices. MaxVertex=97, NumVertices=0
[2019.04.30-00.52.44:310][  0]LogModelComponent: Model /Game/Maps/Map1.Map1:PersistentLevel.ModelComponent_3 has elements that reference missing vertices. MaxVertex=97, NumVertices=0
[2019.04.30-00.52.44:310][  0]LogModelComponent: Model /Game/Maps/Map1.Map1:PersistentLevel.ModelComponent_3 has elements that reference missing vertices. MaxVertex=97, NumVertices=0
[2019.04.30-00.52.44:310][  0]LogModelComponent: Model /Game/Maps/Map1.Map1:PersistentLevel.ModelComponent_3 has elements that reference missing vertices. MaxVertex=97, NumVertices=0
[2019.04.30-00.52.44:310][  0]LogModelComponent: Model /Game/Maps/Map1.Map1:PersistentLevel.ModelComponent_3 has elements that reference missing vertices. MaxVertex=155, NumVertices=0
[2019.04.30-00.52.44:310][  0]LogModelComponent: Model /Game/Maps/Map1.Map1:PersistentLevel.ModelComponent_4 has elements that reference missing vertices. MaxVertex=159, NumVertices=0
[2019.04.30-00.52.44:313][  0]LogAIModule: Creating AISystem for world Map1
[2019.04.30-00.52.44:313][  0]LogLoad: Game class is 'GameModeBase'
[2019.04.30-00.52.44:318][  0]LogWorld: Bringing World /Game/Maps/Map1.Map1 up for play (max tick rate 0) at 2019.04.30-02.52.44
[2019.04.30-00.52.44:319][  0]LogWorld: Bringing up level for play took: 0.004671
[2019.04.30-00.52.44:319][  0]LogGameMode: FindPlayerStart: PATHS NOT DEFINED or NO PLAYERSTART with positive rating
[2019.04.30-00.52.44:322][  0]LogUMG: Display: Widget Class UIStartGame_C - Loaded Fast Template.
[2019.04.30-00.52.44:323][  0]LogLoad: Took 0.078009 seconds to LoadMap(/Game/Maps/Map1)
[2019.04.30-00.52.44:324][  0]LogSlate: Took 0.000289 seconds to synchronously load lazily loaded font '../../../Engine/Content/EngineFonts/Faces/RobotoBold.ufont' (160K)
[2019.04.30-00.52.44:352][  0]LogRenderer: Reallocating scene render targets to support 1920x1080 Format 10 NumSamples 1 (Frame:1).
[2019.04.30-00.52.44:352][  0]LogLoad: (Engine Initialization) Total time: 1.94 seconds
[2019.04.30-00.52.44:455][  0]LogContentStreaming: Texture pool size now 1000 MB
[2019.04.30-00.52.44:537][  0]LogRenderer: Reallocating scene render targets to support 128x128 Format 10 NumSamples 1 (Frame:1).
[2019.04.30-00.52.44:582][  0]LogRenderer: Reallocating scene render targets to support 1920x1080 Format 10 NumSamples 1 (Frame:2).
[2019.04.30-00.52.44:609][  0]LogSlate: Slate font cache was flushed
[2019.04.30-00.52.44:613][  1]LogSlate: Took 0.000158 seconds to synchronously load lazily loaded font '../../../Engine/Content/EngineFonts/Faces/RobotoBold.ufont' (160K)
[2019.04.30-00.53.25:881][967]LogUMG: Display: Widget Class UIEndGame_C - Loaded Fast Template.
[2019.04.30-00.53.28:879][120]LogUMG: Display: Widget Class UIResult_C - Loaded Fast Template.
[2019.04.30-00.53.28:880][120]LogPlayerController: Error: InputMode:UIOnly - Attempting to focus Non-Focusable widget SObjectWidget [Widget.cpp(710)]!
[2019.04.30-00.53.31:555][255]LogSlate: FSceneViewport::OnFocusLost() reason 0
[2019.04.30-00.53.31:695][262]LogNet: Browse: /Game/Maps/Map1
[2019.04.30-00.53.31:712][262]LogLoad: LoadMap: /Game/Maps/Map1
[2019.04.30-00.53.31:735][262]LogUObjectHash: Compacting FUObjectHashTables data took   5.38ms
[2019.04.30-00.53.31:739][262]LogStreaming: Display: Flushing async loaders.
[2019.04.30-00.53.31:795][262]LogModelComponent: Model /Game/Maps/Map1.Map1:PersistentLevel.ModelComponent_0 has elements that reference missing vertices. MaxVertex=7, NumVertices=0
[2019.04.30-00.53.31:795][262]LogModelComponent: Model /Game/Maps/Map1.Map1:PersistentLevel.ModelComponent_0 has elements that reference missing vertices. MaxVertex=65, NumVertices=0
[2019.04.30-00.53.31:795][262]LogModelComponent: Model /Game/Maps/Map1.Map1:PersistentLevel.ModelComponent_0 has elements that reference missing vertices. MaxVertex=133, NumVertices=0
[2019.04.30-00.53.31:795][262]LogModelComponent: Model /Game/Maps/Map1.Map1:PersistentLevel.ModelComponent_0 has elements that reference missing vertices. MaxVertex=133, NumVertices=0
[2019.04.30-00.53.31:795][262]LogModelComponent: Model /Game/Maps/Map1.Map1:PersistentLevel.ModelComponent_0 has elements that reference missing vertices. MaxVertex=133, NumVertices=0
[2019.04.30-00.53.31:795][262]LogModelComponent: Model /Game/Maps/Map1.Map1:PersistentLevel.ModelComponent_0 has elements that reference missing vertices. MaxVertex=133, NumVertices=0
[2019.04.30-00.53.31:795][262]LogModelComponent: Model /Game/Maps/Map1.Map1:PersistentLevel.ModelComponent_0 has elements that reference missing vertices. MaxVertex=133, NumVertices=0
[2019.04.30-00.53.31:795][262]LogModelComponent: Model /Game/Maps/Map1.Map1:PersistentLevel.ModelComponent_0 has elements that reference missing vertices. MaxVertex=137, NumVertices=0
[2019.04.30-00.53.31:795][262]LogModelComponent: Model /Game/Maps/Map1.Map1:PersistentLevel.ModelComponent_1 has elements that reference missing vertices. MaxVertex=14, NumVertices=0
[2019.04.30-00.53.31:795][262]LogModelComponent: Model /Game/Maps/Map1.Map1:PersistentLevel.ModelComponent_1 has elements that reference missing vertices. MaxVertex=101, NumVertices=0
[2019.04.30-00.53.31:795][262]LogModelComponent: Model /Game/Maps/Map1.Map1:PersistentLevel.ModelComponent_1 has elements that reference missing vertices. MaxVertex=101, NumVertices=0
[2019.04.30-00.53.31:796][262]LogModelComponent: Model /Game/Maps/Map1.Map1:PersistentLevel.ModelComponent_1 has elements that reference missing vertices. MaxVertex=101, NumVertices=0
[2019.04.30-00.53.31:796][262]LogModelComponent: Model /Game/Maps/Map1.Map1:PersistentLevel.ModelComponent_1 has elements that reference missing vertices. MaxVertex=142, NumVertices=0
[2019.04.30-00.53.31:796][262]LogModelComponent: Model /Game/Maps/Map1.Map1:PersistentLevel.ModelComponent_1 has elements that reference missing vertices. MaxVertex=147, NumVertices=0
[2019.04.30-00.53.31:796][262]LogModelComponent: Model /Game/Maps/Map1.Map1:PersistentLevel.ModelComponent_2 has elements that reference missing vertices. MaxVertex=18, NumVertices=0
[2019.04.30-00.53.31:796][262]LogModelComponent: Model /Game/Maps/Map1.Map1:PersistentLevel.ModelComponent_2 has elements that reference missing vertices. MaxVertex=33, NumVertices=0
[2019.04.30-00.53.31:796][262]LogModelComponent: Model /Game/Maps/Map1.Map1:PersistentLevel.ModelComponent_2 has elements that reference missing vertices. MaxVertex=37, NumVertices=0
[2019.04.30-00.53.31:796][262]LogModelComponent: Model /Game/Maps/Map1.Map1:PersistentLevel.ModelComponent_2 has elements that reference missing vertices. MaxVertex=53, NumVertices=0
[2019.04.30-00.53.31:796][262]LogModelComponent: Model /Game/Maps/Map1.Map1:PersistentLevel.ModelComponent_2 has elements that reference missing vertices. MaxVertex=129, NumVertices=0
[2019.04.30-00.53.31:796][262]LogModelComponent: Model /Game/Maps/Map1.Map1:PersistentLevel.ModelComponent_2 has elements that reference missing vertices. MaxVertex=129, NumVertices=0
[2019.04.30-00.53.31:796][262]LogModelComponent: Model /Game/Maps/Map1.Map1:PersistentLevel.ModelComponent_2 has elements that reference missing vertices. MaxVertex=129, NumVertices=0
[2019.04.30-00.53.31:796][262]LogModelComponent: Model /Game/Maps/Map1.Map1:PersistentLevel.ModelComponent_2 has elements that reference missing vertices. MaxVertex=129, NumVertices=0
[2019.04.30-00.53.31:796][262]LogModelComponent: Model /Game/Maps/Map1.Map1:PersistentLevel.ModelComponent_2 has elements that reference missing vertices. MaxVertex=129, NumVertices=0
[2019.04.30-00.53.31:797][262]LogModelComponent: Model /Game/Maps/Map1.Map1:PersistentLevel.ModelComponent_2 has elements that reference missing vertices. MaxVertex=129, NumVertices=0
[2019.04.30-00.53.31:797][262]LogModelComponent: Model /Game/Maps/Map1.Map1:PersistentLevel.ModelComponent_2 has elements that reference missing vertices. MaxVertex=129, NumVertices=0
[2019.04.30-00.53.31:797][262]LogModelComponent: Model /Game/Maps/Map1.Map1:PersistentLevel.ModelComponent_2 has elements that reference missing vertices. MaxVertex=129, NumVertices=0
[2019.04.30-00.53.31:797][262]LogModelComponent: Model /Game/Maps/Map1.Map1:PersistentLevel.ModelComponent_3 has elements that reference missing vertices. MaxVertex=25, NumVertices=0
[2019.04.30-00.53.31:797][262]LogModelComponent: Model /Game/Maps/Map1.Map1:PersistentLevel.ModelComponent_3 has elements that reference missing vertices. MaxVertex=29, NumVertices=0
[2019.04.30-00.53.31:797][262]LogModelComponent: Model /Game/Maps/Map1.Map1:PersistentLevel.ModelComponent_3 has elements that reference missing vertices. MaxVertex=97, NumVertices=0
[2019.04.30-00.53.31:798][262]LogModelComponent: Model /Game/Maps/Map1.Map1:PersistentLevel.ModelComponent_3 has elements that reference missing vertices. MaxVertex=97, NumVertices=0
[2019.04.30-00.53.31:798][262]LogModelComponent: Model /Game/Maps/Map1.Map1:PersistentLevel.ModelComponent_3 has elements that reference missing vertices. MaxVertex=97, NumVertices=0
[2019.04.30-00.53.31:798][262]LogModelComponent: Model /Game/Maps/Map1.Map1:PersistentLevel.ModelComponent_3 has elements that reference missing vertices. MaxVertex=97, NumVertices=0
[2019.04.30-00.53.31:798][262]LogModelComponent: Model /Game/Maps/Map1.Map1:PersistentLevel.ModelComponent_3 has elements that reference missing vertices. MaxVertex=97, NumVertices=0
[2019.04.30-00.53.31:798][262]LogModelComponent: Model /Game/Maps/Map1.Map1:PersistentLevel.ModelComponent_3 has elements that reference missing vertices. MaxVertex=97, NumVertices=0
[2019.04.30-00.53.31:798][262]LogModelComponent: Model /Game/Maps/Map1.Map1:PersistentLevel.ModelComponent_3 has elements that reference missing vertices. MaxVertex=155, NumVertices=0
[2019.04.30-00.53.31:798][262]LogModelComponent: Model /Game/Maps/Map1.Map1:PersistentLevel.ModelComponent_4 has elements that reference missing vertices. MaxVertex=159, NumVertices=0
[2019.04.30-00.53.31:801][262]LogAIModule: Creating AISystem for world Map1
[2019.04.30-00.53.31:801][262]LogLoad: Game class is 'GameModeBase'
[2019.04.30-00.53.31:806][262]LogWorld: Bringing World /Game/Maps/Map1.Map1 up for play (max tick rate 0) at 2019.04.30-02.53.31
[2019.04.30-00.53.31:807][262]LogWorld: Bringing up level for play took: 0.003660
[2019.04.30-00.53.31:807][262]LogGameMode: FindPlayerStart: PATHS NOT DEFINED or NO PLAYERSTART with positive rating
[2019.04.30-00.53.31:808][262]LogUMG: Display: Widget Class UIStartGame_C - Loaded Fast Template.
[2019.04.30-00.53.31:808][262]LogLoad: Took 0.096303 seconds to LoadMap(/Game/Maps/Map1)
[2019.04.30-00.53.37:254][513]Set new viewmode: Wireframe
[2019.04.30-00.53.37:254][513]Debug viewmodes not allowed on consoles by default.  See AllowDebugViewmodes().
[2019.04.30-00.53.42:306][752]LogWindowsDesktop: Alt-F4 pressed!
[2019.04.30-00.53.42:307][752]LogSlate: Request Window 'BomberMan (64-bit Development PCD3D_SM5) ' being destroyed
[2019.04.30-00.53.42:351][752]LogSlate: Window 'BomberMan (64-bit Development PCD3D_SM5) ' being destroyed
[2019.04.30-00.53.42:351][752]LogWindowsTextInputMethodSystem: Display: IME system now deactivated.
[2019.04.30-00.53.42:369][752]LogSlate: Updating window title bar state: overlay mode, drag disabled, window buttons hidden, title bar hidden
[2019.04.30-00.53.42:369][752]LogEngine: All Windows Closed
[2019.04.30-00.53.42:369][752]LogWindows: FPlatformMisc::RequestExit(0)
[2019.04.30-00.53.43:052][753]LogSlate: Slate User Destroyed.  User Index 0, Is Virtual User: 0
[2019.04.30-00.53.43:052][753]LogExit: Preparing to exit.
[2019.04.30-00.53.43:052][753]LogMoviePlayer: Shutting down movie player
[2019.04.30-00.53.43:056][753]LogSlate: Updating window title bar state: overlay mode, drag disabled, window buttons hidden, title bar hidden
[2019.04.30-00.53.43:059][753]LogExit: Game engine shut down
[2019.04.30-00.53.43:096][753]LogExit: Object subsystem successfully closed.
[2019.04.30-00.53.43:106][753]LogD3D11RHI: Shutdown
[2019.04.30-00.53.43:106][753]LogD3D11RHI: CleanupD3DDevice
[2019.04.30-00.53.43:107][753]LogRendererCore: FGlobalReadBuffer::ReleaseRHI
[2019.04.30-00.53.43:107][753]LogRendererCore: FGlobalDynamicReadBuffer::Cleanup()
[2019.04.30-00.53.43:107][753]LogRendererCore: FGlobalReadBuffer::ReleaseRHI
[2019.04.30-00.53.43:107][753]LogRendererCore: FGlobalDynamicReadBuffer::Cleanup()
[2019.04.30-00.53.43:107][753]LogRendererCore: FGlobalReadBuffer::ReleaseRHI
[2019.04.30-00.53.43:107][753]LogRendererCore: FGlobalDynamicReadBuffer::Cleanup()
[2019.04.30-00.53.43:187][753]LogD3D11RHI: ~FD3D11DynamicRHI
[2019.04.30-00.53.43:188][753]LogModuleManager: Shutting down and abandoning module AutomationController (204)
[2019.04.30-00.53.43:188][753]LogModuleManager: Shutting down and abandoning module AutomationWorker (202)
[2019.04.30-00.53.43:188][753]LogModuleManager: Shutting down and abandoning module Voice (200)
[2019.04.30-00.53.43:188][753]LogModuleManager: Shutting down and abandoning module AIModule (198)
[2019.04.30-00.53.43:188][753]LogModuleManager: Shutting down and abandoning module GameplayDebugger (197)
[2019.04.30-00.53.43:188][753]LogModuleManager: Shutting down and abandoning module NavigationSystem (195)
[2019.04.30-00.53.43:188][753]LogModuleManager: Shutting down and abandoning module WebMMediaFactory (192)
[2019.04.30-00.53.43:188][753]LogModuleManager: Shutting down and abandoning module WebMMedia (190)
[2019.04.30-00.53.43:188][753]LogModuleManager: Shutting down and abandoning module OculusMR (188)
[2019.04.30-00.53.43:188][753]LogModuleManager: Shutting down and abandoning module WmfMediaFactory (186)
[2019.04.30-00.53.43:188][753]LogModuleManager: Shutting down and abandoning module OpenExrWrapper (184)
[2019.04.30-00.53.43:188][753]LogModuleManager: Shutting down and abandoning module ImgMediaFactory (182)
[2019.04.30-00.53.43:188][753]LogModuleManager: Shutting down and abandoning module AvfMediaFactory (180)
[2019.04.30-00.53.43:188][753]LogModuleManager: Shutting down and abandoning module CharacterAI (178)
[2019.04.30-00.53.43:188][753]LogModuleManager: Shutting down and abandoning module SessionServices (176)
[2019.04.30-00.53.43:188][753]LogModuleManager: Shutting down and abandoning module LiveCoding (174)
[2019.04.30-00.53.43:188][753]LogModuleManager: Shutting down and abandoning module LevelSequence (172)
[2019.04.30-00.53.43:188][753]LogModuleManager: Shutting down and abandoning module MovieSceneTracks (170)
[2019.04.30-00.53.43:188][753]LogModuleManager: Shutting down and abandoning module MovieScene (168)
[2019.04.30-00.53.43:188][753]LogModuleManager: Shutting down and abandoning module StreamingPauseRendering (166)
[2019.04.30-00.53.43:188][753]LogModuleManager: Shutting down and abandoning module ImageWriteQueue (164)
[2019.04.30-00.53.43:189][753]LogModuleManager: Shutting down and abandoning module ProfilerService (162)
[2019.04.30-00.53.43:319][753]LogModuleManager: Shutting down and abandoning module TaskGraph (160)
[2019.04.30-00.53.43:319][753]LogModuleManager: Shutting down and abandoning module SteamVRController (158)
[2019.04.30-00.53.43:319][753]LogModuleManager: Shutting down and abandoning module ProceduralMeshComponent (156)
[2019.04.30-00.53.43:319][753]LogModuleManager: Shutting down and abandoning module OculusInput (154)
[2019.04.30-00.53.43:319][753]LogModuleManager: Shutting down and abandoning module MobilePatchingUtils (152)
[2019.04.30-00.53.43:319][753]LogModuleManager: Shutting down and abandoning module EditableMesh (150)
[2019.04.30-00.53.43:319][753]LogModuleManager: Shutting down and abandoning module CustomMeshComponent (148)
[2019.04.30-00.53.43:319][753]LogModuleManager: Shutting down and abandoning module CableComponent (146)
[2019.04.30-00.53.43:319][753]LogModuleManager: Shutting down and abandoning module AudioCapture (144)
[2019.04.30-00.53.43:319][753]LogModuleManager: Shutting down and abandoning module ArchVisCharacter (142)
[2019.04.30-00.53.43:319][753]LogModuleManager: Shutting down and abandoning module AndroidPermission (140)
[2019.04.30-00.53.43:319][753]LogModuleManager: Shutting down and abandoning module MediaCompositing (138)
[2019.04.30-00.53.43:319][753]LogModuleManager: Shutting down and abandoning module LinearTimecode (136)
[2019.04.30-00.53.43:319][753]LogModuleManager: Shutting down and abandoning module ImgMedia (134)
[2019.04.30-00.53.43:319][753]LogModuleManager: Shutting down and abandoning module HTML5Networking (132)
[2019.04.30-00.53.43:319][753]LogModuleManager: Shutting down and abandoning module BackChannel (130)
[2019.04.30-00.53.43:319][753]LogModuleManager: Shutting down and abandoning module AppleVision (128)
[2019.04.30-00.53.43:319][753]LogModuleManager: Shutting down and abandoning module AppleImageUtils (126)
[2019.04.30-00.53.43:319][753]LogModuleManager: Shutting down and abandoning module GeometryCacheTracks (124)
[2019.04.30-00.53.43:319][753]LogModuleManager: Shutting down and abandoning module GeometryCache (122)
[2019.04.30-00.53.43:319][753]LogModuleManager: Shutting down and abandoning module VariantManagerContent (120)
[2019.04.30-00.53.43:319][753]LogModuleManager: Shutting down and abandoning module RuntimePhysXCooking (118)
[2019.04.30-00.53.43:319][753]LogModuleManager: Shutting down and abandoning module PhysXVehicles (116)
[2019.04.30-00.53.43:319][753]LogModuleManager: Shutting down and abandoning module LocationServicesBPLibrary (114)
[2019.04.30-00.53.43:319][753]LogModuleManager: Shutting down and abandoning module ActorSequence (112)
[2019.04.30-00.53.43:319][753]LogModuleManager: Shutting down and abandoning module UdpMessaging (110)
[2019.04.30-00.53.43:319][753]LogModuleManager: Shutting down and abandoning module TcpMessaging (108)
[2019.04.30-00.53.43:319][753]LogModuleManager: Shutting down and abandoning module FacialAnimation (106)
[2019.04.30-00.53.43:319][753]LogModuleManager: Shutting down and abandoning module SignificanceManager (104)
[2019.04.30-00.53.43:319][753]LogModuleManager: Shutting down and abandoning module AnimationSharing (102)
[2019.04.30-00.53.43:319][753]LogModuleManager: Shutting down and abandoning module LightPropagationVolumeRuntime (100)
[2019.04.30-00.53.43:319][753]LogModuleManager: Shutting down and abandoning module AISupportModule (98)
[2019.04.30-00.53.43:319][753]LogModuleManager: Shutting down and abandoning module Paper2D (96)
[2019.04.30-00.53.43:319][753]LogModuleManager: Shutting down and abandoning module WindowsMoviePlayer (94)
[2019.04.30-00.53.43:319][753]LogModuleManager: Shutting down and abandoning module WebMMoviePlayer (92)
[2019.04.30-00.53.43:319][753]LogModuleManager: Shutting down and abandoning module PacketHandler (90)
[2019.04.30-00.53.43:319][753]LogModuleManager: Shutting down and abandoning module ClothingSystemRuntime (88)
[2019.04.30-00.53.43:319][753]LogModuleManager: Shutting down and abandoning module MediaAssets (86)
[2019.04.30-00.53.43:319][753]LogModuleManager: Shutting down and abandoning module Overlay (84)
[2019.04.30-00.53.43:319][753]LogModuleManager: Shutting down and abandoning module UMG (82)
[2019.04.30-00.53.43:319][753]LogModuleManager: Shutting down and abandoning module SlateReflector (80)
[2019.04.30-00.53.43:320][753]LogModuleManager: Shutting down and abandoning module Slate (78)
[2019.04.30-00.53.43:320][753]LogModuleManager: Shutting down and abandoning module MRMesh (76)
[2019.04.30-00.53.43:320][753]LogModuleManager: Shutting down and abandoning module Messaging (74)
[2019.04.30-00.53.43:320][753]LogModuleManager: Shutting down and abandoning module HeadMountedDisplay (72)
[2019.04.30-00.53.43:320][753]LogModuleManager: Shutting down and abandoning module XAudio2 (70)
[2019.04.30-00.53.43:320][753]LogModuleManager: Shutting down and abandoning module Networking (68)
[2019.04.30-00.53.43:320][753]LogModuleManager: Shutting down and abandoning module Core (66)
[2019.04.30-00.53.43:320][753]LogModuleManager: Shutting down and abandoning module ImageWrapper (62)
[2019.04.30-00.53.43:320][753]LogModuleManager: Shutting down and abandoning module InputCore (60)
[2019.04.30-00.53.43:320][753]LogModuleManager: Shutting down and abandoning module PhysXCooking (58)
[2019.04.30-00.53.43:320][753]LogModuleManager: Shutting down and abandoning module SteamVR (56)
[2019.04.30-00.53.43:320][753]LogHMD: Freeing OpenVRDLLHandle.
[2019.04.30-00.53.43:320][753]LogModuleManager: Shutting down and abandoning module OculusHMD (54)
[2019.04.30-00.53.43:320][753]LogModuleManager: Shutting down and abandoning module ExampleDeviceProfileSelector (52)
[2019.04.30-00.53.43:320][753]LogModuleManager: Shutting down and abandoning module LauncherChunkInstaller (50)
[2019.04.30-00.53.43:320][753]LogModuleManager: Shutting down and abandoning module OnlineSubsystem (46)
[2019.04.30-00.53.43:320][753]LogModuleManager: Shutting down and abandoning module HTTP (41)
[2019.04.30-00.53.43:334][753]LogModuleManager: Shutting down and abandoning module SSL (40)
[2019.04.30-00.53.43:334][753]LogModuleManager: Shutting down and abandoning module WmfMedia (36)
[2019.04.30-00.53.43:335][753]LogModuleManager: Shutting down and abandoning module Media (35)
[2019.04.30-00.53.43:341][753]LogModuleManager: Shutting down and abandoning module DatasmithContent (32)
[2019.04.30-00.53.43:341][753]LogModuleManager: Shutting down and abandoning module RenderCore (30)
[2019.04.30-00.53.43:341][753]LogModuleManager: Shutting down and abandoning module Landscape (28)
[2019.04.30-00.53.43:341][753]LogModuleManager: Shutting down and abandoning module SlateRHIRenderer (26)
[2019.04.30-00.53.43:341][753]LogModuleManager: Shutting down and abandoning module OpenGLDrv (24)
[2019.04.30-00.53.43:341][753]LogModuleManager: Shutting down and abandoning module D3D11RHI (22)
[2019.04.30-00.53.43:341][753]LogModuleManager: Shutting down and abandoning module AnimGraphRuntime (20)
[2019.04.30-00.53.43:341][753]LogModuleManager: Shutting down and abandoning module Renderer (18)
[2019.04.30-00.53.43:341][753]LogModuleManager: Shutting down and abandoning module Engine (16)
[2019.04.30-00.53.43:341][753]LogModuleManager: Shutting down and abandoning module CoreUObject (14)
[2019.04.30-00.53.43:341][753]LogModuleManager: Shutting down and abandoning module NetworkFile (12)
[2019.04.30-00.53.43:341][753]LogModuleManager: Shutting down and abandoning module CookedIterativeFile (10)
[2019.04.30-00.53.43:341][753]LogModuleManager: Shutting down and abandoning module StreamingFile (8)
[2019.04.30-00.53.43:341][753]LogModuleManager: Shutting down and abandoning module SandboxFile (6)
[2019.04.30-00.53.43:341][753]LogModuleManager: Shutting down and abandoning module PakFile (4)
[2019.04.30-00.53.43:342][753]LogModuleManager: Shutting down and abandoning module RSA (3)
[2019.04.30-00.53.43:345][753]LogExit: Exiting.
[2019.04.30-00.53.43:389][753]Log file closed, 04/30/19 02:53:43
