Log file open, 04/30/19 02:20:25
LogWindows: Failed to load 'aqProf.dll' (GetLastError=126)
LogWindows: File 'aqProf.dll' does not exist
LogWindows: Failed to load 'VtuneApi.dll' (GetLastError=126)
LogWindows: File 'VtuneApi.dll' does not exist
LogWindows: Failed to load 'VtuneApi32e.dll' (GetLastError=126)
LogWindows: File 'VtuneApi32e.dll' does not exist
LogConsoleResponse: Display: Failed to find resolution value strings in scalability ini. Falling back to default.
LogInit: Display: Running engine for game: BomberMan
LogPakFile: Registered encryption key '00000000000000000000000000000000': 0 pak files mounted, 0 remain pending
LogPlatformFile: Not using cached read wrapper
LogTaskGraph: Started task graph with 5 named threads and 23 total threads with 3 sets of task threads.
LogStats: Stats thread started at 0.302758
LogD3D11RHI: Loaded GFSDK_Aftermath_Lib.x64.dll
LogICUInternationalization: ICU TimeZone Detection - Raw Offset: +1:00, Platform Override: ''
LogPluginManager: Mounting plugin Paper2D
LogPluginManager: Mounting plugin AISupport
LogPluginManager: Mounting plugin LightPropagationVolume
LogPluginManager: Mounting plugin ActorLayerUtilities
LogPluginManager: Mounting plugin AnimationSharing
LogPluginManager: Mounting plugin CLionSourceCodeAccess
LogPluginManager: Mounting plugin CodeLiteSourceCodeAccess
LogPluginManager: Mounting plugin GitSourceControl
LogPluginManager: Mounting plugin KDevelopSourceCodeAccess
LogPluginManager: Mounting plugin NullSourceCodeAccess
LogPluginManager: Mounting plugin PerforceSourceControl
LogPluginManager: Mounting plugin SubversionSourceControl
LogPluginManager: Mounting plugin UObjectPlugin
LogPluginManager: Mounting plugin VisualStudioCodeSourceCodeAccess
LogPluginManager: Mounting plugin VisualStudioSourceCodeAccess
LogPluginManager: Mounting plugin XCodeSourceCodeAccess
LogPluginManager: Mounting plugin AssetManagerEditor
LogPluginManager: Mounting plugin CryptoKeys
LogPluginManager: Mounting plugin DataValidation
LogPluginManager: Mounting plugin FacialAnimation
LogPluginManager: Mounting plugin GameplayTagsEditor
LogPluginManager: Mounting plugin MacGraphicsSwitching
LogPluginManager: Mounting plugin MaterialAnalyzer
LogPluginManager: Mounting plugin MobileLauncherProfileWizard
LogPluginManager: Mounting plugin PluginBrowser
LogPluginManager: Mounting plugin SpeedTreeImporter
LogPluginManager: Mounting plugin DatasmithContent
LogPluginManager: Mounting plugin VariantManagerContent
LogPluginManager: Mounting plugin AlembicImporter
LogPluginManager: Mounting plugin AppleImageUtils
LogPluginManager: Mounting plugin AppleVision
LogPluginManager: Mounting plugin BackChannel
LogPluginManager: Mounting plugin CharacterAI
LogPluginManager: Mounting plugin GeometryCache
LogPluginManager: Mounting plugin HTML5Networking
LogPluginManager: Mounting plugin ProxyLODPlugin
LogPluginManager: Mounting plugin SkeletalReduction
LogPluginManager: Mounting plugin MagicLeap
LogPluginManager: Mounting plugin MagicLeapMedia
LogPluginManager: Mounting plugin AndroidMedia
LogPluginManager: Mounting plugin AvfMedia
LogPluginManager: Mounting plugin ImgMedia
LogPluginManager: Mounting plugin LinearTimecode
LogPluginManager: Mounting plugin MediaCompositing
LogPluginManager: Mounting plugin MediaPlayerEditor
LogPluginManager: Mounting plugin WebMMedia
LogPluginManager: Mounting plugin WmfMedia
LogPluginManager: Mounting plugin TcpMessaging
LogPluginManager: Mounting plugin UdpMessaging
LogPluginManager: Mounting plugin ActorSequence
LogPluginManager: Mounting plugin LevelSequenceEditor
LogPluginManager: Mounting plugin MatineeToLevelSequence
LogPluginManager: Mounting plugin NetcodeUnitTest
LogPluginManager: Mounting plugin NUTUnrealEngine4
LogPluginManager: Mounting plugin OnlineSubsystemGooglePlay
LogPluginManager: Mounting plugin OnlineSubsystemIOS
LogPluginManager: Mounting plugin OnlineSubsystem
LogPluginManager: Mounting plugin OnlineSubsystemNull
LogPluginManager: Mounting plugin OnlineSubsystemUtils
LogPluginManager: Mounting plugin LauncherChunkInstaller
LogPluginManager: Mounting plugin AndroidDeviceProfileSelector
LogPluginManager: Mounting plugin AndroidMoviePlayer
LogPluginManager: Mounting plugin AndroidPermission
LogPluginManager: Mounting plugin AppleMoviePlayer
LogPluginManager: Mounting plugin ArchVisCharacter
LogPluginManager: Mounting plugin AudioCapture
LogPluginManager: Mounting plugin CableComponent
LogPluginManager: Mounting plugin CustomMeshComponent
LogPluginManager: Mounting plugin EditableMesh
LogPluginManager: Mounting plugin ExampleDeviceProfileSelector
LogPluginManager: Mounting plugin Firebase
LogPluginManager: Mounting plugin GoogleCloudMessaging
LogPluginManager: Mounting plugin IOSDeviceProfileSelector
LogPluginManager: Mounting plugin LinuxDeviceProfileSelector
LogPluginManager: Mounting plugin LocationServicesBPLibrary
LogPluginManager: Mounting plugin MobilePatchingUtils
LogPluginManager: Mounting plugin OculusVR
LogPluginManager: Mounting plugin PhysXVehicles
LogPluginManager: Mounting plugin ProceduralMeshComponent
LogPluginManager: Mounting plugin RuntimePhysXCooking
LogPluginManager: Mounting plugin SignificanceManager
LogPluginManager: Mounting plugin SteamVR
LogPluginManager: Mounting plugin WebMMoviePlayer
LogPluginManager: Mounting plugin WindowsMoviePlayer
LogInit: Using libcurl 7.55.1-DEV
LogInit:  - built for x86_64-pc-win32
LogInit:  - supports SSL with OpenSSL/1.1.1
LogInit:  - supports HTTP deflate (compression) using libz 1.2.8
LogInit:  - other features:
LogInit:      CURL_VERSION_SSL
LogInit:      CURL_VERSION_LIBZ
LogInit:      CURL_VERSION_IPV6
LogInit:      CURL_VERSION_ASYNCHDNS
LogInit:      CURL_VERSION_LARGEFILE
LogInit:      CURL_VERSION_IDN
LogInit:  CurlRequestOptions (configurable via config and command line):
LogInit:  - bVerifyPeer = true  - Libcurl will verify peer certificate
LogInit:  - bUseHttpProxy = false  - Libcurl will NOT use HTTP proxy
LogInit:  - bDontReuseConnections = false  - Libcurl will reuse connections
LogInit:  - MaxHostConnections = 16  - Libcurl will limit the number of connections to a host
LogInit:  - LocalHostAddr = Default
LogInit:  - BufferSize = 65536
LogInit: WinSock: version 1.1 (2.2), MaxSocks=32767, MaxUdp=65467
LogInit: Build: ++UE4+Release-4.22-CL-6063286
LogInit: Engine Version: 4.22.1-6063286+++UE4+Release-4.22
LogInit: Compatible Engine Version: 4.22.0-5660361+++UE4+Release-4.22
LogInit: Net CL: 5660361
LogInit: OS: Windows 10 (Release 1809) (), CPU: Intel(R) Core(TM) i7-4720HQ CPU @ 2.60GHz, GPU: Intel(R) HD Graphics 4600
LogInit: Compiled (64-bit): Apr 24 2019 04:36:48
LogInit: Compiled with Visual C++: 19.16.27025.01
LogInit: Build Configuration: Development
LogInit: Branch Name: ++UE4+Release-4.22
LogInit: Command Line: 
LogInit: Base Directory: C:/Program Files/Epic Games/UE_4.22/Engine/Binaries/Win64/
LogInit: Installed Engine Build: 1
LogDevObjectVersion: Number of dev versions registered: 23
LogDevObjectVersion:   Dev-Blueprints (B0D832E4-1F89-4F0D-ACCF-7EB736FD4AA2): 10
LogDevObjectVersion:   Dev-Build (E1C64328-A22C-4D53-A36C-8E866417BD8C): 0
LogDevObjectVersion:   Dev-Core (375EC13C-06E4-48FB-B500-84F0262A717E): 3
LogDevObjectVersion:   Dev-Editor (E4B068ED-F494-42E9-A231-DA0B2E46BB41): 30
LogDevObjectVersion:   Dev-Framework (CFFC743F-43B0-4480-9391-14DF171D2073): 35
LogDevObjectVersion:   Dev-Mobile (B02B49B5-BB20-44E9-A304-32B752E40360): 2
LogDevObjectVersion:   Dev-Networking (A4E4105C-59A1-49B5-A7C5-40C4547EDFEE): 0
LogDevObjectVersion:   Dev-Online (39C831C9-5AE6-47DC-9A44-9C173E1C8E7C): 0
LogDevObjectVersion:   Dev-Physics (78F01B33-EBEA-4F98-B9B4-84EACCB95AA2): 0
LogDevObjectVersion:   Dev-Platform (6631380F-2D4D-43E0-8009-CF276956A95A): 0
LogDevObjectVersion:   Dev-Rendering (12F88B9F-8875-4AFC-A67C-D90C383ABD29): 28
LogDevObjectVersion:   Dev-Sequencer (7B5AE74C-D270-4C10-A958-57980B212A5A): 11
LogDevObjectVersion:   Dev-VR (D7296918-1DD6-4BDD-9DE2-64A83CC13884): 2
LogDevObjectVersion:   Dev-LoadTimes (C2A15278-BFE7-4AFE-6C17-90FF531DF755): 1
LogDevObjectVersion:   Private-Geometry (6EACA3D4-40EC-4CC1-B786-8BED09428FC5): 3
LogDevObjectVersion:   Dev-AnimPhys (29E575DD-E0A3-4627-9D10-D276232CDCEA): 17
LogDevObjectVersion:   Dev-Anim (AF43A65D-7FD3-4947-9873-3E8ED9C1BB05): 2
LogDevObjectVersion:   Dev-ReflectionCapture (6B266CEC-1EC7-4B8F-A30B-E4D90942FC07): 1
LogDevObjectVersion:   Dev-Automation (0DF73D61-A23F-47EA-B727-89E90C41499A): 1
LogDevObjectVersion:   FortniteMain (601D1886-AC64-4F84-AA16-D3DE0DEAC7D6): 25
LogDevObjectVersion:   Dev-Enterprise (9DFFBCD6-494F-0158-E221-12823C92A888): 6
LogDevObjectVersion:   Dev-Niagara (F2AED0AC-9AFE-416F-8664-AA7FFA26D6FC): 1
LogDevObjectVersion:   Dev-Destruction (174F1F0B-B4C6-45A5-B13F-2EE8D0FB917D): 2
LogInit: Presizing for max 16777216 objects, including 0 objects not considered by GC, pre-allocating 0 bytes for permanent pool.
LogInit: Object subsystem initialized
LogConfig: Setting CVar [[con.DebugEarlyDefault:1]]
LogConfig: Setting CVar [[r.setres:1280x720]]
[2019.04.30-00.20.25:554][  0]LogConfig: Setting CVar [[r.VSync:0]]
[2019.04.30-00.20.25:554][  0]LogConfig: Setting CVar [[r.RHICmdBypass:0]]
[2019.04.30-00.20.25:554][  0]LogConfig: Applying CVar settings from Section [/Script/Engine.RendererSettings] File [D:/Bomberman/BomberMan/Saved/Config/Windows/Engine.ini]
[2019.04.30-00.20.25:554][  0]LogConfig: Setting CVar [[r.GPUCrashDebugging:0]]
[2019.04.30-00.20.25:554][  0]LogConfig: Setting CVar [[r.DefaultFeature.AutoExposure.ExtendDefaultLuminanceRange:1]]
[2019.04.30-00.20.25:554][  0]LogConfig: Applying CVar settings from Section [/Script/Engine.RendererOverrideSettings] File [D:/Bomberman/BomberMan/Saved/Config/Windows/Engine.ini]
[2019.04.30-00.20.25:554][  0]LogConfig: Applying CVar settings from Section [/Script/Engine.StreamingSettings] File [D:/Bomberman/BomberMan/Saved/Config/Windows/Engine.ini]
[2019.04.30-00.20.25:554][  0]LogConfig: Setting CVar [[s.MinBulkDataSizeForAsyncLoading:131072]]
[2019.04.30-00.20.25:555][  0]LogConfig: Setting CVar [[s.AsyncLoadingThreadEnabled:0]]
[2019.04.30-00.20.25:555][  0]LogConfig: Setting CVar [[s.EventDrivenLoaderEnabled:1]]
[2019.04.30-00.20.25:555][  0]LogConfig: Setting CVar [[s.WarnIfTimeLimitExceeded:0]]
[2019.04.30-00.20.25:555][  0]LogConfig: Setting CVar [[s.TimeLimitExceededMultiplier:1.5]]
[2019.04.30-00.20.25:555][  0]LogConfig: Setting CVar [[s.TimeLimitExceededMinTime:0.005]]
[2019.04.30-00.20.25:555][  0]LogConfig: Setting CVar [[s.UseBackgroundLevelStreaming:1]]
[2019.04.30-00.20.25:555][  0]LogConfig: Setting CVar [[s.PriorityAsyncLoadingExtraTime:15.0]]
[2019.04.30-00.20.25:555][  0]LogConfig: Setting CVar [[s.LevelStreamingActorsUpdateTimeLimit:5.0]]
[2019.04.30-00.20.25:555][  0]LogConfig: Setting CVar [[s.PriorityLevelStreamingActorsUpdateExtraTime:5.0]]
[2019.04.30-00.20.25:555][  0]LogConfig: Setting CVar [[s.LevelStreamingComponentsRegistrationGranularity:10]]
[2019.04.30-00.20.25:555][  0]LogConfig: Setting CVar [[s.UnregisterComponentsTimeLimit:1.0]]
[2019.04.30-00.20.25:555][  0]LogConfig: Setting CVar [[s.LevelStreamingComponentsUnregistrationGranularity:5]]
[2019.04.30-00.20.25:555][  0]LogConfig: Applying CVar settings from Section [/Script/Engine.GarbageCollectionSettings] File [D:/Bomberman/BomberMan/Saved/Config/Windows/Engine.ini]
[2019.04.30-00.20.25:555][  0]LogConfig: Setting CVar [[gc.MaxObjectsNotConsideredByGC:1]]
[2019.04.30-00.20.25:555][  0]LogConfig: Setting CVar [[gc.SizeOfPermanentObjectPool:0]]
[2019.04.30-00.20.25:555][  0]LogConfig: Setting CVar [[gc.FlushStreamingOnGC:0]]
[2019.04.30-00.20.25:555][  0]LogConfig: Setting CVar [[gc.NumRetriesBeforeForcingGC:10]]
[2019.04.30-00.20.25:555][  0]LogConfig: Setting CVar [[gc.AllowParallelGC:1]]
[2019.04.30-00.20.25:555][  0]LogConfig: Setting CVar [[gc.TimeBetweenPurgingPendingKillObjects:61.1]]
[2019.04.30-00.20.25:555][  0]LogConfig: Setting CVar [[gc.MaxObjectsInEditor:16777216]]
[2019.04.30-00.20.25:555][  0]LogConfig: Setting CVar [[gc.IncrementalBeginDestroyEnabled:1]]
[2019.04.30-00.20.25:555][  0]LogConfig: Setting CVar [[gc.CreateGCClusters:1]]
[2019.04.30-00.20.25:555][  0]LogConfig: Setting CVar [[gc.MinGCClusterSize:5]]
[2019.04.30-00.20.25:555][  0]LogConfig: Setting CVar [[gc.ActorClusteringEnabled:0]]
[2019.04.30-00.20.25:555][  0]LogConfig: Setting CVar [[gc.BlueprintClusteringEnabled:0]]
[2019.04.30-00.20.25:555][  0]LogConfig: Setting CVar [[gc.UseDisregardForGCOnDedicatedServers:0]]
[2019.04.30-00.20.25:555][  0]LogConfig: Applying CVar settings from Section [/Script/Engine.NetworkSettings] File [D:/Bomberman/BomberMan/Saved/Config/Windows/Engine.ini]
[2019.04.30-00.20.25:555][  0]LogConfig: Applying CVar settings from Section [/Script/UnrealEd.CookerSettings] File [D:/Bomberman/BomberMan/Saved/Config/Windows/Engine.ini]
[2019.04.30-00.20.25:565][  0]LogConfig: Applying CVar settings from Section [ViewDistanceQuality@3] File [D:/Bomberman/BomberMan/Saved/Config/Windows/Scalability.ini]
[2019.04.30-00.20.25:565][  0]LogConfig: Setting CVar [[r.SkeletalMeshLODBias:0]]
[2019.04.30-00.20.25:565][  0]LogConfig: Setting CVar [[r.ViewDistanceScale:1.0]]
[2019.04.30-00.20.25:565][  0]LogConfig: Applying CVar settings from Section [AntiAliasingQuality@3] File [D:/Bomberman/BomberMan/Saved/Config/Windows/Scalability.ini]
[2019.04.30-00.20.25:565][  0]LogConfig: Setting CVar [[r.PostProcessAAQuality:4]]
[2019.04.30-00.20.25:565][  0]LogConfig: Applying CVar settings from Section [ShadowQuality@3] File [D:/Bomberman/BomberMan/Saved/Config/Windows/Scalability.ini]
[2019.04.30-00.20.25:565][  0]LogConfig: Setting CVar [[r.LightFunctionQuality:1]]
[2019.04.30-00.20.25:565][  0]LogConfig: Setting CVar [[r.ShadowQuality:5]]
[2019.04.30-00.20.25:565][  0]LogConfig: Setting CVar [[r.Shadow.CSM.MaxCascades:10]]
[2019.04.30-00.20.25:565][  0]LogConfig: Setting CVar [[r.Shadow.MaxResolution:2048]]
[2019.04.30-00.20.25:565][  0]LogConfig: Setting CVar [[r.Shadow.MaxCSMResolution:2048]]
[2019.04.30-00.20.25:565][  0]LogConfig: Setting CVar [[r.Shadow.RadiusThreshold:0.01]]
[2019.04.30-00.20.25:565][  0]LogConfig: Setting CVar [[r.Shadow.DistanceScale:1.0]]
[2019.04.30-00.20.25:565][  0]LogConfig: Setting CVar [[r.Shadow.CSM.TransitionScale:1.0]]
[2019.04.30-00.20.25:565][  0]LogConfig: Setting CVar [[r.Shadow.PreShadowResolutionFactor:1.0]]
[2019.04.30-00.20.25:565][  0]LogConfig: Setting CVar [[r.DistanceFieldShadowing:1]]
[2019.04.30-00.20.25:565][  0]LogConfig: Setting CVar [[r.DistanceFieldAO:1]]
[2019.04.30-00.20.25:565][  0]LogConfig: Setting CVar [[r.AOQuality:2]]
[2019.04.30-00.20.25:565][  0]LogConfig: Setting CVar [[r.VolumetricFog:1]]
[2019.04.30-00.20.25:565][  0]LogConfig: Setting CVar [[r.VolumetricFog.GridPixelSize:8]]
[2019.04.30-00.20.25:565][  0]LogConfig: Setting CVar [[r.VolumetricFog.GridSizeZ:128]]
[2019.04.30-00.20.25:565][  0]LogConfig: Setting CVar [[r.VolumetricFog.HistoryMissSupersampleCount:4]]
[2019.04.30-00.20.25:565][  0]LogConfig: Setting CVar [[r.LightMaxDrawDistanceScale:1]]
[2019.04.30-00.20.25:565][  0]LogConfig: Setting CVar [[r.CapsuleShadows:1]]
[2019.04.30-00.20.25:565][  0]LogConfig: Applying CVar settings from Section [PostProcessQuality@3] File [D:/Bomberman/BomberMan/Saved/Config/Windows/Scalability.ini]
[2019.04.30-00.20.25:565][  0]LogConfig: Setting CVar [[r.MotionBlurQuality:4]]
[2019.04.30-00.20.25:565][  0]LogConfig: Setting CVar [[r.AmbientOcclusionMipLevelFactor:0.4]]
[2019.04.30-00.20.25:565][  0]LogConfig: Setting CVar [[r.AmbientOcclusionMaxQuality:100]]
[2019.04.30-00.20.25:565][  0]LogConfig: Setting CVar [[r.AmbientOcclusionLevels:-1]]
[2019.04.30-00.20.25:565][  0]LogConfig: Setting CVar [[r.AmbientOcclusionRadiusScale:1.0]]
[2019.04.30-00.20.25:565][  0]LogConfig: Setting CVar [[r.DepthOfFieldQuality:2]]
[2019.04.30-00.20.25:565][  0]LogConfig: Setting CVar [[r.RenderTargetPoolMin:400]]
[2019.04.30-00.20.25:565][  0]LogConfig: Setting CVar [[r.LensFlareQuality:2]]
[2019.04.30-00.20.25:565][  0]LogConfig: Setting CVar [[r.SceneColorFringeQuality:1]]
[2019.04.30-00.20.25:565][  0]LogConfig: Setting CVar [[r.EyeAdaptationQuality:2]]
[2019.04.30-00.20.25:565][  0]LogConfig: Setting CVar [[r.BloomQuality:5]]
[2019.04.30-00.20.25:565][  0]LogConfig: Setting CVar [[r.FastBlurThreshold:100]]
[2019.04.30-00.20.25:565][  0]LogConfig: Setting CVar [[r.Upscale.Quality:3]]
[2019.04.30-00.20.25:565][  0]LogConfig: Setting CVar [[r.Tonemapper.GrainQuantization:1]]
[2019.04.30-00.20.25:565][  0]LogConfig: Setting CVar [[r.LightShaftQuality:1]]
[2019.04.30-00.20.25:565][  0]LogConfig: Setting CVar [[r.Filter.SizeScale:1]]
[2019.04.30-00.20.25:565][  0]LogConfig: Setting CVar [[r.Tonemapper.Quality:5]]
[2019.04.30-00.20.25:565][  0]LogConfig: Setting CVar [[r.DOF.Gather.AccumulatorQuality:1        ; higher gathering accumulator quality]]
[2019.04.30-00.20.25:565][  0]LogConfig: Setting CVar [[r.DOF.Gather.PostfilterMethod:1          ; Median3x3 postfilering method]]
[2019.04.30-00.20.25:565][  0]LogConfig: Setting CVar [[r.DOF.Gather.EnableBokehSettings:0       ; no bokeh simulation when gathering]]
[2019.04.30-00.20.25:565][  0]LogConfig: Setting CVar [[r.DOF.Gather.RingCount:4                 ; medium number of samples when gathering]]
[2019.04.30-00.20.25:565][  0]LogConfig: Setting CVar [[r.DOF.Scatter.ForegroundCompositing:1    ; additive foreground scattering]]
[2019.04.30-00.20.25:565][  0]LogConfig: Setting CVar [[r.DOF.Scatter.BackgroundCompositing:2    ; additive background scattering]]
[2019.04.30-00.20.25:565][  0]LogConfig: Setting CVar [[r.DOF.Scatter.EnableBokehSettings:1      ; bokeh simulation when scattering]]
[2019.04.30-00.20.25:565][  0]LogConfig: Setting CVar [[r.DOF.Scatter.MaxSpriteRatio:0.1         ; only a maximum of 10% of scattered bokeh]]
[2019.04.30-00.20.25:565][  0]LogConfig: Setting CVar [[r.DOF.Recombine.Quality:1                ; cheap slight out of focus]]
[2019.04.30-00.20.25:565][  0]LogConfig: Setting CVar [[r.DOF.Recombine.EnableBokehSettings:0    ; no bokeh simulation on slight out of focus]]
[2019.04.30-00.20.25:565][  0]LogConfig: Setting CVar [[r.DOF.TemporalAAQuality:1                ; more stable temporal accumulation]]
[2019.04.30-00.20.25:565][  0]LogConfig: Setting CVar [[r.DOF.Kernel.MaxForegroundRadius:0.025]]
[2019.04.30-00.20.25:566][  0]LogConfig: Setting CVar [[r.DOF.Kernel.MaxBackgroundRadius:0.025]]
[2019.04.30-00.20.25:566][  0]LogConfig: Applying CVar settings from Section [TextureQuality@3] File [D:/Bomberman/BomberMan/Saved/Config/Windows/Scalability.ini]
[2019.04.30-00.20.25:566][  0]LogConfig: Setting CVar [[r.Streaming.MipBias:0]]
[2019.04.30-00.20.25:566][  0]LogConfig: Setting CVar [[r.Streaming.AmortizeCPUToGPUCopy:0]]
[2019.04.30-00.20.25:566][  0]LogConfig: Setting CVar [[r.Streaming.MaxNumTexturesToStreamPerFrame:0]]
[2019.04.30-00.20.25:566][  0]LogConfig: Setting CVar [[r.Streaming.Boost:1]]
[2019.04.30-00.20.25:566][  0]LogConfig: Setting CVar [[r.MaxAnisotropy:8]]
[2019.04.30-00.20.25:566][  0]LogConfig: Setting CVar [[r.Streaming.LimitPoolSizeToVRAM:0]]
[2019.04.30-00.20.25:566][  0]LogConfig: Setting CVar [[r.Streaming.PoolSize:1000]]
[2019.04.30-00.20.25:566][  0]LogConfig: Setting CVar [[r.Streaming.MaxEffectiveScreenSize:0]]
[2019.04.30-00.20.25:566][  0]LogConfig: Applying CVar settings from Section [EffectsQuality@3] File [D:/Bomberman/BomberMan/Saved/Config/Windows/Scalability.ini]
[2019.04.30-00.20.25:566][  0]LogConfig: Setting CVar [[r.TranslucencyLightingVolumeDim:64]]
[2019.04.30-00.20.25:566][  0]LogConfig: Setting CVar [[r.RefractionQuality:2]]
[2019.04.30-00.20.25:566][  0]LogConfig: Setting CVar [[r.SSR.Quality:3]]
[2019.04.30-00.20.25:566][  0]LogConfig: Setting CVar [[r.SceneColorFormat:4]]
[2019.04.30-00.20.25:566][  0]LogConfig: Setting CVar [[r.DetailMode:2]]
[2019.04.30-00.20.25:566][  0]LogConfig: Setting CVar [[r.TranslucencyVolumeBlur:1]]
[2019.04.30-00.20.25:566][  0]LogConfig: Setting CVar [[r.MaterialQualityLevel:1 ; High quality]]
[2019.04.30-00.20.25:566][  0]LogConfig: Setting CVar [[r.SSS.Scale:1]]
[2019.04.30-00.20.25:566][  0]LogConfig: Setting CVar [[r.SSS.SampleSet:2]]
[2019.04.30-00.20.25:566][  0]LogConfig: Setting CVar [[r.SSS.Quality:1]]
[2019.04.30-00.20.25:566][  0]LogConfig: Setting CVar [[r.SSS.HalfRes:1]]
[2019.04.30-00.20.25:566][  0]LogConfig: Setting CVar [[r.EmitterSpawnRateScale:1.0]]
[2019.04.30-00.20.25:566][  0]LogConfig: Setting CVar [[r.ParticleLightQuality:2]]
[2019.04.30-00.20.25:566][  0]LogConfig: Applying CVar settings from Section [FoliageQuality@3] File [D:/Bomberman/BomberMan/Saved/Config/Windows/Scalability.ini]
[2019.04.30-00.20.25:566][  0]LogConfig: Setting CVar [[foliage.DensityScale:1.0]]
[2019.04.30-00.20.25:566][  0]LogConfig: Setting CVar [[grass.DensityScale:1.0]]
[2019.04.30-00.20.25:566][  0]LogInit: Selected Device Profile: [Windows]
[2019.04.30-00.20.25:566][  0]LogInit: Applying CVar settings loaded from the selected device profile: [Windows]
[2019.04.30-00.20.25:589][  0]LogHAL: Display: Platform has ~ 8 GB [8473591808 / 8589934592 / 8], which maps to Default [LargestMinGB=32, LargerMinGB=12, DefaultMinGB=8, SmallerMinGB=6, SmallestMinGB=0)
[2019.04.30-00.20.25:590][  0]LogConfig: Setting CVar [[r.Vulkan.UseRealUBs:0		; Required until we fix HLR fall-out]]
[2019.04.30-00.20.25:590][  0]LogInit: Going up to parent DeviceProfile []
[2019.04.30-00.20.25:590][  0]LogConfig: Applying CVar settings from Section [ViewDistanceQuality@3] File [D:/Bomberman/BomberMan/Saved/Config/Windows/Scalability.ini]
[2019.04.30-00.20.25:590][  0]LogConfig: Setting CVar [[r.SkeletalMeshLODBias:0]]
[2019.04.30-00.20.25:590][  0]LogConfig: Setting CVar [[r.ViewDistanceScale:1.0]]
[2019.04.30-00.20.25:590][  0]LogConfig: Applying CVar settings from Section [AntiAliasingQuality@3] File [D:/Bomberman/BomberMan/Saved/Config/Windows/Scalability.ini]
[2019.04.30-00.20.25:590][  0]LogConfig: Setting CVar [[r.PostProcessAAQuality:4]]
[2019.04.30-00.20.25:590][  0]LogConfig: Applying CVar settings from Section [ShadowQuality@3] File [D:/Bomberman/BomberMan/Saved/Config/Windows/Scalability.ini]
[2019.04.30-00.20.25:590][  0]LogConfig: Setting CVar [[r.LightFunctionQuality:1]]
[2019.04.30-00.20.25:590][  0]LogConfig: Setting CVar [[r.ShadowQuality:5]]
[2019.04.30-00.20.25:590][  0]LogConfig: Setting CVar [[r.Shadow.CSM.MaxCascades:10]]
[2019.04.30-00.20.25:590][  0]LogConfig: Setting CVar [[r.Shadow.MaxResolution:2048]]
[2019.04.30-00.20.25:590][  0]LogConfig: Setting CVar [[r.Shadow.MaxCSMResolution:2048]]
[2019.04.30-00.20.25:590][  0]LogConfig: Setting CVar [[r.Shadow.RadiusThreshold:0.01]]
[2019.04.30-00.20.25:590][  0]LogConfig: Setting CVar [[r.Shadow.DistanceScale:1.0]]
[2019.04.30-00.20.25:590][  0]LogConfig: Setting CVar [[r.Shadow.CSM.TransitionScale:1.0]]
[2019.04.30-00.20.25:590][  0]LogConfig: Setting CVar [[r.Shadow.PreShadowResolutionFactor:1.0]]
[2019.04.30-00.20.25:590][  0]LogConfig: Setting CVar [[r.DistanceFieldShadowing:1]]
[2019.04.30-00.20.25:590][  0]LogConfig: Setting CVar [[r.DistanceFieldAO:1]]
[2019.04.30-00.20.25:590][  0]LogConfig: Setting CVar [[r.AOQuality:2]]
[2019.04.30-00.20.25:590][  0]LogConfig: Setting CVar [[r.VolumetricFog:1]]
[2019.04.30-00.20.25:590][  0]LogConfig: Setting CVar [[r.VolumetricFog.GridPixelSize:8]]
[2019.04.30-00.20.25:590][  0]LogConfig: Setting CVar [[r.VolumetricFog.GridSizeZ:128]]
[2019.04.30-00.20.25:590][  0]LogConfig: Setting CVar [[r.VolumetricFog.HistoryMissSupersampleCount:4]]
[2019.04.30-00.20.25:590][  0]LogConfig: Setting CVar [[r.LightMaxDrawDistanceScale:1]]
[2019.04.30-00.20.25:590][  0]LogConfig: Setting CVar [[r.CapsuleShadows:1]]
[2019.04.30-00.20.25:590][  0]LogConfig: Applying CVar settings from Section [PostProcessQuality@3] File [D:/Bomberman/BomberMan/Saved/Config/Windows/Scalability.ini]
[2019.04.30-00.20.25:590][  0]LogConfig: Setting CVar [[r.MotionBlurQuality:4]]
[2019.04.30-00.20.25:590][  0]LogConfig: Setting CVar [[r.AmbientOcclusionMipLevelFactor:0.4]]
[2019.04.30-00.20.25:590][  0]LogConfig: Setting CVar [[r.AmbientOcclusionMaxQuality:100]]
[2019.04.30-00.20.25:590][  0]LogConfig: Setting CVar [[r.AmbientOcclusionLevels:-1]]
[2019.04.30-00.20.25:590][  0]LogConfig: Setting CVar [[r.AmbientOcclusionRadiusScale:1.0]]
[2019.04.30-00.20.25:590][  0]LogConfig: Setting CVar [[r.DepthOfFieldQuality:2]]
[2019.04.30-00.20.25:590][  0]LogConfig: Setting CVar [[r.RenderTargetPoolMin:400]]
[2019.04.30-00.20.25:590][  0]LogConfig: Setting CVar [[r.LensFlareQuality:2]]
[2019.04.30-00.20.25:590][  0]LogConfig: Setting CVar [[r.SceneColorFringeQuality:1]]
[2019.04.30-00.20.25:590][  0]LogConfig: Setting CVar [[r.EyeAdaptationQuality:2]]
[2019.04.30-00.20.25:590][  0]LogConfig: Setting CVar [[r.BloomQuality:5]]
[2019.04.30-00.20.25:590][  0]LogConfig: Setting CVar [[r.FastBlurThreshold:100]]
[2019.04.30-00.20.25:590][  0]LogConfig: Setting CVar [[r.Upscale.Quality:3]]
[2019.04.30-00.20.25:590][  0]LogConfig: Setting CVar [[r.Tonemapper.GrainQuantization:1]]
[2019.04.30-00.20.25:590][  0]LogConfig: Setting CVar [[r.LightShaftQuality:1]]
[2019.04.30-00.20.25:590][  0]LogConfig: Setting CVar [[r.Filter.SizeScale:1]]
[2019.04.30-00.20.25:590][  0]LogConfig: Setting CVar [[r.Tonemapper.Quality:5]]
[2019.04.30-00.20.25:590][  0]LogConfig: Setting CVar [[r.DOF.Gather.AccumulatorQuality:1        ; higher gathering accumulator quality]]
[2019.04.30-00.20.25:590][  0]LogConfig: Setting CVar [[r.DOF.Gather.PostfilterMethod:1          ; Median3x3 postfilering method]]
[2019.04.30-00.20.25:590][  0]LogConfig: Setting CVar [[r.DOF.Gather.EnableBokehSettings:0       ; no bokeh simulation when gathering]]
[2019.04.30-00.20.25:590][  0]LogConfig: Setting CVar [[r.DOF.Gather.RingCount:4                 ; medium number of samples when gathering]]
[2019.04.30-00.20.25:590][  0]LogConfig: Setting CVar [[r.DOF.Scatter.ForegroundCompositing:1    ; additive foreground scattering]]
[2019.04.30-00.20.25:590][  0]LogConfig: Setting CVar [[r.DOF.Scatter.BackgroundCompositing:2    ; additive background scattering]]
[2019.04.30-00.20.25:590][  0]LogConfig: Setting CVar [[r.DOF.Scatter.EnableBokehSettings:1      ; bokeh simulation when scattering]]
[2019.04.30-00.20.25:590][  0]LogConfig: Setting CVar [[r.DOF.Scatter.MaxSpriteRatio:0.1         ; only a maximum of 10% of scattered bokeh]]
[2019.04.30-00.20.25:590][  0]LogConfig: Setting CVar [[r.DOF.Recombine.Quality:1                ; cheap slight out of focus]]
[2019.04.30-00.20.25:590][  0]LogConfig: Setting CVar [[r.DOF.Recombine.EnableBokehSettings:0    ; no bokeh simulation on slight out of focus]]
[2019.04.30-00.20.25:590][  0]LogConfig: Setting CVar [[r.DOF.TemporalAAQuality:1                ; more stable temporal accumulation]]
[2019.04.30-00.20.25:590][  0]LogConfig: Setting CVar [[r.DOF.Kernel.MaxForegroundRadius:0.025]]
[2019.04.30-00.20.25:590][  0]LogConfig: Setting CVar [[r.DOF.Kernel.MaxBackgroundRadius:0.025]]
[2019.04.30-00.20.25:590][  0]LogConfig: Applying CVar settings from Section [TextureQuality@3] File [D:/Bomberman/BomberMan/Saved/Config/Windows/Scalability.ini]
[2019.04.30-00.20.25:590][  0]LogConfig: Setting CVar [[r.Streaming.MipBias:0]]
[2019.04.30-00.20.25:590][  0]LogConfig: Setting CVar [[r.Streaming.AmortizeCPUToGPUCopy:0]]
[2019.04.30-00.20.25:590][  0]LogConfig: Setting CVar [[r.Streaming.MaxNumTexturesToStreamPerFrame:0]]
[2019.04.30-00.20.25:590][  0]LogConfig: Setting CVar [[r.Streaming.Boost:1]]
[2019.04.30-00.20.25:590][  0]LogConfig: Setting CVar [[r.MaxAnisotropy:8]]
[2019.04.30-00.20.25:590][  0]LogConfig: Setting CVar [[r.Streaming.LimitPoolSizeToVRAM:0]]
[2019.04.30-00.20.25:590][  0]LogConfig: Setting CVar [[r.Streaming.PoolSize:1000]]
[2019.04.30-00.20.25:590][  0]LogConfig: Setting CVar [[r.Streaming.MaxEffectiveScreenSize:0]]
[2019.04.30-00.20.25:590][  0]LogConfig: Applying CVar settings from Section [EffectsQuality@3] File [D:/Bomberman/BomberMan/Saved/Config/Windows/Scalability.ini]
[2019.04.30-00.20.25:590][  0]LogConfig: Setting CVar [[r.TranslucencyLightingVolumeDim:64]]
[2019.04.30-00.20.25:590][  0]LogConfig: Setting CVar [[r.RefractionQuality:2]]
[2019.04.30-00.20.25:590][  0]LogConfig: Setting CVar [[r.SSR.Quality:3]]
[2019.04.30-00.20.25:590][  0]LogConfig: Setting CVar [[r.SceneColorFormat:4]]
[2019.04.30-00.20.25:590][  0]LogConfig: Setting CVar [[r.DetailMode:2]]
[2019.04.30-00.20.25:591][  0]LogConfig: Setting CVar [[r.TranslucencyVolumeBlur:1]]
[2019.04.30-00.20.25:591][  0]LogConfig: Setting CVar [[r.MaterialQualityLevel:1 ; High quality]]
[2019.04.30-00.20.25:591][  0]LogConfig: Setting CVar [[r.SSS.Scale:1]]
[2019.04.30-00.20.25:591][  0]LogConfig: Setting CVar [[r.SSS.SampleSet:2]]
[2019.04.30-00.20.25:591][  0]LogConfig: Setting CVar [[r.SSS.Quality:1]]
[2019.04.30-00.20.25:591][  0]LogConfig: Setting CVar [[r.SSS.HalfRes:1]]
[2019.04.30-00.20.25:591][  0]LogConfig: Setting CVar [[r.EmitterSpawnRateScale:1.0]]
[2019.04.30-00.20.25:591][  0]LogConfig: Setting CVar [[r.ParticleLightQuality:2]]
[2019.04.30-00.20.25:591][  0]LogConfig: Applying CVar settings from Section [FoliageQuality@3] File [D:/Bomberman/BomberMan/Saved/Config/Windows/Scalability.ini]
[2019.04.30-00.20.25:591][  0]LogConfig: Setting CVar [[foliage.DensityScale:1.0]]
[2019.04.30-00.20.25:591][  0]LogConfig: Setting CVar [[grass.DensityScale:1.0]]
[2019.04.30-00.20.25:591][  0]LogConfig: Applying CVar settings from Section [Startup] File [../../../Engine/Config/ConsoleVariables.ini]
[2019.04.30-00.20.25:591][  0]LogConfig: Setting CVar [[net.UseAdaptiveNetUpdateFrequency:0]]
[2019.04.30-00.20.25:591][  0]LogConfig: Setting CVar [[p.chaos.AllowCreatePhysxBodies:1]]
[2019.04.30-00.20.25:591][  0]LogConfig: Applying CVar settings from Section [ConsoleVariables] File [D:/Bomberman/BomberMan/Saved/Config/Windows/Engine.ini]
[2019.04.30-00.20.25:591][  0]LogInit: Computer: DOMINHHIEU
[2019.04.30-00.20.25:591][  0]LogInit: User: dominhhieu
[2019.04.30-00.20.25:591][  0]LogInit: CPU Page size=4096, Cores=4
[2019.04.30-00.20.25:591][  0]LogInit: High frequency timer resolution =10.000000 MHz
[2019.04.30-00.20.25:591][  0]LogMemory: Memory total: Physical=7.9GB (8GB approx)
[2019.04.30-00.20.25:591][  0]LogMemory: Platform Memory Stats for Windows
[2019.04.30-00.20.25:591][  0]LogMemory: Process Physical Memory: 97.04 MB used, 97.05 MB peak
[2019.04.30-00.20.25:591][  0]LogMemory: Process Virtual Memory: 93.09 MB used, 93.09 MB peak
[2019.04.30-00.20.25:591][  0]LogMemory: Physical Memory: 3824.25 MB used,  4256.80 MB free, 8081.05 MB total
[2019.04.30-00.20.25:591][  0]LogMemory: Virtual Memory: 4660.36 MB used,  134213064.00 MB free, 134217728.00 MB total
[2019.04.30-00.20.25:684][  0]LogInit: Using OS detected language (en-US).
[2019.04.30-00.20.25:684][  0]LogInit: Using OS detected locale (en-US).
[2019.04.30-00.20.25:685][  0]LogTextLocalizationManager: No specific localization for 'en-US' exists, so the 'en' localization will be used.
[2019.04.30-00.20.25:921][  0]LogInit: Setting process to per monitor DPI aware
[2019.04.30-00.20.25:970][  0]LogSlate: New Slate User Created.  User Index 0, Is Virtual User: 0
[2019.04.30-00.20.25:970][  0]LogSlate: Slate User Registered.  User Index 0, Is Virtual User: 0
[2019.04.30-00.20.28:031][  0]LogHMD: Failed to initialize OpenVR with code 110
[2019.04.30-00.20.28:031][  0]LogD3D11RHI: D3D11 adapters:
[2019.04.30-00.20.28:322][  0]LogD3D11RHI:    0. 'NVIDIA GeForce GTX 950M' (Feature Level 11_0)
[2019.04.30-00.20.28:322][  0]LogD3D11RHI:       4055/0/4040 MB DedicatedVideo/DedicatedSystem/SharedSystem, Outputs:2, VendorId:0x10de
[2019.04.30-00.20.28:328][  0]LogD3D11RHI:    1. 'Intel(R) HD Graphics 4600' (Feature Level 11_0)
[2019.04.30-00.20.28:329][  0]LogD3D11RHI:       112/0/2048 MB DedicatedVideo/DedicatedSystem/SharedSystem, Outputs:0, VendorId:0x8086
[2019.04.30-00.20.28:331][  0]LogD3D11RHI:    2. 'Microsoft Basic Render Driver' (Feature Level 11_0)
[2019.04.30-00.20.28:331][  0]LogD3D11RHI:       0/0/4040 MB DedicatedVideo/DedicatedSystem/SharedSystem, Outputs:0, VendorId:0x1414
[2019.04.30-00.20.28:331][  0]LogD3D11RHI: Chosen D3D11 Adapter: 0
[2019.04.30-00.20.28:367][  0]LogD3D11RHI: Creating new Direct3DDevice
[2019.04.30-00.20.28:367][  0]LogD3D11RHI:     GPU DeviceId: 0x139a (for the marketing name, search the web for "GPU Device Id")
[2019.04.30-00.20.28:367][  0]LogWindows: EnumDisplayDevices:
[2019.04.30-00.20.28:367][  0]LogWindows:    0. 'Intel(R) HD Graphics 4600' (P:1 D:1)
[2019.04.30-00.20.28:368][  0]LogWindows:    1. 'Intel(R) HD Graphics 4600' (P:0 D:1)
[2019.04.30-00.20.28:368][  0]LogWindows:    2. 'Intel(R) HD Graphics 4600' (P:0 D:0)
[2019.04.30-00.20.28:368][  0]LogWindows: DebugString: PrimaryIsNotTheChoosenAdapter PrimaryIsNotTheChoosenAdapter PrimaryIsNotTheChoosenAdapter FoundDriverCount:0 
[2019.04.30-00.20.28:368][  0]LogD3D11RHI:     Adapter Name: NVIDIA GeForce GTX 950M
[2019.04.30-00.20.28:368][  0]LogD3D11RHI:   Driver Version: Unknown (internal:Unknown, unified:Unknown)
[2019.04.30-00.20.28:368][  0]LogD3D11RHI:      Driver Date: Unknown
[2019.04.30-00.20.28:368][  0]LogRHI: Texture pool is 2839 MB (70% of 4055 MB)
[2019.04.30-00.20.28:421][  0]LogD3D11RHI: Async texture creation enabled
[2019.04.30-00.20.28:442][  0]LogRendererCore: FGlobalReadBuffer::InitRHI
[2019.04.30-00.20.28:442][  0]LogRendererCore: FGlobalReadBuffer::InitRHI
[2019.04.30-00.20.28:442][  0]LogRendererCore: FGlobalReadBuffer::InitRHI
[2019.04.30-00.20.28:451][  0]LogD3D11RHI: GPU Timing Frequency: 1000.000000 (Debug: 2 1)
[2019.04.30-00.20.29:015][  0]LogTemp: Display: Module 'AllDesktopTargetPlatform' loaded TargetPlatform 'AllDesktop'
[2019.04.30-00.20.29:030][  0]LogTemp: Display: Module 'MacClientTargetPlatform' loaded TargetPlatform 'MacClient'
[2019.04.30-00.20.29:046][  0]LogTemp: Display: Module 'MacNoEditorTargetPlatform' loaded TargetPlatform 'MacNoEditor'
[2019.04.30-00.20.29:063][  0]LogTemp: Display: Module 'MacServerTargetPlatform' loaded TargetPlatform 'MacServer'
[2019.04.30-00.20.29:122][  0]LogTemp: Display: Module 'MacTargetPlatform' loaded TargetPlatform 'Mac'
[2019.04.30-00.20.29:138][  0]LogTemp: Display: Module 'WindowsClientTargetPlatform' loaded TargetPlatform 'WindowsClient'
[2019.04.30-00.20.29:153][  0]LogTemp: Display: Module 'WindowsNoEditorTargetPlatform' loaded TargetPlatform 'WindowsNoEditor'
[2019.04.30-00.20.29:169][  0]LogTemp: Display: Module 'WindowsServerTargetPlatform' loaded TargetPlatform 'WindowsServer'
[2019.04.30-00.20.29:178][  0]LogTemp: Display: Module 'WindowsTargetPlatform' loaded TargetPlatform 'Windows'
[2019.04.30-00.20.29:307][  0]LogTemp: Display: Module 'AndroidTargetPlatform' loaded TargetPlatform 'Android'
[2019.04.30-00.20.29:307][  0]LogTemp: Display: Module 'AndroidTargetPlatform' loaded TargetPlatform 'Android_ASTC'
[2019.04.30-00.20.29:307][  0]LogTemp: Display: Module 'AndroidTargetPlatform' loaded TargetPlatform 'Android_ATC'
[2019.04.30-00.20.29:307][  0]LogTemp: Display: Module 'AndroidTargetPlatform' loaded TargetPlatform 'Android_DXT'
[2019.04.30-00.20.29:307][  0]LogTemp: Display: Module 'AndroidTargetPlatform' loaded TargetPlatform 'Android_ETC1'
[2019.04.30-00.20.29:307][  0]LogTemp: Display: Module 'AndroidTargetPlatform' loaded TargetPlatform 'Android_ETC1a'
[2019.04.30-00.20.29:307][  0]LogTemp: Display: Module 'AndroidTargetPlatform' loaded TargetPlatform 'Android_ETC2'
[2019.04.30-00.20.29:307][  0]LogTemp: Display: Module 'AndroidTargetPlatform' loaded TargetPlatform 'Android_PVRTC'
[2019.04.30-00.20.29:307][  0]LogTemp: Display: Module 'AndroidTargetPlatform' loaded TargetPlatform 'AndroidClient'
[2019.04.30-00.20.29:307][  0]LogTemp: Display: Module 'AndroidTargetPlatform' loaded TargetPlatform 'Android_ASTCClient'
[2019.04.30-00.20.29:307][  0]LogTemp: Display: Module 'AndroidTargetPlatform' loaded TargetPlatform 'Android_ATCClient'
[2019.04.30-00.20.29:307][  0]LogTemp: Display: Module 'AndroidTargetPlatform' loaded TargetPlatform 'Android_DXTClient'
[2019.04.30-00.20.29:307][  0]LogTemp: Display: Module 'AndroidTargetPlatform' loaded TargetPlatform 'Android_ETC1Client'
[2019.04.30-00.20.29:307][  0]LogTemp: Display: Module 'AndroidTargetPlatform' loaded TargetPlatform 'Android_ETC1aClient'
[2019.04.30-00.20.29:307][  0]LogTemp: Display: Module 'AndroidTargetPlatform' loaded TargetPlatform 'Android_ETC2Client'
[2019.04.30-00.20.29:307][  0]LogTemp: Display: Module 'AndroidTargetPlatform' loaded TargetPlatform 'Android_PVRTCClient'
[2019.04.30-00.20.29:307][  0]LogTemp: Display: Module 'AndroidTargetPlatform' loaded TargetPlatform 'Android_Multi'
[2019.04.30-00.20.29:307][  0]LogTemp: Display: Module 'AndroidTargetPlatform' loaded TargetPlatform 'Android_MultiClient'
[2019.04.30-00.20.29:310][  0]LogTemp: Display: Module 'HTML5TargetPlatform' loaded TargetPlatform 'HTML5'
[2019.04.30-00.20.29:372][  0]LogTemp: Display: Module 'IOSTargetPlatform' loaded TargetPlatform 'IOSClient'
[2019.04.30-00.20.29:372][  0]LogTemp: Display: Module 'IOSTargetPlatform' loaded TargetPlatform 'IOS'
[2019.04.30-00.20.29:397][  0]LogTemp: Display: Module 'TVOSTargetPlatform' loaded TargetPlatform 'TVOSClient'
[2019.04.30-00.20.29:397][  0]LogTemp: Display: Module 'TVOSTargetPlatform' loaded TargetPlatform 'TVOS'
[2019.04.30-00.20.29:410][  0]LogTemp: Display: Module 'LinuxClientTargetPlatform' loaded TargetPlatform 'LinuxClient'
[2019.04.30-00.20.29:423][  0]LogTemp: Display: Module 'LinuxNoEditorTargetPlatform' loaded TargetPlatform 'LinuxNoEditor'
[2019.04.30-00.20.29:436][  0]LogTemp: Display: Module 'LinuxServerTargetPlatform' loaded TargetPlatform 'LinuxServer'
[2019.04.30-00.20.29:478][  0]LogTemp: Display: Module 'LinuxTargetPlatform' loaded TargetPlatform 'Linux'
[2019.04.30-00.20.29:534][  0]LogTemp: Display: Module 'LuminTargetPlatform' loaded TargetPlatform 'Lumin'
[2019.04.30-00.20.29:534][  0]LogTemp: Display: Module 'LuminTargetPlatform' loaded TargetPlatform 'LuminClient'
[2019.04.30-00.20.29:534][  0]LogTargetPlatformManager: Display: Building Assets For Windows
[2019.04.30-00.20.29:559][  0]LogAudioDebug: Display: Lib vorbis DLL was dynamically loaded.
[2019.04.30-00.20.29:636][  0]LogShaderCompilers: Guid format shader working directory is 28 characters bigger than the processId version (D:/Bomberman/BomberMan/Intermediate/Shaders/WorkingDirectory/10920/).
[2019.04.30-00.20.29:636][  0]LogShaderCompilers: Cleaned the shader compiler working directory 'C:/Users/dominhhieu/AppData/Local/Temp/UnrealShaderWorkingDir/B16D821C405D6ACBB6C9C9A7110B59C2/'.
[2019.04.30-00.20.29:640][  0]LogXGEController: Cleaning working directory: C:/Users/dominhhieu/AppData/Local/Temp/UnrealXGEWorkingDir/
[2019.04.30-00.20.29:640][  0]LogXGEController: Cannot use XGE Controller as Incredibuild is not installed on this machine.
[2019.04.30-00.20.29:640][  0]LogShaderCompilers: Cannot use XGE Shader Compiler as Incredibuild is not installed on this machine.
[2019.04.30-00.20.29:640][  0]LogShaderCompilers: Display: Using Local Shader Compiler.
[2019.04.30-00.20.30:244][  0]LogDerivedDataCache: Display: Max Cache Size: 512 MB
[2019.04.30-00.20.30:580][  0]LogDerivedDataCache: Loaded boot cache 0.34s 71MB C:/Users/dominhhieu/AppData/Local/UnrealEngine/4.22/DerivedDataCache/Boot.ddc.
[2019.04.30-00.20.30:580][  0]LogDerivedDataCache: Display: Loaded Boot cache: C:/Users/dominhhieu/AppData/Local/UnrealEngine/4.22/DerivedDataCache/Boot.ddc
[2019.04.30-00.20.30:580][  0]LogDerivedDataCache: FDerivedDataBackendGraph:  Pak pak cache file D:/Bomberman/BomberMan/DerivedDataCache/DDC.ddp not found, will not use a pak cache.
[2019.04.30-00.20.30:580][  0]LogDerivedDataCache: Unable to find inner node Pak for hierarchical cache Hierarchy.
[2019.04.30-00.20.30:580][  0]LogDerivedDataCache: FDerivedDataBackendGraph:  CompressedPak pak cache file D:/Bomberman/BomberMan/DerivedDataCache/Compressed.ddp not found, will not use a pak cache.
[2019.04.30-00.20.30:580][  0]LogDerivedDataCache: Unable to find inner node CompressedPak for hierarchical cache Hierarchy.
[2019.04.30-00.20.30:593][  0]LogDerivedDataCache: Display: Pak cache opened for reading ../../../Engine/DerivedDataCache/Compressed.ddp.
[2019.04.30-00.20.30:593][  0]LogDerivedDataCache: FDerivedDataBackendGraph:  EnterprisePak pak cache file ../../../Enterprise/DerivedDataCache/Compressed.ddp not found, will not use a pak cache.
[2019.04.30-00.20.30:593][  0]LogDerivedDataCache: Unable to find inner node EnterprisePak for hierarchical cache Hierarchy.
[2019.04.30-00.20.30:606][  0]LogDerivedDataCache: Using Local data cache path C:/Users/dominhhieu/AppData/Local/UnrealEngine/Common/DerivedDataCache: Writable
[2019.04.30-00.20.30:606][  0]LogDerivedDataCache: Shared data cache path not found in *engine.ini, will not use an Shared cache.
[2019.04.30-00.20.30:606][  0]LogDerivedDataCache: Unable to find inner node Shared for hierarchical cache Hierarchy.
[2019.04.30-00.20.30:630][  0]LogMaterial: Verifying Global Shaders for PCD3D_SM5
[2019.04.30-00.20.30:631][  0]LogSlate: Using FreeType 2.6.0
[2019.04.30-00.20.30:631][  0]LogSlate: SlateFontServices - WITH_FREETYPE: 1, WITH_HARFBUZZ: 1
[2019.04.30-00.20.30:746][  0]LogAssetRegistry: FAssetRegistry took 0.0341 seconds to start up
[2019.04.30-00.20.31:107][  0]LogInit: Selected Device Profile: [Windows]
[2019.04.30-00.20.31:262][  0]LogMeshReduction: Using QuadricMeshReduction for automatic static mesh reduction
[2019.04.30-00.20.31:262][  0]LogMeshReduction: Using SimplygonMeshReduction for automatic skeletal mesh reduction
[2019.04.30-00.20.31:262][  0]LogMeshReduction: Using ProxyLODMeshReduction for automatic mesh merging
[2019.04.30-00.20.31:262][  0]LogMeshReduction: No distributed automatic mesh merging module available
[2019.04.30-00.20.31:262][  0]LogMeshMerging: No distributed automatic mesh merging module available
[2019.04.30-00.20.31:274][  0]LogNetVersion: BomberMan 1.0.0, NetCL: 5660361, EngineNetVer: 10, GameNetVer: 0 (Checksum: 1450052139)
[2019.04.30-00.20.31:741][  0]LogPackageLocalizationCache: Processed 10 localized package path(s) for 1 prioritized culture(s) in 0.046327 seconds
[2019.04.30-00.20.31:748][  0]LogUObjectArray: 42205 objects as part of root set at end of initial load.
[2019.04.30-00.20.31:748][  0]LogUObjectAllocator: 7325032 out of 0 bytes used by permanent object pool.
[2019.04.30-00.20.31:748][  0]LogUObjectArray: CloseDisregardForGC: 0/0 objects in disregard for GC pool
[2019.04.30-00.20.42:752][  0]LogTcpMessaging: Initializing TcpMessaging bridge
[2019.04.30-00.20.42:767][  0]LogUdpMessaging: Initializing bridge on interface 0.0.0.0:0 to multicast group 230.0.0.1:6666.
[2019.04.30-00.20.42:880][  0]SourceControl: Source control is disabled
[2019.04.30-00.20.42:880][  0]SourceControl: Source control is disabled
[2019.04.30-00.20.42:882][  0]SourceControl: Source control is disabled
[2019.04.30-00.20.42:883][  0]SourceControl: Source control is disabled
[2019.04.30-00.20.42:973][  0]LogAndroidPermission: UAndroidPermissionCallbackProxy::GetInstance
[2019.04.30-00.20.43:067][  0]LogOcInput: OculusInput pre-init called
[2019.04.30-00.20.43:838][  0]LogEngine: Initializing Engine...
[2019.04.30-00.20.43:839][  0]LogHMD: Failed to initialize OpenVR with code 110
[2019.04.30-00.20.43:840][  0]LogStats: UGameplayTagsManager::InitializeManager -  0.000 s
[2019.04.30-00.20.44:077][  0]LogInit: Initializing FReadOnlyCVARCache
[2019.04.30-00.20.44:098][  0]LogAIModule: Creating AISystem for world Untitled
[2019.04.30-00.20.44:115][  0]LogInit: XAudio2 using 'Speakers (Conexant SmartAudio HD)' : 2 channels at 48 kHz using 32 bits per sample (channel mask 0x3)
[2019.04.30-00.20.44:204][  0]LogInit: FAudioDevice initialized.
[2019.04.30-00.20.44:204][  0]LogNetVersion: Set ProjectVersion to 1.0.0.0. Version Checksum will be recalculated on next use.
[2019.04.30-00.20.44:399][  0]LogDerivedDataCache: Saved boot cache 0.19s 71MB C:/Users/dominhhieu/AppData/Local/UnrealEngine/4.22/DerivedDataCache/Boot.ddc.
[2019.04.30-00.20.44:404][  0]LogInit: Texture streaming: Enabled
[2019.04.30-00.20.44:432][  0]LogEngineSessionManager: EngineSessionManager initialized
[2019.04.30-00.20.44:432][  0]LogEngineSessionManager: EngineSessionManager sent abnormal shutdown report. Type=Crashed, SessionId={8491CF01-4E95-4326-2C2C-FCA856DD0905}
[2019.04.30-00.20.44:463][  0]LogInit: Transaction tracking system initialized
[2019.04.30-00.20.44:500][  0]BlueprintLog: New page: Editor Load
[2019.04.30-00.20.44:632][  0]LocalizationService: Localization service is disabled
[2019.04.30-00.20.45:055][  0]LogFileCache: Scanning file cache for directory 'D:/Bomberman/BomberMan/Content/' took 0.01s
[2019.04.30-00.20.45:055][  0]LogCook: Display: Max memory allowance for cook 16384mb min free memory 0mb
[2019.04.30-00.20.45:055][  0]LogCook: Display: Mobile HDR setting 1
[2019.04.30-00.20.45:560][  0]SourceControl: Source control is disabled
[2019.04.30-00.20.45:561][  0]Cmd: MAP LOAD FILE="../../../Engine/Content/Maps/Templates/Template_Default.umap" TEMPLATE=1 SHOWPROGRESS=1 FEATURELEVEL=3
[2019.04.30-00.20.45:561][  0]LightingResults: New page: Lighting Build
[2019.04.30-00.20.45:565][  0]MapCheck: New page: Map Check
[2019.04.30-00.20.45:565][  0]LightingResults: New page: Lighting Build
[2019.04.30-00.20.45:592][  0]LogUObjectHash: Compacting FUObjectHashTables data took   1.96ms
[2019.04.30-00.20.45:683][  0]LogAIModule: Creating AISystem for world Untitled_1
[2019.04.30-00.20.45:689][  0]LogEditorServer: Finished looking for orphan Actors (0.000 secs)
[2019.04.30-00.20.45:715][  0]LogUObjectHash: Compacting FUObjectHashTables data took   2.31ms
[2019.04.30-00.20.45:715][  0]Cmd: MAP CHECKDEP NOCLEARLOG
[2019.04.30-00.20.45:715][  0]MapCheck: Map check complete: 0 Error(s), 0 Warning(s), took 0.129ms to complete.
[2019.04.30-00.20.45:715][  0]LogFileHelpers: Loading map 'Template_Default' took 0.155
[2019.04.30-00.20.45:880][  0]LogSlate: Updating window title bar state: overlay mode, drag disabled, window buttons hidden, title bar hidden
[2019.04.30-00.20.45:889][  0]LogSlate: Updating window title bar state: overlay mode, drag disabled, window buttons hidden, title bar hidden
[2019.04.30-00.20.45:899][  0]LogSlate: Updating window title bar state: overlay mode, drag disabled, window buttons hidden, title bar hidden
[2019.04.30-00.20.45:907][  0]LogSlate: Updating window title bar state: overlay mode, drag disabled, window buttons hidden, title bar hidden
[2019.04.30-00.20.45:918][  0]LogCollectionManager: Loaded 0 collections in 0.002988 seconds
[2019.04.30-00.20.45:936][  0]LogFileCache: Scanning file cache for directory 'D:/Bomberman/BomberMan/Saved/Collections/' took 0.01s
[2019.04.30-00.20.45:936][  0]LogFileCache: Scanning file cache for directory 'D:/Bomberman/BomberMan/Content/Developers/dominhhieu/Collections/' took 0.00s
[2019.04.30-00.20.45:936][  0]LogFileCache: Scanning file cache for directory 'D:/Bomberman/BomberMan/Content/Collections/' took 0.00s
[2019.04.30-00.20.45:936][  0]LogCollectionManager: Rebuilt the GUID cache for 0 collections in 0.000000 seconds
[2019.04.30-00.20.45:946][  0]LogContentBrowser: Native class hierarchy populated in 0.0093 seconds. Added 2732 classes and 659 folders.
[2019.04.30-00.20.45:955][  0]LogContentBrowser: Native class hierarchy updated for 'WidgetCarousel' in 0.0003 seconds. Added 0 classes and 0 folders.
[2019.04.30-00.20.46:059][  0]LogPakFile: Registered encryption key '00000000000000000000000000000000': 0 pak files mounted, 0 remain pending
[2019.04.30-00.20.46:060][  0]LogPakFile: Registered encryption key '00000000000000000000000000000000': 0 pak files mounted, 0 remain pending
[2019.04.30-00.20.46:060][  0]LogPakFile: Registered encryption key '00000000000000000000000000000000': 0 pak files mounted, 0 remain pending
[2019.04.30-00.20.46:061][  0]LogPakFile: Registered encryption key '00000000000000000000000000000000': 0 pak files mounted, 0 remain pending
[2019.04.30-00.20.46:061][  0]LogPakFile: Registered encryption key '00000000000000000000000000000000': 0 pak files mounted, 0 remain pending
[2019.04.30-00.20.46:062][  0]LogPakFile: Registered encryption key '00000000000000000000000000000000': 0 pak files mounted, 0 remain pending
[2019.04.30-00.20.46:062][  0]LogPakFile: Registered encryption key '00000000000000000000000000000000': 0 pak files mounted, 0 remain pending
[2019.04.30-00.20.46:063][  0]LogPakFile: Registered encryption key '00000000000000000000000000000000': 0 pak files mounted, 0 remain pending
[2019.04.30-00.20.46:063][  0]LogPakFile: Registered encryption key '00000000000000000000000000000000': 0 pak files mounted, 0 remain pending
[2019.04.30-00.20.46:064][  0]LogPakFile: Registered encryption key '00000000000000000000000000000000': 0 pak files mounted, 0 remain pending
[2019.04.30-00.20.46:064][  0]LogPakFile: Registered encryption key '00000000000000000000000000000000': 0 pak files mounted, 0 remain pending
[2019.04.30-00.20.46:065][  0]LogPakFile: Registered encryption key '00000000000000000000000000000000': 0 pak files mounted, 0 remain pending
[2019.04.30-00.20.46:065][  0]LogPakFile: Registered encryption key '00000000000000000000000000000000': 0 pak files mounted, 0 remain pending
[2019.04.30-00.20.46:066][  0]LogPakFile: Registered encryption key '00000000000000000000000000000000': 0 pak files mounted, 0 remain pending
[2019.04.30-00.20.46:067][  0]LogPakFile: Registered encryption key '00000000000000000000000000000000': 0 pak files mounted, 0 remain pending
[2019.04.30-00.20.46:068][  0]LogPakFile: Registered encryption key '00000000000000000000000000000000': 0 pak files mounted, 0 remain pending
[2019.04.30-00.20.46:068][  0]LogPakFile: Registered encryption key '00000000000000000000000000000000': 0 pak files mounted, 0 remain pending
[2019.04.30-00.20.46:069][  0]LogPakFile: Registered encryption key '00000000000000000000000000000000': 0 pak files mounted, 0 remain pending
[2019.04.30-00.20.46:069][  0]LogPakFile: Registered encryption key '00000000000000000000000000000000': 0 pak files mounted, 0 remain pending
[2019.04.30-00.20.46:070][  0]LogPakFile: Registered encryption key '00000000000000000000000000000000': 0 pak files mounted, 0 remain pending
[2019.04.30-00.20.46:070][  0]LogPakFile: Registered encryption key '00000000000000000000000000000000': 0 pak files mounted, 0 remain pending
[2019.04.30-00.20.46:071][  0]LogPakFile: Registered encryption key '00000000000000000000000000000000': 0 pak files mounted, 0 remain pending
[2019.04.30-00.20.46:071][  0]LogPakFile: Registered encryption key '00000000000000000000000000000000': 0 pak files mounted, 0 remain pending
[2019.04.30-00.20.46:072][  0]LogPakFile: Registered encryption key '00000000000000000000000000000000': 0 pak files mounted, 0 remain pending
[2019.04.30-00.20.46:072][  0]LogPakFile: Registered encryption key '00000000000000000000000000000000': 0 pak files mounted, 0 remain pending
[2019.04.30-00.20.46:073][  0]LogPakFile: Registered encryption key '00000000000000000000000000000000': 0 pak files mounted, 0 remain pending
[2019.04.30-00.20.46:730][  0]LogContentBrowser: Native class hierarchy updated for 'AddContentDialog' in 0.0003 seconds. Added 0 classes and 0 folders.
[2019.04.30-00.20.46:738][  0]LogContentBrowser: Native class hierarchy updated for 'SceneOutliner' in 0.0003 seconds. Added 1 classes and 2 folders.
[2019.04.30-00.20.46:755][  0]LogSlate: Took 0.000315 seconds to synchronously load lazily loaded font '../../../Engine/Content/Slate/Fonts/Roboto-Regular.ttf' (155K)
[2019.04.30-00.20.46:757][  0]LogSlate: Took 0.000236 seconds to synchronously load lazily loaded font '../../../Engine/Content/Slate/Fonts/Roboto-Bold.ttf' (160K)
[2019.04.30-00.20.46:765][  0]LogSlate: Took 0.000452 seconds to synchronously load lazily loaded font '../../../Engine/Content/Editor/Slate/Fonts/FontAwesome.ttf' (139K)
[2019.04.30-00.20.46:849][  0]LogRenderer: Reallocating scene render targets to support 1084x640 Format 10 NumSamples 1 (Frame:1).
[2019.04.30-00.20.47:052][  0]LogContentBrowser: Native class hierarchy updated for 'HierarchicalLODOutliner' in 0.0003 seconds. Added 0 classes and 0 folders.
[2019.04.30-00.20.47:052][  0]LogLoad: (Engine Initialization) Total time: 26.21 seconds
[2019.04.30-00.20.47:052][  0]LogLoad: (Engine Initialization) Total Blueprint compile time: 0.00 seconds
[2019.04.30-00.20.47:103][  0]LogAssetRegistry: Asset discovery search completed in 16.3794 seconds
[2019.04.30-00.20.47:105][  0]LogCollectionManager: Rebuilt the object cache for 0 collections in 0.000000 seconds (found 0 objects)
[2019.04.30-00.20.47:105][  0]LogCollectionManager: Fixed up redirectors for 0 collections in 0.000049 seconds (updated 0 objects)
[2019.04.30-00.20.47:106][  0]LogContentStreaming: Texture pool size now 1000 MB
[2019.04.30-00.20.47:140][  0]LogSlate: Took 0.000173 seconds to synchronously load lazily loaded font '../../../Engine/Content/Slate/Fonts/Roboto-Light.ttf' (167K)
[2019.04.30-00.20.53:058][352]LogSlate: FSceneViewport::OnFocusLost() reason 0
[2019.04.30-00.20.58:617][684]LogSlate: Took 0.000220 seconds to synchronously load lazily loaded font '../../../Engine/Content/Slate/Fonts/Roboto-Light.ttf' (167K)
[2019.04.30-00.20.59:217][684]LogAIModule: Creating AISystem for world Map1
[2019.04.30-00.20.59:252][684]LogAssetEditorManager: Opening Asset editor for World /Game/Maps/Map1.Map1
[2019.04.30-00.20.59:279][684]LogUObjectHash: Compacting FUObjectHashTables data took   2.65ms
[2019.04.30-00.20.59:280][684]Cmd: MAP LOAD FILE="D:/Bomberman/BomberMan/Content/Maps/Map1.umap" TEMPLATE=0 SHOWPROGRESS=1 FEATURELEVEL=3
[2019.04.30-00.20.59:281][684]LightingResults: New page: Lighting Build
[2019.04.30-00.20.59:281][684]LoadErrors: New page: Loading map: Map1.umap
[2019.04.30-00.20.59:282][684]MapCheck: New page: Map Check
[2019.04.30-00.20.59:282][684]LightingResults: New page: Lighting Build
[2019.04.30-00.20.59:306][684]LogUObjectHash: Compacting FUObjectHashTables data took   1.96ms
[2019.04.30-00.20.59:342][684]LogEditorServer: Finished looking for orphan Actors (0.000 secs)
[2019.04.30-00.20.59:369][684]LogUObjectHash: Compacting FUObjectHashTables data took   1.70ms
[2019.04.30-00.20.59:392][684]Cmd: MAP CHECKDEP NOCLEARLOG
[2019.04.30-00.20.59:392][684]MapCheck: Map check complete: 0 Error(s), 0 Warning(s), took 0.105ms to complete.
[2019.04.30-00.20.59:392][684]LogFileHelpers: Loading map 'Map1' took 0.113
[2019.04.30-00.21.00:570][732]LogContentBrowser: Native class hierarchy updated for 'WorldBrowser' in 0.0007 seconds. Added 2 classes and 3 folders.
[2019.04.30-00.21.02:041][819]LogTemp: Repeating last play command: Selected Viewport
[2019.04.30-00.21.02:055][819]LogBlueprintUserMessages: Early PlayInEditor Detection: Level '/Game/Maps/Map1.Map1:PersistentLevel' has LevelScriptBlueprint '/Game/Maps/Map1.Map1:PersistentLevel.Map1' with GeneratedClass '/Game/Maps/Map1.Map1_C' with ClassGeneratedBy '/Game/Maps/Map1.Map1:PersistentLevel.Map1'
[2019.04.30-00.21.02:055][819]LogPlayLevel: PlayLevel: No blueprints needed recompiling
[2019.04.30-00.21.02:055][819]PIE: New page: PIE session: Map1 (Apr 30, 2019, 4:21:02 AM)
[2019.04.30-00.21.02:068][819]LogPlayLevel: Creating play world package: /Game/Maps/UEDPIE_0_Map1
[2019.04.30-00.21.02:084][819]LogPlayLevel: PIE: StaticDuplicateObject took: (0.016127s)
[2019.04.30-00.21.02:085][819]LogAIModule: Creating AISystem for world Map1
[2019.04.30-00.21.02:085][819]LogPlayLevel: PIE: World Init took: (0.000658s)
[2019.04.30-00.21.02:085][819]LogPlayLevel: PIE: Created PIE world by copying editor world from /Game/Maps/Map1.Map1 to /Game/Maps/UEDPIE_0_Map1.Map1 (0.017118s)
[2019.04.30-00.21.02:109][819]LogUObjectHash: Compacting FUObjectHashTables data took   1.23ms
[2019.04.30-00.21.02:114][819]LogInit: XAudio2 using 'Speakers (Conexant SmartAudio HD)' : 2 channels at 48 kHz using 32 bits per sample (channel mask 0x3)
[2019.04.30-00.21.02:140][819]LogInit: FAudioDevice initialized.
[2019.04.30-00.21.02:179][819]LogLoad: Game class is 'GameModeBase'
[2019.04.30-00.21.02:184][819]LogWorld: Bringing World /Game/Maps/UEDPIE_0_Map1.Map1 up for play (max tick rate 60) at 2019.04.30-02.21.02
[2019.04.30-00.21.02:185][819]LogWorld: Bringing up level for play took: 0.004378
[2019.04.30-00.21.02:205][819]LogContentBrowser: Native class hierarchy updated for 'MovieSceneCapture' in 0.0003 seconds. Added 20 classes and 0 folders.
[2019.04.30-00.21.02:207][819]PIE: Play in editor start time for /Game/Maps/UEDPIE_0_Map1 -0.795
[2019.04.30-00.21.02:207][819]LogBlueprintUserMessages: Late PlayInEditor Detection: Level '/Game/Maps/Map1.Map1:PersistentLevel' has LevelScriptBlueprint '/Game/Maps/Map1.Map1:PersistentLevel.Map1' with GeneratedClass '/Game/Maps/Map1.Map1_C' with ClassGeneratedBy '/Game/Maps/Map1.Map1:PersistentLevel.Map1'
[2019.04.30-00.21.05:547][ 16]LogBlueprintUserMessages: Early EndPlayMap Detection: Level '/Game/Maps/Map1.Map1:PersistentLevel' has LevelScriptBlueprint '/Game/Maps/Map1.Map1:PersistentLevel.Map1' with GeneratedClass '/Game/Maps/Map1.Map1_C' with ClassGeneratedBy '/Game/Maps/Map1.Map1:PersistentLevel.Map1'
[2019.04.30-00.21.05:548][ 16]LogSlate: Updating window title bar state: overlay mode, drag disabled, window buttons hidden, title bar hidden
[2019.04.30-00.21.05:592][ 16]LogPlayLevel: Display: Shutting down PIE online subsystems
[2019.04.30-00.21.05:593][ 16]LogBlueprintUserMessages: Late EndPlayMap Detection: Level '/Game/Maps/Map1.Map1:PersistentLevel' has LevelScriptBlueprint '/Game/Maps/Map1.Map1:PersistentLevel.Map1' with GeneratedClass '/Game/Maps/Map1.Map1_C' with ClassGeneratedBy '/Game/Maps/Map1.Map1:PersistentLevel.Map1'
[2019.04.30-00.21.05:619][ 16]LogSlate: Updating window title bar state: overlay mode, drag disabled, window buttons hidden, title bar hidden
[2019.04.30-00.21.05:623][ 16]LogUObjectHash: Compacting FUObjectHashTables data took   1.83ms
[2019.04.30-00.21.05:761][ 18]LogPlayLevel: Display: Destroying online subsystem :Context_1
[2019.04.30-00.21.07:307][ 98]LogSlate: FSceneViewport::OnFocusLost() reason 2
[2019.04.30-00.21.14:128][458]LogConsoleManager: Warning: Console object named 'ActorComponents.Enable' already exists but is being registered again, but we weren't expected it to be! (FConsoleManager::AddConsoleObject)
[2019.04.30-00.21.34:740][510]LogSlate: Prevented a slow task dialog from being summoned while a context menu was open
[2019.04.30-00.21.34:767][510]LogSynthBenchmark: Display: FSynthBenchmark (V0.95):  requested WorkScale=1.00
[2019.04.30-00.21.34:767][510]LogSynthBenchmark: Display: ===============
[2019.04.30-00.21.34:767][510]LogSynthBenchmark: Display: Main Processor:
[2019.04.30-00.21.34:804][510]LogSynthBenchmark: Display:          ... 0.017023 s/Run 'RayIntersect'
[2019.04.30-00.21.34:804][510]LogSynthBenchmark: Display:          ... 0.020077 s/Run 'Fractal'
[2019.04.30-00.21.34:804][510]LogSynthBenchmark: Display: 
[2019.04.30-00.21.34:804][510]LogSynthBenchmark: Display:   CompiledTarget_x_Bits: 64
[2019.04.30-00.21.34:804][510]LogSynthBenchmark: Display:   UE_BUILD_SHIPPING: 0
[2019.04.30-00.21.34:804][510]LogSynthBenchmark: Display:   UE_BUILD_TEST: 0
[2019.04.30-00.21.34:804][510]LogSynthBenchmark: Display:   UE_BUILD_DEBUG: 0
[2019.04.30-00.21.34:804][510]LogSynthBenchmark: Display:   TotalPhysicalGBRam: 8
[2019.04.30-00.21.34:804][510]LogSynthBenchmark: Display:   NumberOfCores (physical): 4
[2019.04.30-00.21.34:804][510]LogSynthBenchmark: Display:   NumberOfCores (logical): 8
[2019.04.30-00.21.34:804][510]LogSynthBenchmark: Display:   CPU Perf Index 0: 150.4 (weight 1.00)
[2019.04.30-00.21.34:804][510]LogSynthBenchmark: Display:   CPU Perf Index 1: 142.4 (weight 1.50)
[2019.04.30-00.21.34:804][510]LogSynthBenchmark: Display:  
[2019.04.30-00.21.34:804][510]LogSynthBenchmark: Display: Graphics:
[2019.04.30-00.21.34:804][510]LogSynthBenchmark: Display:   Adapter Name: 'NVIDIA GeForce GTX 950M'
[2019.04.30-00.21.34:804][510]LogSynthBenchmark: Display:   (On Optimus the name might be wrong, memory should be ok)
[2019.04.30-00.21.34:804][510]LogSynthBenchmark: Display:   Vendor Id: 0x10DE
[2019.04.30-00.21.34:804][510]LogSynthBenchmark: Display:   Device Id: 0x139A
[2019.04.30-00.21.34:804][510]LogSynthBenchmark: Display:   Device Revision: 0xA2
[2019.04.30-00.21.34:804][510]LogSynthBenchmark: Display:   GPU Memory: 4056/0/4041 MB
[2019.04.30-00.21.35:306][510]LogSynthBenchmark: Display:   GPU first test: 0.01s
[2019.04.30-00.21.35:306][510]LogSynthBenchmark: Display:          ... 1.831 s/GigaPix, Confidence=89% 'ALUHeavyNoise' (likely to be very inaccurate)
[2019.04.30-00.21.35:306][510]LogSynthBenchmark: Display:          ... 1.803 s/GigaPix, Confidence=100% 'TexHeavy' (likely to be very inaccurate)
[2019.04.30-00.21.35:306][510]LogSynthBenchmark: Display:          ... 1.185 s/GigaPix, Confidence=100% 'DepTexHeavy' (likely to be very inaccurate)
[2019.04.30-00.21.35:306][510]LogSynthBenchmark: Display:          ... 6.005 s/GigaPix, Confidence=89% 'FillOnly' (likely to be very inaccurate)
[2019.04.30-00.21.35:306][510]LogSynthBenchmark: Display:          ... 0.353 s/GigaPix, Confidence=100% 'Bandwidth' (likely to be very inaccurate)
[2019.04.30-00.21.35:306][510]LogSynthBenchmark: Display:          ... 0.700 s/GigaVert, Confidence=89% 'VertThroughPut1' (likely to be very inaccurate)
[2019.04.30-00.21.35:306][510]LogSynthBenchmark: Display:          ... 2.359 s/GigaVert, Confidence=100% 'VertThroughPut2' (likely to be very inaccurate)
[2019.04.30-00.21.36:000][510]LogSynthBenchmark: Display:   GPU second test: 0.08s
[2019.04.30-00.21.36:000][510]LogSynthBenchmark: Display:          ... 3.195 s/GigaPix, Confidence=100% 'ALUHeavyNoise' (likely to be inaccurate)
[2019.04.30-00.21.36:000][510]LogSynthBenchmark: Display:          ... 2.509 s/GigaPix, Confidence=100% 'TexHeavy' (likely to be inaccurate)
[2019.04.30-00.21.36:000][510]LogSynthBenchmark: Display:          ... 2.307 s/GigaPix, Confidence=100% 'DepTexHeavy' (likely to be inaccurate)
[2019.04.30-00.21.36:000][510]LogSynthBenchmark: Display:          ... 13.010 s/GigaPix, Confidence=89% 'FillOnly' (likely to be inaccurate)
[2019.04.30-00.21.36:000][510]LogSynthBenchmark: Display:          ... 0.412 s/GigaPix, Confidence=100% 'Bandwidth' (likely to be inaccurate)
[2019.04.30-00.21.36:000][510]LogSynthBenchmark: Display:          ... 0.538 s/GigaVert, Confidence=100% 'VertThroughPut1' (likely to be inaccurate)
[2019.04.30-00.21.36:000][510]LogSynthBenchmark: Display:          ... 1.429 s/GigaVert, Confidence=100% 'VertThroughPut2' (likely to be inaccurate)
[2019.04.30-00.21.37:396][510]LogSynthBenchmark: Display:   GPU third test: 0.79s
[2019.04.30-00.21.37:396][510]LogSynthBenchmark: Display:          ... 3.401 s/GigaPix, Confidence=100% 'ALUHeavyNoise'
[2019.04.30-00.21.37:396][510]LogSynthBenchmark: Display:          ... 2.726 s/GigaPix, Confidence=100% 'TexHeavy'
[2019.04.30-00.21.37:396][510]LogSynthBenchmark: Display:          ... 2.629 s/GigaPix, Confidence=100% 'DepTexHeavy'
[2019.04.30-00.21.37:396][510]LogSynthBenchmark: Display:          ... 14.441 s/GigaPix, Confidence=89% 'FillOnly'
[2019.04.30-00.21.37:396][510]LogSynthBenchmark: Display:          ... 0.411 s/GigaPix, Confidence=100% 'Bandwidth'
[2019.04.30-00.21.37:396][510]LogSynthBenchmark: Display:          ... 0.515 s/GigaVert, Confidence=100% 'VertThroughPut1'
[2019.04.30-00.21.37:396][510]LogSynthBenchmark: Display:          ... 1.361 s/GigaVert, Confidence=100% 'VertThroughPut2'
[2019.04.30-00.21.37:396][510]LogSynthBenchmark: Display:   GPU Final Results:
[2019.04.30-00.21.37:396][510]LogSynthBenchmark: Display:          ... 3.401 s/GigaPix, Confidence=100% 'ALUHeavyNoise'
[2019.04.30-00.21.37:396][510]LogSynthBenchmark: Display:          ... 2.726 s/GigaPix, Confidence=100% 'TexHeavy'
[2019.04.30-00.21.37:396][510]LogSynthBenchmark: Display:          ... 2.629 s/GigaPix, Confidence=100% 'DepTexHeavy'
[2019.04.30-00.21.37:396][510]LogSynthBenchmark: Display:          ... 14.441 s/GigaPix, Confidence=89% 'FillOnly'
[2019.04.30-00.21.37:396][510]LogSynthBenchmark: Display:          ... 0.411 s/GigaPix, Confidence=100% 'Bandwidth'
[2019.04.30-00.21.37:396][510]LogSynthBenchmark: Display:          ... 0.515 s/GigaVert, Confidence=100% 'VertThroughPut1'
[2019.04.30-00.21.37:396][510]LogSynthBenchmark: Display:          ... 1.361 s/GigaVert, Confidence=100% 'VertThroughPut2'
[2019.04.30-00.21.37:396][510]LogSynthBenchmark: Display: 
[2019.04.30-00.21.37:396][510]LogSynthBenchmark: Display:   GPU Perf Index 0: 73.9 (weight 1.00)
[2019.04.30-00.21.37:396][510]LogSynthBenchmark: Display:   GPU Perf Index 1: 36.6 (weight 0.10)
[2019.04.30-00.21.37:396][510]LogSynthBenchmark: Display:   GPU Perf Index 2: 68.3 (weight 0.10)
[2019.04.30-00.21.37:396][510]LogSynthBenchmark: Display:   GPU Perf Index 3: 56.7 (weight 3.00)
[2019.04.30-00.21.37:396][510]LogSynthBenchmark: Display:   GPU Perf Index 4: 38.3 (weight 1.00)
[2019.04.30-00.21.37:396][510]LogSynthBenchmark: Display:   GPU Perf Index 5: 33.5 (weight 0.00)
[2019.04.30-00.21.37:396][510]LogSynthBenchmark: Display:   GPU Perf Index 6: 77.0 (weight 0.00)
[2019.04.30-00.21.37:396][510]LogSynthBenchmark: Display:   GPUIndex: 56.3
[2019.04.30-00.21.37:396][510]LogSynthBenchmark: Display:   CPUIndex: 145.6
[2019.04.30-00.21.37:396][510]LogSynthBenchmark: Display: 
[2019.04.30-00.21.37:396][510]LogSynthBenchmark: Display:          ... Total Time: 2.629569 sec
[2019.04.30-00.21.37:396][510]LogConfig: Applying CVar settings from Section [ViewDistanceQuality@2] File [D:/Bomberman/BomberMan/Saved/Config/Windows/Scalability.ini]
[2019.04.30-00.21.37:396][510]LogConfig: Setting CVar [[r.SkeletalMeshLODBias:0]]
[2019.04.30-00.21.37:396][510]LogConfig: Setting CVar [[r.ViewDistanceScale:0.8]]
[2019.04.30-00.21.37:396][510]LogConfig: Applying CVar settings from Section [AntiAliasingQuality@2] File [D:/Bomberman/BomberMan/Saved/Config/Windows/Scalability.ini]
[2019.04.30-00.21.37:396][510]LogConfig: Setting CVar [[r.PostProcessAAQuality:3]]
[2019.04.30-00.21.37:396][510]LogConfig: Applying CVar settings from Section [ShadowQuality@2] File [D:/Bomberman/BomberMan/Saved/Config/Windows/Scalability.ini]
[2019.04.30-00.21.37:396][510]LogConfig: Setting CVar [[r.LightFunctionQuality:1]]
[2019.04.30-00.21.37:396][510]LogConfig: Setting CVar [[r.ShadowQuality:5]]
[2019.04.30-00.21.37:396][510]LogConfig: Setting CVar [[r.Shadow.CSM.MaxCascades:4]]
[2019.04.30-00.21.37:396][510]LogConfig: Setting CVar [[r.Shadow.MaxResolution:1024]]
[2019.04.30-00.21.37:396][510]LogConfig: Setting CVar [[r.Shadow.MaxCSMResolution:2048]]
[2019.04.30-00.21.37:396][510]LogConfig: Setting CVar [[r.Shadow.RadiusThreshold:0.04]]
[2019.04.30-00.21.37:396][510]LogConfig: Setting CVar [[r.Shadow.DistanceScale:0.85]]
[2019.04.30-00.21.37:396][510]LogConfig: Setting CVar [[r.Shadow.CSM.TransitionScale:0.8]]
[2019.04.30-00.21.37:396][510]LogConfig: Setting CVar [[r.Shadow.PreShadowResolutionFactor:0.5]]
[2019.04.30-00.21.37:396][510]LogConfig: Setting CVar [[r.DistanceFieldShadowing:1]]
[2019.04.30-00.21.37:397][510]LogConfig: Setting CVar [[r.DistanceFieldAO:1]]
[2019.04.30-00.21.37:397][510]LogConfig: Setting CVar [[r.AOQuality:1]]
[2019.04.30-00.21.37:397][510]LogConfig: Setting CVar [[r.VolumetricFog:1]]
[2019.04.30-00.21.37:397][510]LogConfig: Setting CVar [[r.VolumetricFog.GridPixelSize:16]]
[2019.04.30-00.21.37:397][510]LogConfig: Setting CVar [[r.VolumetricFog.GridSizeZ:64]]
[2019.04.30-00.21.37:397][510]LogConfig: Setting CVar [[r.VolumetricFog.HistoryMissSupersampleCount:4]]
[2019.04.30-00.21.37:397][510]LogConfig: Setting CVar [[r.LightMaxDrawDistanceScale:1]]
[2019.04.30-00.21.37:397][510]LogConfig: Setting CVar [[r.CapsuleShadows:1]]
[2019.04.30-00.21.37:397][510]LogConfig: Applying CVar settings from Section [PostProcessQuality@2] File [D:/Bomberman/BomberMan/Saved/Config/Windows/Scalability.ini]
[2019.04.30-00.21.37:397][510]LogConfig: Setting CVar [[r.MotionBlurQuality:3]]
[2019.04.30-00.21.37:397][510]LogConfig: Setting CVar [[r.AmbientOcclusionMipLevelFactor:0.6]]
[2019.04.30-00.21.37:397][510]LogConfig: Setting CVar [[r.AmbientOcclusionMaxQuality:100]]
[2019.04.30-00.21.37:397][510]LogConfig: Setting CVar [[r.AmbientOcclusionLevels:-1]]
[2019.04.30-00.21.37:397][510]LogConfig: Setting CVar [[r.AmbientOcclusionRadiusScale:1.5]]
[2019.04.30-00.21.37:397][510]LogConfig: Setting CVar [[r.DepthOfFieldQuality:2]]
[2019.04.30-00.21.37:397][510]LogConfig: Setting CVar [[r.RenderTargetPoolMin:400]]
[2019.04.30-00.21.37:397][510]LogConfig: Setting CVar [[r.LensFlareQuality:2]]
[2019.04.30-00.21.37:397][510]LogConfig: Setting CVar [[r.SceneColorFringeQuality:1]]
[2019.04.30-00.21.37:397][510]LogConfig: Setting CVar [[r.EyeAdaptationQuality:2]]
[2019.04.30-00.21.37:397][510]LogConfig: Setting CVar [[r.BloomQuality:5]]
[2019.04.30-00.21.37:397][510]LogConfig: Setting CVar [[r.FastBlurThreshold:3]]
[2019.04.30-00.21.37:397][510]LogConfig: Setting CVar [[r.Upscale.Quality:2]]
[2019.04.30-00.21.37:397][510]LogConfig: Setting CVar [[r.Tonemapper.GrainQuantization:1]]
[2019.04.30-00.21.37:397][510]LogConfig: Setting CVar [[r.LightShaftQuality:1]]
[2019.04.30-00.21.37:397][510]LogConfig: Setting CVar [[r.Filter.SizeScale:0.8]]
[2019.04.30-00.21.37:397][510]LogConfig: Setting CVar [[r.Tonemapper.Quality:5]]
[2019.04.30-00.21.37:397][510]LogConfig: Setting CVar [[r.DOF.Gather.AccumulatorQuality:0        ; lower gathering accumulator quality]]
[2019.04.30-00.21.37:397][510]LogConfig: Setting CVar [[r.DOF.Gather.PostfilterMethod:2          ; Max3x3 postfilering method]]
[2019.04.30-00.21.37:397][510]LogConfig: Setting CVar [[r.DOF.Gather.EnableBokehSettings:0       ; no bokeh simulation when gathering]]
[2019.04.30-00.21.37:397][510]LogConfig: Setting CVar [[r.DOF.Gather.RingCount:4                 ; medium number of samples when gathering]]
[2019.04.30-00.21.37:397][510]LogConfig: Setting CVar [[r.DOF.Scatter.ForegroundCompositing:1    ; additive foreground scattering]]
[2019.04.30-00.21.37:397][510]LogConfig: Setting CVar [[r.DOF.Scatter.BackgroundCompositing:1    ; no background occlusion]]
[2019.04.30-00.21.37:397][510]LogConfig: Setting CVar [[r.DOF.Scatter.EnableBokehSettings:0      ; no bokeh simulation when scattering]]
[2019.04.30-00.21.37:397][510]LogConfig: Setting CVar [[r.DOF.Scatter.MaxSpriteRatio:0.04        ; only a maximum of 4% of scattered bokeh]]
[2019.04.30-00.21.37:397][510]LogConfig: Setting CVar [[r.DOF.Recombine.Quality:0                ; no slight out of focus]]
[2019.04.30-00.21.37:397][510]LogConfig: Setting CVar [[r.DOF.TemporalAAQuality:0                ; faster temporal accumulation]]
[2019.04.30-00.21.37:397][510]LogConfig: Setting CVar [[r.DOF.Kernel.MaxForegroundRadius:0.012   ; required because of AccumulatorQuality=0]]
[2019.04.30-00.21.37:397][510]LogConfig: Setting CVar [[r.DOF.Kernel.MaxBackgroundRadius:0.012   ; required because of AccumulatorQuality=0]]
[2019.04.30-00.21.37:397][510]LogConfig: Applying CVar settings from Section [TextureQuality@2] File [D:/Bomberman/BomberMan/Saved/Config/Windows/Scalability.ini]
[2019.04.30-00.21.37:397][510]LogConfig: Setting CVar [[r.Streaming.MipBias:0]]
[2019.04.30-00.21.37:397][510]LogConfig: Setting CVar [[r.Streaming.AmortizeCPUToGPUCopy:0]]
[2019.04.30-00.21.37:397][510]LogConfig: Setting CVar [[r.Streaming.MaxNumTexturesToStreamPerFrame:0]]
[2019.04.30-00.21.37:397][510]LogConfig: Setting CVar [[r.Streaming.Boost:1]]
[2019.04.30-00.21.37:397][510]LogConfig: Setting CVar [[r.MaxAnisotropy:4]]
[2019.04.30-00.21.37:397][510]LogConfig: Setting CVar [[r.Streaming.LimitPoolSizeToVRAM:1]]
[2019.04.30-00.21.37:397][510]LogConfig: Setting CVar [[r.Streaming.PoolSize:800]]
[2019.04.30-00.21.37:397][510]LogConfig: Setting CVar [[r.Streaming.MaxEffectiveScreenSize:0]]
[2019.04.30-00.21.37:397][510]LogConfig: Applying CVar settings from Section [EffectsQuality@2] File [D:/Bomberman/BomberMan/Saved/Config/Windows/Scalability.ini]
[2019.04.30-00.21.37:397][510]LogConfig: Setting CVar [[r.TranslucencyLightingVolumeDim:48]]
[2019.04.30-00.21.37:397][510]LogConfig: Setting CVar [[r.RefractionQuality:2]]
[2019.04.30-00.21.37:397][510]LogConfig: Setting CVar [[r.SSR.Quality:2]]
[2019.04.30-00.21.37:397][510]LogConfig: Setting CVar [[r.SceneColorFormat:3]]
[2019.04.30-00.21.37:397][510]LogConfig: Setting CVar [[r.DetailMode:1]]
[2019.04.30-00.21.37:397][510]LogConfig: Setting CVar [[r.TranslucencyVolumeBlur:1]]
[2019.04.30-00.21.37:397][510]LogConfig: Setting CVar [[r.MaterialQualityLevel:1 ; High quality]]
[2019.04.30-00.21.37:397][510]LogConfig: Setting CVar [[r.SSS.Scale:1]]
[2019.04.30-00.21.37:397][510]LogConfig: Setting CVar [[r.SSS.SampleSet:1]]
[2019.04.30-00.21.37:397][510]LogConfig: Setting CVar [[r.SSS.Quality:-1]]
[2019.04.30-00.21.37:397][510]LogConfig: Setting CVar [[r.SSS.HalfRes:1]]
[2019.04.30-00.21.37:398][510]LogConfig: Setting CVar [[r.EmitterSpawnRateScale:0.5]]
[2019.04.30-00.21.37:398][510]LogConfig: Setting CVar [[r.ParticleLightQuality:1]]
[2019.04.30-00.21.37:398][510]LogConfig: Applying CVar settings from Section [FoliageQuality@2] File [D:/Bomberman/BomberMan/Saved/Config/Windows/Scalability.ini]
[2019.04.30-00.21.37:398][510]LogConfig: Setting CVar [[foliage.DensityScale:0.8]]
[2019.04.30-00.21.37:398][510]LogConfig: Setting CVar [[grass.DensityScale:0.8]]
[2019.04.30-00.21.37:419][512]LogRenderer: Reallocating scene render targets to support 1084x640 Format 9 NumSamples 1 (Frame:1544).
[2019.04.30-00.21.37:507][513]LogContentStreaming: Texture pool size now 800 MB
[2019.04.30-00.21.41:357][705]LogSlate: Prevented a slow task dialog from being summoned while a context menu was open
[2019.04.30-00.21.41:357][705]LogSynthBenchmark: Display: FSynthBenchmark (V0.95):  requested WorkScale=1.00
[2019.04.30-00.21.41:357][705]LogSynthBenchmark: Display: ===============
[2019.04.30-00.21.41:357][705]LogSynthBenchmark: Display: Main Processor:
[2019.04.30-00.21.41:395][705]LogSynthBenchmark: Display:          ... 0.016909 s/Run 'RayIntersect'
[2019.04.30-00.21.41:395][705]LogSynthBenchmark: Display:          ... 0.020231 s/Run 'Fractal'
[2019.04.30-00.21.41:395][705]LogSynthBenchmark: Display: 
[2019.04.30-00.21.41:395][705]LogSynthBenchmark: Display:   CompiledTarget_x_Bits: 64
[2019.04.30-00.21.41:395][705]LogSynthBenchmark: Display:   UE_BUILD_SHIPPING: 0
[2019.04.30-00.21.41:395][705]LogSynthBenchmark: Display:   UE_BUILD_TEST: 0
[2019.04.30-00.21.41:395][705]LogSynthBenchmark: Display:   UE_BUILD_DEBUG: 0
[2019.04.30-00.21.41:395][705]LogSynthBenchmark: Display:   TotalPhysicalGBRam: 8
[2019.04.30-00.21.41:395][705]LogSynthBenchmark: Display:   NumberOfCores (physical): 4
[2019.04.30-00.21.41:395][705]LogSynthBenchmark: Display:   NumberOfCores (logical): 8
[2019.04.30-00.21.41:395][705]LogSynthBenchmark: Display:   CPU Perf Index 0: 151.5 (weight 1.00)
[2019.04.30-00.21.41:395][705]LogSynthBenchmark: Display:   CPU Perf Index 1: 141.4 (weight 1.50)
[2019.04.30-00.21.41:395][705]LogSynthBenchmark: Display:  
[2019.04.30-00.21.41:395][705]LogSynthBenchmark: Display: Graphics:
[2019.04.30-00.21.41:395][705]LogSynthBenchmark: Display:   Adapter Name: 'NVIDIA GeForce GTX 950M'
[2019.04.30-00.21.41:395][705]LogSynthBenchmark: Display:   (On Optimus the name might be wrong, memory should be ok)
[2019.04.30-00.21.41:395][705]LogSynthBenchmark: Display:   Vendor Id: 0x10DE
[2019.04.30-00.21.41:395][705]LogSynthBenchmark: Display:   Device Id: 0x139A
[2019.04.30-00.21.41:395][705]LogSynthBenchmark: Display:   Device Revision: 0xA2
[2019.04.30-00.21.41:395][705]LogSynthBenchmark: Display:   GPU Memory: 4056/0/4041 MB
[2019.04.30-00.21.42:028][705]LogSynthBenchmark: Display:   GPU first test: 0.01s
[2019.04.30-00.21.42:028][705]LogSynthBenchmark: Display:          ... 1.989 s/GigaPix, Confidence=100% 'ALUHeavyNoise' (likely to be very inaccurate)
[2019.04.30-00.21.42:028][705]LogSynthBenchmark: Display:          ... 1.979 s/GigaPix, Confidence=89% 'TexHeavy' (likely to be very inaccurate)
[2019.04.30-00.21.42:028][705]LogSynthBenchmark: Display:          ... 1.243 s/GigaPix, Confidence=100% 'DepTexHeavy' (likely to be very inaccurate)
[2019.04.30-00.21.42:028][705]LogSynthBenchmark: Display:          ... 6.429 s/GigaPix, Confidence=89% 'FillOnly' (likely to be very inaccurate)
[2019.04.30-00.21.42:028][705]LogSynthBenchmark: Display:          ... 0.385 s/GigaPix, Confidence=100% 'Bandwidth' (likely to be very inaccurate)
[2019.04.30-00.21.42:028][705]LogSynthBenchmark: Display:          ... 0.657 s/GigaVert, Confidence=100% 'VertThroughPut1' (likely to be very inaccurate)
[2019.04.30-00.21.42:028][705]LogSynthBenchmark: Display:          ... 2.596 s/GigaVert, Confidence=100% 'VertThroughPut2' (likely to be very inaccurate)
[2019.04.30-00.21.42:716][705]LogSynthBenchmark: Display:   GPU second test: 0.08s
[2019.04.30-00.21.42:716][705]LogSynthBenchmark: Display:          ... 3.181 s/GigaPix, Confidence=100% 'ALUHeavyNoise' (likely to be inaccurate)
[2019.04.30-00.21.42:716][705]LogSynthBenchmark: Display:          ... 2.513 s/GigaPix, Confidence=100% 'TexHeavy' (likely to be inaccurate)
[2019.04.30-00.21.42:716][705]LogSynthBenchmark: Display:          ... 2.298 s/GigaPix, Confidence=100% 'DepTexHeavy' (likely to be inaccurate)
[2019.04.30-00.21.42:716][705]LogSynthBenchmark: Display:          ... 12.839 s/GigaPix, Confidence=100% 'FillOnly' (likely to be inaccurate)
[2019.04.30-00.21.42:716][705]LogSynthBenchmark: Display:          ... 0.412 s/GigaPix, Confidence=100% 'Bandwidth' (likely to be inaccurate)
[2019.04.30-00.21.42:716][705]LogSynthBenchmark: Display:          ... 0.540 s/GigaVert, Confidence=100% 'VertThroughPut1' (likely to be inaccurate)
[2019.04.30-00.21.42:716][705]LogSynthBenchmark: Display:          ... 1.428 s/GigaVert, Confidence=100% 'VertThroughPut2' (likely to be inaccurate)
[2019.04.30-00.21.44:111][705]LogSynthBenchmark: Display:   GPU third test: 0.79s
[2019.04.30-00.21.44:111][705]LogSynthBenchmark: Display:          ... 3.399 s/GigaPix, Confidence=100% 'ALUHeavyNoise'
[2019.04.30-00.21.44:111][705]LogSynthBenchmark: Display:          ... 2.726 s/GigaPix, Confidence=100% 'TexHeavy'
[2019.04.30-00.21.44:111][705]LogSynthBenchmark: Display:          ... 2.608 s/GigaPix, Confidence=100% 'DepTexHeavy'
[2019.04.30-00.21.44:111][705]LogSynthBenchmark: Display:          ... 14.431 s/GigaPix, Confidence=100% 'FillOnly'
[2019.04.30-00.21.44:111][705]LogSynthBenchmark: Display:          ... 0.410 s/GigaPix, Confidence=100% 'Bandwidth'
[2019.04.30-00.21.44:111][705]LogSynthBenchmark: Display:          ... 0.518 s/GigaVert, Confidence=100% 'VertThroughPut1'
[2019.04.30-00.21.44:111][705]LogSynthBenchmark: Display:          ... 1.361 s/GigaVert, Confidence=100% 'VertThroughPut2'
[2019.04.30-00.21.44:111][705]LogSynthBenchmark: Display:   GPU Final Results:
[2019.04.30-00.21.44:111][705]LogSynthBenchmark: Display:          ... 3.399 s/GigaPix, Confidence=100% 'ALUHeavyNoise'
[2019.04.30-00.21.44:111][705]LogSynthBenchmark: Display:          ... 2.726 s/GigaPix, Confidence=100% 'TexHeavy'
[2019.04.30-00.21.44:111][705]LogSynthBenchmark: Display:          ... 2.608 s/GigaPix, Confidence=100% 'DepTexHeavy'
[2019.04.30-00.21.44:112][705]LogSynthBenchmark: Display:          ... 14.431 s/GigaPix, Confidence=100% 'FillOnly'
[2019.04.30-00.21.44:112][705]LogSynthBenchmark: Display:          ... 0.410 s/GigaPix, Confidence=100% 'Bandwidth'
[2019.04.30-00.21.44:112][705]LogSynthBenchmark: Display:          ... 0.518 s/GigaVert, Confidence=100% 'VertThroughPut1'
[2019.04.30-00.21.44:112][705]LogSynthBenchmark: Display:          ... 1.361 s/GigaVert, Confidence=100% 'VertThroughPut2'
[2019.04.30-00.21.44:112][705]LogSynthBenchmark: Display: 
[2019.04.30-00.21.44:112][705]LogSynthBenchmark: Display:   GPU Perf Index 0: 73.9 (weight 1.00)
[2019.04.30-00.21.44:112][705]LogSynthBenchmark: Display:   GPU Perf Index 1: 36.6 (weight 0.10)
[2019.04.30-00.21.44:112][705]LogSynthBenchmark: Display:   GPU Perf Index 2: 67.8 (weight 0.10)
[2019.04.30-00.21.44:112][705]LogSynthBenchmark: Display:   GPU Perf Index 3: 56.7 (weight 3.00)
[2019.04.30-00.21.44:112][705]LogSynthBenchmark: Display:   GPU Perf Index 4: 38.3 (weight 1.00)
[2019.04.30-00.21.44:112][705]LogSynthBenchmark: Display:   GPU Perf Index 5: 33.7 (weight 0.00)
[2019.04.30-00.21.44:112][705]LogSynthBenchmark: Display:   GPU Perf Index 6: 77.0 (weight 0.00)
[2019.04.30-00.21.44:112][705]LogSynthBenchmark: Display:   GPUIndex: 56.3
[2019.04.30-00.21.44:112][705]LogSynthBenchmark: Display:   CPUIndex: 145.4
[2019.04.30-00.21.44:112][705]LogSynthBenchmark: Display: 
[2019.04.30-00.21.44:112][705]LogSynthBenchmark: Display:          ... Total Time: 2.754493 sec
[2019.04.30-00.21.44:112][705]LogConfig: Applying CVar settings from Section [ViewDistanceQuality@2] File [D:/Bomberman/BomberMan/Saved/Config/Windows/Scalability.ini]
[2019.04.30-00.21.44:112][705]LogConfig: Setting CVar [[r.SkeletalMeshLODBias:0]]
[2019.04.30-00.21.44:112][705]LogConfig: Setting CVar [[r.ViewDistanceScale:0.8]]
[2019.04.30-00.21.44:112][705]LogConfig: Applying CVar settings from Section [AntiAliasingQuality@2] File [D:/Bomberman/BomberMan/Saved/Config/Windows/Scalability.ini]
[2019.04.30-00.21.44:112][705]LogConfig: Setting CVar [[r.PostProcessAAQuality:3]]
[2019.04.30-00.21.44:112][705]LogConfig: Applying CVar settings from Section [ShadowQuality@2] File [D:/Bomberman/BomberMan/Saved/Config/Windows/Scalability.ini]
[2019.04.30-00.21.44:112][705]LogConfig: Setting CVar [[r.LightFunctionQuality:1]]
[2019.04.30-00.21.44:112][705]LogConfig: Setting CVar [[r.ShadowQuality:5]]
[2019.04.30-00.21.44:112][705]LogConfig: Setting CVar [[r.Shadow.CSM.MaxCascades:4]]
[2019.04.30-00.21.44:112][705]LogConfig: Setting CVar [[r.Shadow.MaxResolution:1024]]
[2019.04.30-00.21.44:112][705]LogConfig: Setting CVar [[r.Shadow.MaxCSMResolution:2048]]
[2019.04.30-00.21.44:112][705]LogConfig: Setting CVar [[r.Shadow.RadiusThreshold:0.04]]
[2019.04.30-00.21.44:112][705]LogConfig: Setting CVar [[r.Shadow.DistanceScale:0.85]]
[2019.04.30-00.21.44:112][705]LogConfig: Setting CVar [[r.Shadow.CSM.TransitionScale:0.8]]
[2019.04.30-00.21.44:112][705]LogConfig: Setting CVar [[r.Shadow.PreShadowResolutionFactor:0.5]]
[2019.04.30-00.21.44:112][705]LogConfig: Setting CVar [[r.DistanceFieldShadowing:1]]
[2019.04.30-00.21.44:112][705]LogConfig: Setting CVar [[r.DistanceFieldAO:1]]
[2019.04.30-00.21.44:112][705]LogConfig: Setting CVar [[r.AOQuality:1]]
[2019.04.30-00.21.44:112][705]LogConfig: Setting CVar [[r.VolumetricFog:1]]
[2019.04.30-00.21.44:112][705]LogConfig: Setting CVar [[r.VolumetricFog.GridPixelSize:16]]
[2019.04.30-00.21.44:112][705]LogConfig: Setting CVar [[r.VolumetricFog.GridSizeZ:64]]
[2019.04.30-00.21.44:112][705]LogConfig: Setting CVar [[r.VolumetricFog.HistoryMissSupersampleCount:4]]
[2019.04.30-00.21.44:112][705]LogConfig: Setting CVar [[r.LightMaxDrawDistanceScale:1]]
[2019.04.30-00.21.44:112][705]LogConfig: Setting CVar [[r.CapsuleShadows:1]]
[2019.04.30-00.21.44:112][705]LogConfig: Applying CVar settings from Section [PostProcessQuality@2] File [D:/Bomberman/BomberMan/Saved/Config/Windows/Scalability.ini]
[2019.04.30-00.21.44:112][705]LogConfig: Setting CVar [[r.MotionBlurQuality:3]]
[2019.04.30-00.21.44:112][705]LogConfig: Setting CVar [[r.AmbientOcclusionMipLevelFactor:0.6]]
[2019.04.30-00.21.44:112][705]LogConfig: Setting CVar [[r.AmbientOcclusionMaxQuality:100]]
[2019.04.30-00.21.44:112][705]LogConfig: Setting CVar [[r.AmbientOcclusionLevels:-1]]
[2019.04.30-00.21.44:112][705]LogConfig: Setting CVar [[r.AmbientOcclusionRadiusScale:1.5]]
[2019.04.30-00.21.44:112][705]LogConfig: Setting CVar [[r.DepthOfFieldQuality:2]]
[2019.04.30-00.21.44:112][705]LogConfig: Setting CVar [[r.RenderTargetPoolMin:400]]
[2019.04.30-00.21.44:112][705]LogConfig: Setting CVar [[r.LensFlareQuality:2]]
[2019.04.30-00.21.44:112][705]LogConfig: Setting CVar [[r.SceneColorFringeQuality:1]]
[2019.04.30-00.21.44:112][705]LogConfig: Setting CVar [[r.EyeAdaptationQuality:2]]
[2019.04.30-00.21.44:112][705]LogConfig: Setting CVar [[r.BloomQuality:5]]
[2019.04.30-00.21.44:112][705]LogConfig: Setting CVar [[r.FastBlurThreshold:3]]
[2019.04.30-00.21.44:112][705]LogConfig: Setting CVar [[r.Upscale.Quality:2]]
[2019.04.30-00.21.44:112][705]LogConfig: Setting CVar [[r.Tonemapper.GrainQuantization:1]]
[2019.04.30-00.21.44:113][705]LogConfig: Setting CVar [[r.LightShaftQuality:1]]
[2019.04.30-00.21.44:113][705]LogConfig: Setting CVar [[r.Filter.SizeScale:0.8]]
[2019.04.30-00.21.44:113][705]LogConfig: Setting CVar [[r.Tonemapper.Quality:5]]
[2019.04.30-00.21.44:113][705]LogConfig: Setting CVar [[r.DOF.Gather.AccumulatorQuality:0        ; lower gathering accumulator quality]]
[2019.04.30-00.21.44:113][705]LogConfig: Setting CVar [[r.DOF.Gather.PostfilterMethod:2          ; Max3x3 postfilering method]]
[2019.04.30-00.21.44:113][705]LogConfig: Setting CVar [[r.DOF.Gather.EnableBokehSettings:0       ; no bokeh simulation when gathering]]
[2019.04.30-00.21.44:113][705]LogConfig: Setting CVar [[r.DOF.Gather.RingCount:4                 ; medium number of samples when gathering]]
[2019.04.30-00.21.44:113][705]LogConfig: Setting CVar [[r.DOF.Scatter.ForegroundCompositing:1    ; additive foreground scattering]]
[2019.04.30-00.21.44:113][705]LogConfig: Setting CVar [[r.DOF.Scatter.BackgroundCompositing:1    ; no background occlusion]]
[2019.04.30-00.21.44:113][705]LogConfig: Setting CVar [[r.DOF.Scatter.EnableBokehSettings:0      ; no bokeh simulation when scattering]]
[2019.04.30-00.21.44:113][705]LogConfig: Setting CVar [[r.DOF.Scatter.MaxSpriteRatio:0.04        ; only a maximum of 4% of scattered bokeh]]
[2019.04.30-00.21.44:113][705]LogConfig: Setting CVar [[r.DOF.Recombine.Quality:0                ; no slight out of focus]]
[2019.04.30-00.21.44:113][705]LogConfig: Setting CVar [[r.DOF.TemporalAAQuality:0                ; faster temporal accumulation]]
[2019.04.30-00.21.44:113][705]LogConfig: Setting CVar [[r.DOF.Kernel.MaxForegroundRadius:0.012   ; required because of AccumulatorQuality=0]]
[2019.04.30-00.21.44:113][705]LogConfig: Setting CVar [[r.DOF.Kernel.MaxBackgroundRadius:0.012   ; required because of AccumulatorQuality=0]]
[2019.04.30-00.21.44:113][705]LogConfig: Applying CVar settings from Section [TextureQuality@2] File [D:/Bomberman/BomberMan/Saved/Config/Windows/Scalability.ini]
[2019.04.30-00.21.44:113][705]LogConfig: Setting CVar [[r.Streaming.MipBias:0]]
[2019.04.30-00.21.44:113][705]LogConfig: Setting CVar [[r.Streaming.AmortizeCPUToGPUCopy:0]]
[2019.04.30-00.21.44:113][705]LogConfig: Setting CVar [[r.Streaming.MaxNumTexturesToStreamPerFrame:0]]
[2019.04.30-00.21.44:113][705]LogConfig: Setting CVar [[r.Streaming.Boost:1]]
[2019.04.30-00.21.44:113][705]LogConfig: Setting CVar [[r.MaxAnisotropy:4]]
[2019.04.30-00.21.44:113][705]LogConfig: Setting CVar [[r.Streaming.LimitPoolSizeToVRAM:1]]
[2019.04.30-00.21.44:113][705]LogConfig: Setting CVar [[r.Streaming.PoolSize:800]]
[2019.04.30-00.21.44:113][705]LogConfig: Setting CVar [[r.Streaming.MaxEffectiveScreenSize:0]]
[2019.04.30-00.21.44:113][705]LogConfig: Applying CVar settings from Section [EffectsQuality@2] File [D:/Bomberman/BomberMan/Saved/Config/Windows/Scalability.ini]
[2019.04.30-00.21.44:113][705]LogConfig: Setting CVar [[r.TranslucencyLightingVolumeDim:48]]
[2019.04.30-00.21.44:113][705]LogConfig: Setting CVar [[r.RefractionQuality:2]]
[2019.04.30-00.21.44:113][705]LogConfig: Setting CVar [[r.SSR.Quality:2]]
[2019.04.30-00.21.44:113][705]LogConfig: Setting CVar [[r.SceneColorFormat:3]]
[2019.04.30-00.21.44:113][705]LogConfig: Setting CVar [[r.DetailMode:1]]
[2019.04.30-00.21.44:113][705]LogConfig: Setting CVar [[r.TranslucencyVolumeBlur:1]]
[2019.04.30-00.21.44:113][705]LogConfig: Setting CVar [[r.MaterialQualityLevel:1 ; High quality]]
[2019.04.30-00.21.44:113][705]LogConfig: Setting CVar [[r.SSS.Scale:1]]
[2019.04.30-00.21.44:113][705]LogConfig: Setting CVar [[r.SSS.SampleSet:1]]
[2019.04.30-00.21.44:113][705]LogConfig: Setting CVar [[r.SSS.Quality:-1]]
[2019.04.30-00.21.44:113][705]LogConfig: Setting CVar [[r.SSS.HalfRes:1]]
[2019.04.30-00.21.44:113][705]LogConfig: Setting CVar [[r.EmitterSpawnRateScale:0.5]]
[2019.04.30-00.21.44:113][705]LogConfig: Setting CVar [[r.ParticleLightQuality:1]]
[2019.04.30-00.21.44:113][705]LogConfig: Applying CVar settings from Section [FoliageQuality@2] File [D:/Bomberman/BomberMan/Saved/Config/Windows/Scalability.ini]
[2019.04.30-00.21.44:113][705]LogConfig: Setting CVar [[foliage.DensityScale:0.8]]
[2019.04.30-00.21.44:113][705]LogConfig: Setting CVar [[grass.DensityScale:0.8]]
[2019.04.30-00.21.47:321][862]LogMaterial: Display: Missing cached shader map for material WorldGridMaterial, compiling. Is special engine material.
[2019.04.30-00.22.52:010][862]LogShaderCompilers: Display: Shaders left to compile 760
[2019.04.30-00.22.52:010][862]LogShaderCompilers: Display: Shaders left to compile 750
[2019.04.30-00.22.52:010][862]LogShaderCompilers: Display: Shaders left to compile 740
[2019.04.30-00.22.52:010][862]LogShaderCompilers: Display: Shaders left to compile 730
[2019.04.30-00.22.52:010][862]LogShaderCompilers: Display: Shaders left to compile 720
[2019.04.30-00.22.52:010][862]LogShaderCompilers: Display: Shaders left to compile 710
[2019.04.30-00.22.52:010][862]LogShaderCompilers: Display: Shaders left to compile 700
[2019.04.30-00.22.52:010][862]LogShaderCompilers: Display: Shaders left to compile 690
[2019.04.30-00.22.52:010][862]LogShaderCompilers: Display: Shaders left to compile 680
[2019.04.30-00.22.52:010][862]LogShaderCompilers: Display: Shaders left to compile 670
[2019.04.30-00.22.52:010][862]LogShaderCompilers: Display: Shaders left to compile 660
[2019.04.30-00.22.52:010][862]LogShaderCompilers: Display: Shaders left to compile 650
[2019.04.30-00.22.52:010][862]LogShaderCompilers: Display: Shaders left to compile 640
[2019.04.30-00.22.52:010][862]LogShaderCompilers: Display: Shaders left to compile 630
[2019.04.30-00.22.52:010][862]LogShaderCompilers: Display: Shaders left to compile 620
[2019.04.30-00.22.52:010][862]LogShaderCompilers: Display: Shaders left to compile 610
[2019.04.30-00.22.52:010][862]LogShaderCompilers: Display: Shaders left to compile 600
[2019.04.30-00.22.52:010][862]LogShaderCompilers: Display: Shaders left to compile 590
[2019.04.30-00.22.52:010][862]LogShaderCompilers: Display: Shaders left to compile 580
[2019.04.30-00.22.52:010][862]LogShaderCompilers: Display: Shaders left to compile 570
[2019.04.30-00.22.52:010][862]LogShaderCompilers: Display: Shaders left to compile 560
[2019.04.30-00.22.52:010][862]LogShaderCompilers: Display: Shaders left to compile 550
[2019.04.30-00.22.52:010][862]LogShaderCompilers: Display: Shaders left to compile 540
[2019.04.30-00.22.52:010][862]LogShaderCompilers: Display: Shaders left to compile 530
[2019.04.30-00.22.52:010][862]LogShaderCompilers: Display: Shaders left to compile 520
[2019.04.30-00.22.52:010][862]LogShaderCompilers: Display: Shaders left to compile 510
[2019.04.30-00.22.52:010][862]LogShaderCompilers: Display: Shaders left to compile 500
[2019.04.30-00.22.52:010][862]LogShaderCompilers: Display: Shaders left to compile 490
[2019.04.30-00.22.52:010][862]LogShaderCompilers: Display: Shaders left to compile 480
[2019.04.30-00.22.52:010][862]LogShaderCompilers: Display: Shaders left to compile 470
[2019.04.30-00.22.52:010][862]LogShaderCompilers: Display: Shaders left to compile 460
[2019.04.30-00.22.52:010][862]LogShaderCompilers: Display: Shaders left to compile 450
[2019.04.30-00.22.52:010][862]LogShaderCompilers: Display: Shaders left to compile 440
[2019.04.30-00.22.52:010][862]LogShaderCompilers: Display: Shaders left to compile 430
[2019.04.30-00.22.52:010][862]LogShaderCompilers: Display: Shaders left to compile 420
[2019.04.30-00.22.52:010][862]LogShaderCompilers: Display: Shaders left to compile 410
[2019.04.30-00.22.52:010][862]LogShaderCompilers: Display: Shaders left to compile 400
[2019.04.30-00.22.52:010][862]LogShaderCompilers: Display: Shaders left to compile 390
[2019.04.30-00.22.52:010][862]LogShaderCompilers: Display: Shaders left to compile 380
[2019.04.30-00.22.52:010][862]LogShaderCompilers: Display: Shaders left to compile 370
[2019.04.30-00.22.52:010][862]LogShaderCompilers: Display: Shaders left to compile 360
[2019.04.30-00.22.52:010][862]LogShaderCompilers: Display: Shaders left to compile 350
[2019.04.30-00.22.52:010][862]LogShaderCompilers: Display: Shaders left to compile 340
[2019.04.30-00.22.52:010][862]LogShaderCompilers: Display: Shaders left to compile 330
[2019.04.30-00.22.52:010][862]LogShaderCompilers: Display: Shaders left to compile 320
[2019.04.30-00.22.52:010][862]LogShaderCompilers: Display: Shaders left to compile 310
[2019.04.30-00.22.52:010][862]LogShaderCompilers: Display: Shaders left to compile 300
[2019.04.30-00.22.52:010][862]LogShaderCompilers: Display: Shaders left to compile 290
[2019.04.30-00.22.52:010][862]LogShaderCompilers: Display: Shaders left to compile 280
[2019.04.30-00.22.52:010][862]LogShaderCompilers: Display: Shaders left to compile 270
[2019.04.30-00.22.52:010][862]LogShaderCompilers: Display: Shaders left to compile 260
[2019.04.30-00.22.52:010][862]LogShaderCompilers: Display: Shaders left to compile 250
[2019.04.30-00.22.52:010][862]LogShaderCompilers: Display: Shaders left to compile 240
[2019.04.30-00.22.52:010][862]LogShaderCompilers: Display: Shaders left to compile 230
[2019.04.30-00.22.52:010][862]LogShaderCompilers: Display: Shaders left to compile 220
[2019.04.30-00.22.52:010][862]LogShaderCompilers: Display: Shaders left to compile 210
[2019.04.30-00.22.52:010][862]LogShaderCompilers: Display: Shaders left to compile 200
[2019.04.30-00.22.52:010][862]LogShaderCompilers: Display: Shaders left to compile 190
[2019.04.30-00.22.52:010][862]LogShaderCompilers: Display: Shaders left to compile 180
[2019.04.30-00.22.52:010][862]LogShaderCompilers: Display: Shaders left to compile 170
[2019.04.30-00.22.52:010][862]LogShaderCompilers: Display: Shaders left to compile 160
[2019.04.30-00.22.52:010][862]LogShaderCompilers: Display: Shaders left to compile 150
[2019.04.30-00.22.52:010][862]LogShaderCompilers: Display: Shaders left to compile 140
[2019.04.30-00.22.52:010][862]LogShaderCompilers: Display: Shaders left to compile 130
[2019.04.30-00.22.52:010][862]LogShaderCompilers: Display: Shaders left to compile 120
[2019.04.30-00.22.52:010][862]LogShaderCompilers: Display: Shaders left to compile 110
[2019.04.30-00.22.52:011][862]LogShaderCompilers: Display: Shaders left to compile 100
[2019.04.30-00.22.52:011][862]LogShaderCompilers: Display: Shaders left to compile 90
[2019.04.30-00.22.52:011][862]LogShaderCompilers: Display: Shaders left to compile 80
[2019.04.30-00.22.52:011][862]LogShaderCompilers: Display: Shaders left to compile 70
[2019.04.30-00.22.52:011][862]LogShaderCompilers: Display: Shaders left to compile 60
[2019.04.30-00.22.52:011][862]LogShaderCompilers: Display: Shaders left to compile 50
[2019.04.30-00.22.52:011][862]LogShaderCompilers: Display: Shaders left to compile 40
[2019.04.30-00.22.52:011][862]LogShaderCompilers: Display: Shaders left to compile 30
[2019.04.30-00.22.52:011][862]LogShaderCompilers: Display: Shaders left to compile 20
[2019.04.30-00.22.52:011][862]LogShaderCompilers: Display: Shaders left to compile 10
[2019.04.30-00.22.52:011][862]LogMaterial: Display: Missing cached shader map for material DefaultDeferredDecalMaterial, compiling. 
[2019.04.30-00.23.09:345][862]LogShaderCompilers: Display: Shaders left to compile 100
[2019.04.30-00.23.09:345][862]LogShaderCompilers: Display: Shaders left to compile 90
[2019.04.30-00.23.09:345][862]LogShaderCompilers: Display: Shaders left to compile 80
[2019.04.30-00.23.09:345][862]LogShaderCompilers: Display: Shaders left to compile 70
[2019.04.30-00.23.09:345][862]LogShaderCompilers: Display: Shaders left to compile 60
[2019.04.30-00.23.09:345][862]LogShaderCompilers: Display: Shaders left to compile 50
[2019.04.30-00.23.09:345][862]LogShaderCompilers: Display: Shaders left to compile 40
[2019.04.30-00.23.09:345][862]LogShaderCompilers: Display: Shaders left to compile 30
[2019.04.30-00.23.09:345][862]LogShaderCompilers: Display: Shaders left to compile 20
[2019.04.30-00.23.09:345][862]LogShaderCompilers: Display: Shaders left to compile 10
[2019.04.30-00.23.09:345][862]LogMaterial: Display: Missing cached shader map for material DefaultLightFunctionMaterial, compiling. 
